<?xml version="1.0" encoding="utf-8"?>
<CoverageSession xmlns:xsd="http://www.w3.org/2001/XMLSchema" xmlns:xsi="http://www.w3.org/2001/XMLSchema-instance" Version="0.0.0.0">
  <Summary numSequencePoints="2186" visitedSequencePoints="1808" numBranchPoints="0" visitedBranchPoints="0" sequenceCoverage="82.71" branchCoverage="0.0" maxCyclomaticComplexity="0" minCyclomaticComplexity="0" maxCrapScore="0" minCrapScore="0" visitedClasses="83" numClasses="83" visitedMethods="356" numMethods="356" />
  <Modules>
    <Module>
      <Summary numSequencePoints="2186" visitedSequencePoints="1808" numBranchPoints="0" visitedBranchPoints="0" sequenceCoverage="82.71" branchCoverage="0.0" maxCyclomaticComplexity="0" minCyclomaticComplexity="0" maxCrapScore="0" minCrapScore="0" visitedClasses="83" numClasses="83" visitedMethods="356" numMethods="356" />
      <ModuleTime>0001-01-01T00:00:00</ModuleTime>
      <ModuleName>GameScripts</ModuleName>
      <Files>
        <File uid="1" fullPath="D:/unityProjects/DungeonGame/Assets/Scripts/BackGrounds/StaticBackground.cs" />
        <File uid="2" fullPath="D:/unityProjects/DungeonGame/Assets/Scripts/Blackjack/BlackjackDeck.cs" />
        <File uid="3" fullPath="D:/unityProjects/DungeonGame/Assets/Scripts/Blackjack/BlackjackGame.cs" />
        <File uid="4" fullPath="D:/unityProjects/DungeonGame/Assets/Scripts/Blackjack/BlackjackHand.cs" />
        <File uid="5" fullPath="D:/unityProjects/DungeonGame/Assets/Scripts/Blackjack/BlackjackInteract.cs" />
        <File uid="6" fullPath="D:/unityProjects/DungeonGame/Assets/Scripts/Blackjack/BlackjackUI.cs" />
        <File uid="7" fullPath="D:/unityProjects/DungeonGame/Assets/Scripts/Blackjack/Card.cs" />
        <File uid="8" fullPath="D:/unityProjects/DungeonGame/Assets/Scripts/Boss/Core/Boss.cs" />
        <File uid="9" fullPath="D:/unityProjects/DungeonGame/Assets/Scripts/Boss/Core/BossBrain.cs" />
        <File uid="10" fullPath="D:/unityProjects/DungeonGame/Assets/Scripts/Boss/Core/BossContext.cs" />
        <File uid="11" fullPath="D:/unityProjects/DungeonGame/Assets/Scripts/Boss/Core/BossStateMachine.cs" />
        <File uid="12" fullPath="D:/unityProjects/DungeonGame/Assets/Scripts/Boss/Data/BossData.cs" />
        <File uid="13" fullPath="D:/unityProjects/DungeonGame/Assets/Scripts/Boss/States/AttackState.cs" />
        <File uid="14" fullPath="D:/unityProjects/DungeonGame/Assets/Scripts/Boss/States/ChaseState.cs" />
        <File uid="15" fullPath="D:/unityProjects/DungeonGame/Assets/Scripts/Boss/States/DashState.cs" />
        <File uid="16" fullPath="D:/unityProjects/DungeonGame/Assets/Scripts/Boss/States/DeathState.cs" />
        <File uid="17" fullPath="D:/unityProjects/DungeonGame/Assets/Scripts/Boss/States/IdleState.cs" />
        <File uid="18" fullPath="D:/unityProjects/DungeonGame/Assets/Scripts/Boss/Systems/BossCombat.cs" />
        <File uid="19" fullPath="D:/unityProjects/DungeonGame/Assets/Scripts/Boss/Systems/BossHealth.cs" />
        <File uid="20" fullPath="D:/unityProjects/DungeonGame/Assets/Scripts/Boss/Systems/BossMovement.cs" />
        <File uid="21" fullPath="D:/unityProjects/DungeonGame/Assets/Scripts/Boss/Systems/BossRage.cs" />
        <File uid="22" fullPath="D:/unityProjects/DungeonGame/Assets/Scripts/Camera/PersistentMainCamera.cs" />
        <File uid="23" fullPath="D:/unityProjects/DungeonGame/Assets/Scripts/Camera/RoomController.cs" />
        <File uid="24" fullPath="D:/unityProjects/DungeonGame/Assets/Scripts/Combat/BulletLogic.cs" />
        <File uid="25" fullPath="D:/unityProjects/DungeonGame/Assets/Scripts/Enemy/Behaviour/ChaseBehaviour.cs" />
        <File uid="26" fullPath="D:/unityProjects/DungeonGame/Assets/Scripts/Enemy/Behaviour/RandomFlyingBehaviour.cs" />
        <File uid="27" fullPath="D:/unityProjects/DungeonGame/Assets/Scripts/Enemy/Combat/EnemyDamage.cs" />
        <File uid="28" fullPath="D:/unityProjects/DungeonGame/Assets/Scripts/Enemy/Combat/EnemyHealth.cs" />
        <File uid="29" fullPath="D:/unityProjects/DungeonGame/Assets/Scripts/Enemy/Core/Enemy.cs" />
        <File uid="30" fullPath="D:/unityProjects/DungeonGame/Assets/Scripts/Enemy/Core/EnemyData.cs" />
        <File uid="31" fullPath="D:/unityProjects/DungeonGame/Assets/Scripts/Enemy/Movement/FlyingMovement.cs" />
        <File uid="32" fullPath="D:/unityProjects/DungeonGame/Assets/Scripts/Enemy/Movement/GroundMovement.cs" />
        <File uid="33" fullPath="D:/unityProjects/DungeonGame/Assets/Scripts/Items/ChestInteract.cs" />
        <File uid="34" fullPath="D:/unityProjects/DungeonGame/Assets/Scripts/Items/GameInfoTerminal.cs" />
        <File uid="35" fullPath="D:/unityProjects/DungeonGame/Assets/Scripts/Items/GearPickup.cs" />
        <File uid="36" fullPath="D:/unityProjects/DungeonGame/Assets/Scripts/Items/HealthBox.cs" />
        <File uid="37" fullPath="D:/unityProjects/DungeonGame/Assets/Scripts/Items/UpgradeMachineInteract.cs" />
        <File uid="38" fullPath="D:/unityProjects/DungeonGame/Assets/Scripts/Managers/GameManager/GameManager.cs" />
        <File uid="39" fullPath="D:/unityProjects/DungeonGame/Assets/Scripts/Managers/GameManager/GameSettings.cs" />
        <File uid="40" fullPath="D:/unityProjects/DungeonGame/Assets/Scripts/Managers/GameManager/GameStateManager.cs" />
        <File uid="41" fullPath="D:/unityProjects/DungeonGame/Assets/Scripts/Managers/OtherManager/BackgroundMusic.cs" />
        <File uid="42" fullPath="D:/unityProjects/DungeonGame/Assets/Scripts/Managers/OtherManager/HubSpawnManager.cs" />
        <File uid="43" fullPath="D:/unityProjects/DungeonGame/Assets/Scripts/Managers/OtherManager/VolumeController.cs" />
        <File uid="44" fullPath="D:/unityProjects/DungeonGame/Assets/Scripts/Managers/UIManager/LevelProgressionManager.cs" />
        <File uid="45" fullPath="D:/unityProjects/DungeonGame/Assets/Scripts/Managers/UIManager/MainMenuUI.cs" />
        <File uid="46" fullPath="D:/unityProjects/DungeonGame/Assets/Scripts/Managers/UIManager/PanelController.cs" />
        <File uid="47" fullPath="D:/unityProjects/DungeonGame/Assets/Scripts/Managers/UIManager/UIManager.cs" />
        <File uid="48" fullPath="D:/unityProjects/DungeonGame/Assets/Scripts/MiniMap/MinimapController.cs" />
        <File uid="49" fullPath="D:/unityProjects/DungeonGame/Assets/Scripts/MiniMap/MinimapCoordinateCalculator.cs" />
        <File uid="50" fullPath="D:/unityProjects/DungeonGame/Assets/Scripts/MiniMap/MinimapData.cs" />
        <File uid="51" fullPath="D:/unityProjects/DungeonGame/Assets/Scripts/MiniMap/MinimapInputHandler.cs" />
        <File uid="52" fullPath="D:/unityProjects/DungeonGame/Assets/Scripts/MiniMap/MinimapView.cs" />
        <File uid="53" fullPath="D:/unityProjects/DungeonGame/Assets/Scripts/Player/PlayerCore.cs" />
        <File uid="54" fullPath="D:/unityProjects/DungeonGame/Assets/Scripts/Player/PlayerHealth.cs" />
        <File uid="55" fullPath="D:/unityProjects/DungeonGame/Assets/Scripts/Player/PlayerInteraction.cs" />
        <File uid="56" fullPath="D:/unityProjects/DungeonGame/Assets/Scripts/Player/PlayerMovement.cs" />
        <File uid="57" fullPath="D:/unityProjects/DungeonGame/Assets/Scripts/Player/PlayerShooting.cs" />
        <File uid="58" fullPath="D:/unityProjects/DungeonGame/Assets/Scripts/Player/PlayerStats.cs" />
        <File uid="59" fullPath="D:/unityProjects/DungeonGame/Assets/Scripts/Player/StandardInputProvider.cs" />
        <File uid="60" fullPath="D:/unityProjects/DungeonGame/Assets/Scripts/Rooms/BossRoom/BossRoomController.cs" />
        <File uid="61" fullPath="D:/unityProjects/DungeonGame/Assets/Scripts/Rooms/BossRoom/VentController.cs" />
        <File uid="62" fullPath="D:/unityProjects/DungeonGame/Assets/Scripts/Rooms/BossRoom/VentExit.cs" />
        <File uid="63" fullPath="D:/unityProjects/DungeonGame/Assets/Scripts/Rooms/LevelCreation/LevelEntrance.cs" />
        <File uid="64" fullPath="D:/unityProjects/DungeonGame/Assets/Scripts/Rooms/LevelCreation/LevelGenerator.cs" />
        <File uid="65" fullPath="D:/unityProjects/DungeonGame/Assets/Scripts/Rooms/LevelCreation/LevelLayoutCalculator.cs" />
        <File uid="66" fullPath="D:/unityProjects/DungeonGame/Assets/Scripts/Rooms/NormalRoom/Door.cs" />
        <File uid="67" fullPath="D:/unityProjects/DungeonGame/Assets/Scripts/Rooms/NormalRoom/EnemyManager.cs" />
        <File uid="68" fullPath="D:/unityProjects/DungeonGame/Assets/Scripts/Rooms/NormalRoom/RoomConnector.cs" />
        <File uid="69" fullPath="D:/unityProjects/DungeonGame/Assets/Scripts/Rooms/NormalRoom/Rooms.cs" />
        <File uid="70" fullPath="D:/unityProjects/DungeonGame/Assets/Scripts/Rooms/NormalRoom/RoomTrigger.cs" />
        <File uid="71" fullPath="D:/unityProjects/DungeonGame/Assets/Scripts/UI/Panels/GameOverPanel.cs" />
        <File uid="72" fullPath="D:/unityProjects/DungeonGame/Assets/Scripts/UI/Panels/PausePanel.cs" />
        <File uid="73" fullPath="D:/unityProjects/DungeonGame/Assets/Scripts/UI/Panels/TerminalPanel.cs" />
        <File uid="74" fullPath="D:/unityProjects/DungeonGame/Assets/Scripts/UI/Panels/UpgradePanel.cs" />
        <File uid="75" fullPath="D:/unityProjects/DungeonGame/Assets/Scripts/UI/Panels/WinScreenPanel.cs" />
        <File uid="76" fullPath="D:/unityProjects/DungeonGame/Assets/Scripts/UI/UI/HeartUI.cs" />
        <File uid="77" fullPath="D:/unityProjects/DungeonGame/Assets/Scripts/UI/UI/InteractionUI.cs" />
        <File uid="78" fullPath="D:/unityProjects/DungeonGame/Assets/Scripts/UI/UI/ScrapUI.cs" />
        <File uid="79" fullPath="D:/unityProjects/DungeonGame/Assets/Scripts/UI/UI/TerminalUIController.cs" />
        <File uid="80" fullPath="D:/unityProjects/DungeonGame/Assets/Scripts/Blackjack/BlackjackRewardSystem.cs" />
      </Files>
      <Classes>
        <Class>
          <Summary numSequencePoints="6" visitedSequencePoints="6" numBranchPoints="0" visitedBranchPoints="0" sequenceCoverage="100.0" branchCoverage="0.0" maxCyclomaticComplexity="0" minCyclomaticComplexity="0" maxCrapScore="0" minCrapScore="0" visitedClasses="1" numClasses="1" visitedMethods="2" numMethods="2" />
          <FullName>StaticBackground</FullName>
          <Methods>
            <Method visited="true" cyclomaticComplexity="0" nPathComplexity="0" sequenceCoverage="100.0" branchCoverage="0" crapScore="0" isConstructor="false" isStatic="false" isGetter="false" isSetter="false">
              <Summary numSequencePoints="3" visitedSequencePoints="3" numBranchPoints="0" visitedBranchPoints="0" sequenceCoverage="100.0" branchCoverage="0" maxCyclomaticComplexity="0" minCyclomaticComplexity="0" maxCrapScore="0" minCrapScore="0" visitedClasses="0" numClasses="0" visitedMethods="1" numMethods="1" />
              <MetadataToken>100663297</MetadataToken>
              <Name>System.Void StaticBackground::Start()</Name>
              <FileRef uid="1" />
              <SequencePoints>
                <SequencePoint vc="1" uspid="3102" ordinal="0" offset="0" sl="8" sc="5" el="8" ec="5" bec="0" bev="0" fileid="1" />
                <SequencePoint vc="1" uspid="3103" ordinal="0" offset="1" sl="9" sc="9" el="9" ec="9" bec="0" bev="0" fileid="1" />
                <SequencePoint vc="1" uspid="3104" ordinal="0" offset="27" sl="10" sc="5" el="10" ec="5" bec="0" bev="0" fileid="1" />
              </SequencePoints>
              <BranchPoints />
            </Method>
            <Method visited="true" cyclomaticComplexity="0" nPathComplexity="0" sequenceCoverage="100.0" branchCoverage="0" crapScore="0" isConstructor="false" isStatic="false" isGetter="false" isSetter="false">
              <Summary numSequencePoints="3" visitedSequencePoints="3" numBranchPoints="0" visitedBranchPoints="0" sequenceCoverage="100.0" branchCoverage="0" maxCyclomaticComplexity="0" minCyclomaticComplexity="0" maxCrapScore="0" minCrapScore="0" visitedClasses="0" numClasses="0" visitedMethods="1" numMethods="1" />
              <MetadataToken>100663298</MetadataToken>
              <Name>System.Void StaticBackground::LateUpdate()</Name>
              <FileRef uid="1" />
              <SequencePoints>
                <SequencePoint vc="94" uspid="3105" ordinal="0" offset="0" sl="13" sc="5" el="13" ec="5" bec="0" bev="0" fileid="1" />
                <SequencePoint vc="94" uspid="3106" ordinal="0" offset="1" sl="14" sc="9" el="14" ec="9" bec="0" bev="0" fileid="1" />
                <SequencePoint vc="94" uspid="3107" ordinal="0" offset="19" sl="15" sc="5" el="15" ec="5" bec="0" bev="0" fileid="1" />
              </SequencePoints>
              <BranchPoints />
            </Method>
          </Methods>
        </Class>
        <Class>
          <Summary numSequencePoints="35" visitedSequencePoints="29" numBranchPoints="0" visitedBranchPoints="0" sequenceCoverage="82.86" branchCoverage="0.0" maxCyclomaticComplexity="0" minCyclomaticComplexity="0" maxCrapScore="0" minCrapScore="0" visitedClasses="1" numClasses="1" visitedMethods="4" numMethods="4" />
          <FullName>BlackjackDeck</FullName>
          <Methods>
            <Method visited="true" cyclomaticComplexity="0" nPathComplexity="0" sequenceCoverage="86.67" branchCoverage="0" crapScore="0" isConstructor="false" isStatic="false" isGetter="false" isSetter="false">
              <Summary numSequencePoints="15" visitedSequencePoints="13" numBranchPoints="0" visitedBranchPoints="0" sequenceCoverage="86.67" branchCoverage="0" maxCyclomaticComplexity="0" minCyclomaticComplexity="0" maxCrapScore="0" minCrapScore="0" visitedClasses="0" numClasses="0" visitedMethods="1" numMethods="1" />
              <MetadataToken>100663300</MetadataToken>
              <Name>System.Void BlackjackDeck::Setup(UnityEngine.Sprite[])</Name>
              <FileRef uid="2" />
              <SequencePoints>
                <SequencePoint vc="2" uspid="3108" ordinal="0" offset="0" sl="9" sc="5" el="9" ec="5" bec="0" bev="0" fileid="2" />
                <SequencePoint vc="2" uspid="3109" ordinal="0" offset="1" sl="10" sc="9" el="10" ec="9" bec="0" bev="0" fileid="2" />
                <SequencePoint vc="2" uspid="3110" ordinal="0" offset="13" sl="12" sc="9" el="12" ec="9" bec="0" bev="0" fileid="2" />
                <SequencePoint vc="2" uspid="3111" ordinal="0" offset="14" sl="12" sc="30" el="12" ec="30" bec="0" bev="0" fileid="2" />
                <SequencePoint vc="12" uspid="3112" ordinal="0" offset="20" sl="12" sc="18" el="12" ec="18" bec="0" bev="0" fileid="2" />
                <SequencePoint vc="12" uspid="3113" ordinal="0" offset="24" sl="13" sc="9" el="13" ec="9" bec="0" bev="0" fileid="2" />
                <SequencePoint vc="12" uspid="3114" ordinal="0" offset="25" sl="14" sc="13" el="14" ec="13" bec="0" bev="0" fileid="2" />
                <SequencePoint vc="0" uspid="3115" ordinal="0" offset="38" sl="14" sc="28" el="14" ec="28" bec="0" bev="0" fileid="2" />
                <SequencePoint vc="12" uspid="3116" ordinal="0" offset="40" sl="15" sc="13" el="15" ec="13" bec="0" bev="0" fileid="2" />
                <SequencePoint vc="0" uspid="3117" ordinal="0" offset="62" sl="15" sc="42" el="15" ec="42" bec="0" bev="0" fileid="2" />
                <SequencePoint vc="12" uspid="3118" ordinal="0" offset="64" sl="17" sc="13" el="17" ec="13" bec="0" bev="0" fileid="2" />
                <SequencePoint vc="12" uspid="3119" ordinal="0" offset="77" sl="18" sc="13" el="18" ec="13" bec="0" bev="0" fileid="2" />
                <SequencePoint vc="12" uspid="3120" ordinal="0" offset="102" sl="19" sc="9" el="19" ec="9" bec="0" bev="0" fileid="2" />
                <SequencePoint vc="14" uspid="3121" ordinal="0" offset="107" sl="12" sc="27" el="12" ec="27" bec="0" bev="0" fileid="2" />
                <SequencePoint vc="2" uspid="3122" ordinal="0" offset="113" sl="20" sc="5" el="20" ec="5" bec="0" bev="0" fileid="2" />
              </SequencePoints>
              <BranchPoints />
            </Method>
            <Method visited="true" cyclomaticComplexity="0" nPathComplexity="0" sequenceCoverage="87.50" branchCoverage="0" crapScore="0" isConstructor="false" isStatic="false" isGetter="false" isSetter="false">
              <Summary numSequencePoints="8" visitedSequencePoints="7" numBranchPoints="0" visitedBranchPoints="0" sequenceCoverage="87.50" branchCoverage="0" maxCyclomaticComplexity="0" minCyclomaticComplexity="0" maxCrapScore="0" minCrapScore="0" visitedClasses="0" numClasses="0" visitedMethods="1" numMethods="1" />
              <MetadataToken>100663301</MetadataToken>
              <Name>Card BlackjackDeck::Draw()</Name>
              <FileRef uid="2" />
              <SequencePoints>
                <SequencePoint vc="6" uspid="3123" ordinal="0" offset="0" sl="23" sc="5" el="23" ec="5" bec="0" bev="0" fileid="2" />
                <SequencePoint vc="6" uspid="3124" ordinal="0" offset="1" sl="24" sc="9" el="24" ec="9" bec="0" bev="0" fileid="2" />
                <SequencePoint vc="0" uspid="3125" ordinal="0" offset="19" sl="24" sc="30" el="24" ec="30" bec="0" bev="0" fileid="2" />
                <SequencePoint vc="6" uspid="3126" ordinal="0" offset="23" sl="26" sc="9" el="26" ec="9" bec="0" bev="0" fileid="2" />
                <SequencePoint vc="6" uspid="3127" ordinal="0" offset="41" sl="27" sc="9" el="27" ec="9" bec="0" bev="0" fileid="2" />
                <SequencePoint vc="6" uspid="3128" ordinal="0" offset="54" sl="28" sc="9" el="28" ec="9" bec="0" bev="0" fileid="2" />
                <SequencePoint vc="6" uspid="3129" ordinal="0" offset="67" sl="29" sc="9" el="29" ec="9" bec="0" bev="0" fileid="2" />
                <SequencePoint vc="6" uspid="3130" ordinal="0" offset="71" sl="30" sc="5" el="30" ec="5" bec="0" bev="0" fileid="2" />
              </SequencePoints>
              <BranchPoints />
            </Method>
            <Method visited="true" cyclomaticComplexity="0" nPathComplexity="0" sequenceCoverage="72.73" branchCoverage="0" crapScore="0" isConstructor="false" isStatic="false" isGetter="false" isSetter="false">
              <Summary numSequencePoints="11" visitedSequencePoints="8" numBranchPoints="0" visitedBranchPoints="0" sequenceCoverage="72.73" branchCoverage="0" maxCyclomaticComplexity="0" minCyclomaticComplexity="0" maxCrapScore="0" minCrapScore="0" visitedClasses="0" numClasses="0" visitedMethods="1" numMethods="1" />
              <MetadataToken>100663302</MetadataToken>
              <Name>System.Int32 BlackjackDeck::GetCardValueFromName(System.String)</Name>
              <FileRef uid="2" />
              <SequencePoints>
                <SequencePoint vc="12" uspid="3131" ordinal="0" offset="0" sl="33" sc="5" el="33" ec="5" bec="0" bev="0" fileid="2" />
                <SequencePoint vc="12" uspid="3132" ordinal="0" offset="1" sl="34" sc="9" el="34" ec="9" bec="0" bev="0" fileid="2" />
                <SequencePoint vc="12" uspid="3133" ordinal="0" offset="10" sl="35" sc="9" el="35" ec="9" bec="0" bev="0" fileid="2" />
                <SequencePoint vc="12" uspid="3134" ordinal="0" offset="20" sl="37" sc="9" el="37" ec="9" bec="0" bev="0" fileid="2" />
                <SequencePoint vc="0" uspid="3135" ordinal="0" offset="35" sl="37" sc="26" el="37" ec="26" bec="0" bev="0" fileid="2" />
                <SequencePoint vc="12" uspid="3136" ordinal="0" offset="41" sl="38" sc="9" el="38" ec="9" bec="0" bev="0" fileid="2" />
                <SequencePoint vc="0" uspid="3137" ordinal="0" offset="87" sl="38" sc="56" el="38" ec="56" bec="0" bev="0" fileid="2" />
                <SequencePoint vc="12" uspid="3138" ordinal="0" offset="93" sl="41" sc="9" el="41" ec="9" bec="0" bev="0" fileid="2" />
                <SequencePoint vc="0" uspid="3139" ordinal="0" offset="110" sl="42" sc="13" el="42" ec="13" bec="0" bev="0" fileid="2" />
                <SequencePoint vc="12" uspid="3140" ordinal="0" offset="115" sl="44" sc="9" el="44" ec="9" bec="0" bev="0" fileid="2" />
                <SequencePoint vc="12" uspid="3141" ordinal="0" offset="120" sl="45" sc="5" el="45" ec="5" bec="0" bev="0" fileid="2" />
              </SequencePoints>
              <BranchPoints />
            </Method>
            <Method visited="true" cyclomaticComplexity="0" nPathComplexity="0" sequenceCoverage="100.0" branchCoverage="0" crapScore="0" isConstructor="true" isStatic="false" isGetter="false" isSetter="false">
              <Summary numSequencePoints="1" visitedSequencePoints="1" numBranchPoints="0" visitedBranchPoints="0" sequenceCoverage="100.0" branchCoverage="0" maxCyclomaticComplexity="0" minCyclomaticComplexity="0" maxCrapScore="0" minCrapScore="0" visitedClasses="0" numClasses="0" visitedMethods="1" numMethods="1" />
              <MetadataToken>100663303</MetadataToken>
              <Name>BlackjackDeck::BlackjackDeck()</Name>
              <FileRef uid="2" />
              <SequencePoints>
                <SequencePoint vc="2" uspid="3142" ordinal="0" offset="0" sl="6" sc="5" el="6" ec="5" bec="0" bev="0" fileid="2" />
              </SequencePoints>
              <BranchPoints />
            </Method>
          </Methods>
        </Class>
        <Class>
          <Summary numSequencePoints="24" visitedSequencePoints="23" numBranchPoints="0" visitedBranchPoints="0" sequenceCoverage="95.83" branchCoverage="0.0" maxCyclomaticComplexity="0" minCyclomaticComplexity="0" maxCrapScore="0" minCrapScore="0" visitedClasses="1" numClasses="1" visitedMethods="5" numMethods="5" />
          <FullName>BlackjackGame</FullName>
          <Methods>
            <Method visited="true" cyclomaticComplexity="0" nPathComplexity="0" sequenceCoverage="100.0" branchCoverage="0" crapScore="0" isConstructor="false" isStatic="false" isGetter="false" isSetter="false">
              <Summary numSequencePoints="7" visitedSequencePoints="7" numBranchPoints="0" visitedBranchPoints="0" sequenceCoverage="100.0" branchCoverage="0" maxCyclomaticComplexity="0" minCyclomaticComplexity="0" maxCrapScore="0" minCrapScore="0" visitedClasses="0" numClasses="0" visitedMethods="1" numMethods="1" />
              <MetadataToken>100663304</MetadataToken>
              <Name>System.Void BlackjackGame::Awake()</Name>
              <FileRef uid="3" />
              <SequencePoints>
                <SequencePoint vc="2" uspid="3143" ordinal="0" offset="0" sl="26" sc="5" el="26" ec="5" bec="0" bev="0" fileid="3" />
                <SequencePoint vc="2" uspid="3144" ordinal="0" offset="1" sl="27" sc="9" el="27" ec="9" bec="0" bev="0" fileid="3" />
                <SequencePoint vc="2" uspid="3145" ordinal="0" offset="12" sl="28" sc="9" el="28" ec="9" bec="0" bev="0" fileid="3" />
                <SequencePoint vc="2" uspid="3146" ordinal="0" offset="23" sl="29" sc="9" el="29" ec="9" bec="0" bev="0" fileid="3" />
                <SequencePoint vc="2" uspid="3147" ordinal="0" offset="34" sl="31" sc="9" el="31" ec="9" bec="0" bev="0" fileid="3" />
                <SequencePoint vc="2" uspid="3148" ordinal="0" offset="46" sl="32" sc="9" el="32" ec="9" bec="0" bev="0" fileid="3" />
                <SequencePoint vc="2" uspid="3149" ordinal="0" offset="58" sl="33" sc="5" el="33" ec="5" bec="0" bev="0" fileid="3" />
              </SequencePoints>
              <BranchPoints />
            </Method>
            <Method visited="true" cyclomaticComplexity="0" nPathComplexity="0" sequenceCoverage="100.0" branchCoverage="0" crapScore="0" isConstructor="false" isStatic="false" isGetter="false" isSetter="false">
              <Summary numSequencePoints="5" visitedSequencePoints="5" numBranchPoints="0" visitedBranchPoints="0" sequenceCoverage="100.0" branchCoverage="0" maxCyclomaticComplexity="0" minCyclomaticComplexity="0" maxCrapScore="0" minCrapScore="0" visitedClasses="0" numClasses="0" visitedMethods="1" numMethods="1" />
              <MetadataToken>100663306</MetadataToken>
              <Name>System.Void BlackjackGame::StartBlackjack()</Name>
              <FileRef uid="3" />
              <SequencePoints>
                <SequencePoint vc="2" uspid="3153" ordinal="0" offset="0" sl="41" sc="5" el="41" ec="5" bec="0" bev="0" fileid="3" />
                <SequencePoint vc="2" uspid="3154" ordinal="0" offset="1" sl="42" sc="9" el="42" ec="9" bec="0" bev="0" fileid="3" />
                <SequencePoint vc="2" uspid="3155" ordinal="0" offset="17" sl="43" sc="13" el="43" ec="13" bec="0" bev="0" fileid="3" />
                <SequencePoint vc="2" uspid="3156" ordinal="0" offset="34" sl="45" sc="9" el="45" ec="9" bec="0" bev="0" fileid="3" />
                <SequencePoint vc="2" uspid="3157" ordinal="0" offset="47" sl="46" sc="5" el="46" ec="5" bec="0" bev="0" fileid="3" />
              </SequencePoints>
              <BranchPoints />
            </Method>
            <Method visited="true" cyclomaticComplexity="0" nPathComplexity="0" sequenceCoverage="100.0" branchCoverage="0" crapScore="0" isConstructor="false" isStatic="false" isGetter="false" isSetter="false">
              <Summary numSequencePoints="5" visitedSequencePoints="5" numBranchPoints="0" visitedBranchPoints="0" sequenceCoverage="100.0" branchCoverage="0" maxCyclomaticComplexity="0" minCyclomaticComplexity="0" maxCrapScore="0" minCrapScore="0" visitedClasses="0" numClasses="0" visitedMethods="1" numMethods="1" />
              <MetadataToken>100663308</MetadataToken>
              <Name>System.Void BlackjackGame::UpdateAllScores()</Name>
              <FileRef uid="3" />
              <SequencePoints>
                <SequencePoint vc="7" uspid="3158" ordinal="0" offset="0" sl="78" sc="5" el="78" ec="5" bec="0" bev="0" fileid="3" />
                <SequencePoint vc="7" uspid="3159" ordinal="0" offset="1" sl="79" sc="9" el="79" ec="9" bec="0" bev="0" fileid="3" />
                <SequencePoint vc="7" uspid="3160" ordinal="0" offset="13" sl="80" sc="9" el="80" ec="9" bec="0" bev="0" fileid="3" />
                <SequencePoint vc="7" uspid="3161" ordinal="0" offset="46" sl="84" sc="9" el="84" ec="9" bec="0" bev="0" fileid="3" />
                <SequencePoint vc="7" uspid="3162" ordinal="0" offset="60" sl="85" sc="5" el="85" ec="5" bec="0" bev="0" fileid="3" />
              </SequencePoints>
              <BranchPoints />
            </Method>
            <Method visited="true" cyclomaticComplexity="0" nPathComplexity="0" sequenceCoverage="83.33" branchCoverage="0" crapScore="0" isConstructor="false" isStatic="false" isGetter="false" isSetter="false">
              <Summary numSequencePoints="6" visitedSequencePoints="5" numBranchPoints="0" visitedBranchPoints="0" sequenceCoverage="83.33" branchCoverage="0" maxCyclomaticComplexity="0" minCyclomaticComplexity="0" maxCrapScore="0" minCrapScore="0" visitedClasses="0" numClasses="0" visitedMethods="1" numMethods="1" />
              <MetadataToken>100663314</MetadataToken>
              <Name>System.Void BlackjackGame::Hit()</Name>
              <FileRef uid="3" />
              <SequencePoints>
                <SequencePoint vc="1" uspid="3172" ordinal="0" offset="0" sl="169" sc="5" el="169" ec="5" bec="0" bev="0" fileid="3" />
                <SequencePoint vc="1" uspid="3173" ordinal="0" offset="1" sl="170" sc="9" el="170" ec="9" bec="0" bev="0" fileid="3" />
                <SequencePoint vc="0" uspid="3174" ordinal="0" offset="30" sl="170" sc="56" el="170" ec="56" bec="0" bev="0" fileid="3" />
                <SequencePoint vc="1" uspid="3175" ordinal="0" offset="32" sl="172" sc="9" el="172" ec="9" bec="0" bev="0" fileid="3" />
                <SequencePoint vc="1" uspid="3176" ordinal="0" offset="39" sl="173" sc="9" el="173" ec="9" bec="0" bev="0" fileid="3" />
                <SequencePoint vc="1" uspid="3177" ordinal="0" offset="52" sl="174" sc="5" el="174" ec="5" bec="0" bev="0" fileid="3" />
              </SequencePoints>
              <BranchPoints />
            </Method>
            <Method visited="true" cyclomaticComplexity="0" nPathComplexity="0" sequenceCoverage="100.0" branchCoverage="0" crapScore="0" isConstructor="true" isStatic="false" isGetter="false" isSetter="false">
              <Summary numSequencePoints="1" visitedSequencePoints="1" numBranchPoints="0" visitedBranchPoints="0" sequenceCoverage="100.0" branchCoverage="0" maxCyclomaticComplexity="0" minCyclomaticComplexity="0" maxCrapScore="0" minCrapScore="0" visitedClasses="0" numClasses="0" visitedMethods="1" numMethods="1" />
              <MetadataToken>100663320</MetadataToken>
              <Name>BlackjackGame::BlackjackGame()</Name>
              <FileRef uid="3" />
              <SequencePoints>
                <SequencePoint vc="3" uspid="3200" ordinal="0" offset="0" sl="23" sc="5" el="23" ec="5" bec="0" bev="0" fileid="3" />
              </SequencePoints>
              <BranchPoints />
            </Method>
          </Methods>
        </Class>
        <Class>
          <Summary numSequencePoints="34" visitedSequencePoints="28" numBranchPoints="0" visitedBranchPoints="0" sequenceCoverage="82.35" branchCoverage="0.0" maxCyclomaticComplexity="0" minCyclomaticComplexity="0" maxCrapScore="0" minCrapScore="0" visitedClasses="1" numClasses="1" visitedMethods="6" numMethods="6" />
          <FullName>BlackjackHand</FullName>
          <Methods>
            <Method visited="true" cyclomaticComplexity="0" nPathComplexity="0" sequenceCoverage="100.0" branchCoverage="0" crapScore="0" isConstructor="false" isStatic="false" isGetter="false" isSetter="false">
              <Summary numSequencePoints="3" visitedSequencePoints="3" numBranchPoints="0" visitedBranchPoints="0" sequenceCoverage="100.0" branchCoverage="0" maxCyclomaticComplexity="0" minCyclomaticComplexity="0" maxCrapScore="0" minCrapScore="0" visitedClasses="0" numClasses="0" visitedMethods="1" numMethods="1" />
              <MetadataToken>100663321</MetadataToken>
              <Name>System.Void BlackjackHand::Clear()</Name>
              <FileRef uid="4" />
              <SequencePoints>
                <SequencePoint vc="4" uspid="3201" ordinal="0" offset="0" sl="8" sc="5" el="8" ec="5" bec="0" bev="0" fileid="4" />
                <SequencePoint vc="4" uspid="3202" ordinal="0" offset="1" sl="9" sc="9" el="9" ec="9" bec="0" bev="0" fileid="4" />
                <SequencePoint vc="4" uspid="3203" ordinal="0" offset="13" sl="10" sc="5" el="10" ec="5" bec="0" bev="0" fileid="4" />
              </SequencePoints>
              <BranchPoints />
            </Method>
            <Method visited="true" cyclomaticComplexity="0" nPathComplexity="0" sequenceCoverage="100.0" branchCoverage="0" crapScore="0" isConstructor="false" isStatic="false" isGetter="false" isSetter="false">
              <Summary numSequencePoints="3" visitedSequencePoints="3" numBranchPoints="0" visitedBranchPoints="0" sequenceCoverage="100.0" branchCoverage="0" maxCyclomaticComplexity="0" minCyclomaticComplexity="0" maxCrapScore="0" minCrapScore="0" visitedClasses="0" numClasses="0" visitedMethods="1" numMethods="1" />
              <MetadataToken>100663323</MetadataToken>
              <Name>System.Void BlackjackHand::AddCard(Card)</Name>
              <FileRef uid="4" />
              <SequencePoints>
                <SequencePoint vc="6" uspid="3207" ordinal="0" offset="0" sl="18" sc="5" el="18" ec="5" bec="0" bev="0" fileid="4" />
                <SequencePoint vc="6" uspid="3208" ordinal="0" offset="1" sl="19" sc="9" el="19" ec="9" bec="0" bev="0" fileid="4" />
                <SequencePoint vc="6" uspid="3209" ordinal="0" offset="14" sl="20" sc="5" el="20" ec="5" bec="0" bev="0" fileid="4" />
              </SequencePoints>
              <BranchPoints />
            </Method>
            <Method visited="true" cyclomaticComplexity="0" nPathComplexity="0" sequenceCoverage="100.0" branchCoverage="0" crapScore="0" isConstructor="false" isStatic="false" isGetter="false" isSetter="false">
              <Summary numSequencePoints="3" visitedSequencePoints="3" numBranchPoints="0" visitedBranchPoints="0" sequenceCoverage="100.0" branchCoverage="0" maxCyclomaticComplexity="0" minCyclomaticComplexity="0" maxCrapScore="0" minCrapScore="0" visitedClasses="0" numClasses="0" visitedMethods="1" numMethods="1" />
              <MetadataToken>100663324</MetadataToken>
              <Name>System.Int32 BlackjackHand::GetScore()</Name>
              <FileRef uid="4" />
              <SequencePoints>
                <SequencePoint vc="10" uspid="3210" ordinal="0" offset="0" sl="23" sc="5" el="23" ec="5" bec="0" bev="0" fileid="4" />
                <SequencePoint vc="10" uspid="3211" ordinal="0" offset="1" sl="24" sc="9" el="24" ec="9" bec="0" bev="0" fileid="4" />
                <SequencePoint vc="10" uspid="3212" ordinal="0" offset="11" sl="25" sc="5" el="25" ec="5" bec="0" bev="0" fileid="4" />
              </SequencePoints>
              <BranchPoints />
            </Method>
            <Method visited="true" cyclomaticComplexity="0" nPathComplexity="0" sequenceCoverage="80.00" branchCoverage="0" crapScore="0" isConstructor="false" isStatic="false" isGetter="false" isSetter="false">
              <Summary numSequencePoints="5" visitedSequencePoints="4" numBranchPoints="0" visitedBranchPoints="0" sequenceCoverage="80.00" branchCoverage="0" maxCyclomaticComplexity="0" minCyclomaticComplexity="0" maxCrapScore="0" minCrapScore="0" visitedClasses="0" numClasses="0" visitedMethods="1" numMethods="1" />
              <MetadataToken>100663325</MetadataToken>
              <Name>System.Int32 BlackjackHand::GetScoreWithoutFirstCard()</Name>
              <FileRef uid="4" />
              <SequencePoints>
                <SequencePoint vc="5" uspid="3213" ordinal="0" offset="0" sl="28" sc="5" el="28" ec="5" bec="0" bev="0" fileid="4" />
                <SequencePoint vc="5" uspid="3214" ordinal="0" offset="1" sl="29" sc="9" el="29" ec="9" bec="0" bev="0" fileid="4" />
                <SequencePoint vc="5" uspid="3215" ordinal="0" offset="22" sl="30" sc="13" el="30" ec="13" bec="0" bev="0" fileid="4" />
                <SequencePoint vc="0" uspid="3216" ordinal="0" offset="26" sl="32" sc="9" el="32" ec="9" bec="0" bev="0" fileid="4" />
                <SequencePoint vc="5" uspid="3217" ordinal="0" offset="36" sl="33" sc="5" el="33" ec="5" bec="0" bev="0" fileid="4" />
              </SequencePoints>
              <BranchPoints />
            </Method>
            <Method visited="true" cyclomaticComplexity="0" nPathComplexity="0" sequenceCoverage="73.68" branchCoverage="0" crapScore="0" isConstructor="false" isStatic="false" isGetter="false" isSetter="false">
              <Summary numSequencePoints="19" visitedSequencePoints="14" numBranchPoints="0" visitedBranchPoints="0" sequenceCoverage="73.68" branchCoverage="0" maxCyclomaticComplexity="0" minCyclomaticComplexity="0" maxCrapScore="0" minCrapScore="0" visitedClasses="0" numClasses="0" visitedMethods="1" numMethods="1" />
              <MetadataToken>100663326</MetadataToken>
              <Name>System.Int32 BlackjackHand::ComputeScore(System.Int32)</Name>
              <FileRef uid="4" />
              <SequencePoints>
                <SequencePoint vc="10" uspid="3218" ordinal="0" offset="0" sl="36" sc="5" el="36" ec="5" bec="0" bev="0" fileid="4" />
                <SequencePoint vc="10" uspid="3219" ordinal="0" offset="1" sl="37" sc="9" el="37" ec="9" bec="0" bev="0" fileid="4" />
                <SequencePoint vc="10" uspid="3220" ordinal="0" offset="3" sl="38" sc="9" el="38" ec="9" bec="0" bev="0" fileid="4" />
                <SequencePoint vc="10" uspid="3221" ordinal="0" offset="5" sl="40" sc="14" el="40" ec="14" bec="0" bev="0" fileid="4" />
                <SequencePoint vc="15" uspid="3222" ordinal="0" offset="9" sl="41" sc="9" el="41" ec="9" bec="0" bev="0" fileid="4" />
                <SequencePoint vc="15" uspid="3223" ordinal="0" offset="10" sl="42" sc="13" el="42" ec="13" bec="0" bev="0" fileid="4" />
                <SequencePoint vc="15" uspid="3224" ordinal="0" offset="23" sl="43" sc="13" el="43" ec="13" bec="0" bev="0" fileid="4" />
                <SequencePoint vc="15" uspid="3225" ordinal="0" offset="32" sl="44" sc="13" el="44" ec="13" bec="0" bev="0" fileid="4" />
                <SequencePoint vc="0" uspid="3226" ordinal="0" offset="48" sl="44" sc="32" el="44" ec="32" bec="0" bev="0" fileid="4" />
                <SequencePoint vc="15" uspid="3227" ordinal="0" offset="52" sl="45" sc="9" el="45" ec="9" bec="0" bev="0" fileid="4" />
                <SequencePoint vc="15" uspid="3228" ordinal="0" offset="53" sl="40" sc="51" el="40" ec="51" bec="0" bev="0" fileid="4" />
                <SequencePoint vc="25" uspid="3229" ordinal="0" offset="57" sl="40" sc="34" el="40" ec="34" bec="0" bev="0" fileid="4" />
                <SequencePoint vc="0" uspid="3230" ordinal="0" offset="79" sl="48" sc="9" el="48" ec="9" bec="0" bev="0" fileid="4" />
                <SequencePoint vc="0" uspid="3231" ordinal="0" offset="80" sl="49" sc="13" el="49" ec="13" bec="0" bev="0" fileid="4" />
                <SequencePoint vc="0" uspid="3232" ordinal="0" offset="85" sl="50" sc="13" el="50" ec="13" bec="0" bev="0" fileid="4" />
                <SequencePoint vc="0" uspid="3233" ordinal="0" offset="89" sl="51" sc="9" el="51" ec="9" bec="0" bev="0" fileid="4" />
                <SequencePoint vc="10" uspid="3234" ordinal="0" offset="90" sl="47" sc="9" el="47" ec="9" bec="0" bev="0" fileid="4" />
                <SequencePoint vc="10" uspid="3235" ordinal="0" offset="108" sl="53" sc="9" el="53" ec="9" bec="0" bev="0" fileid="4" />
                <SequencePoint vc="10" uspid="3236" ordinal="0" offset="113" sl="54" sc="5" el="54" ec="5" bec="0" bev="0" fileid="4" />
              </SequencePoints>
              <BranchPoints />
            </Method>
            <Method visited="true" cyclomaticComplexity="0" nPathComplexity="0" sequenceCoverage="100.0" branchCoverage="0" crapScore="0" isConstructor="true" isStatic="false" isGetter="false" isSetter="false">
              <Summary numSequencePoints="1" visitedSequencePoints="1" numBranchPoints="0" visitedBranchPoints="0" sequenceCoverage="100.0" branchCoverage="0" maxCyclomaticComplexity="0" minCyclomaticComplexity="0" maxCrapScore="0" minCrapScore="0" visitedClasses="0" numClasses="0" visitedMethods="1" numMethods="1" />
              <MetadataToken>100663329</MetadataToken>
              <Name>BlackjackHand::BlackjackHand()</Name>
              <FileRef uid="4" />
              <SequencePoints>
                <SequencePoint vc="4" uspid="3239" ordinal="0" offset="0" sl="5" sc="5" el="5" ec="5" bec="0" bev="0" fileid="4" />
              </SequencePoints>
              <BranchPoints />
            </Method>
          </Methods>
        </Class>
        <Class>
          <Summary numSequencePoints="40" visitedSequencePoints="35" numBranchPoints="0" visitedBranchPoints="0" sequenceCoverage="87.50" branchCoverage="0.0" maxCyclomaticComplexity="0" minCyclomaticComplexity="0" maxCrapScore="0" minCrapScore="0" visitedClasses="1" numClasses="1" visitedMethods="6" numMethods="6" />
          <FullName>BlackjackUI</FullName>
          <Methods>
            <Method visited="true" cyclomaticComplexity="0" nPathComplexity="0" sequenceCoverage="90.91" branchCoverage="0" crapScore="0" isConstructor="false" isStatic="false" isGetter="false" isSetter="false">
              <Summary numSequencePoints="11" visitedSequencePoints="10" numBranchPoints="0" visitedBranchPoints="0" sequenceCoverage="90.91" branchCoverage="0" maxCyclomaticComplexity="0" minCyclomaticComplexity="0" maxCrapScore="0" minCrapScore="0" visitedClasses="0" numClasses="0" visitedMethods="1" numMethods="1" />
              <MetadataToken>100663338</MetadataToken>
              <Name>UnityEngine.GameObject BlackjackUI::SpawnCard(UnityEngine.Sprite, UnityEngine.Transform)</Name>
              <FileRef uid="6" />
              <SequencePoints>
                <SequencePoint vc="6" uspid="3259" ordinal="0" offset="0" sl="29" sc="5" el="29" ec="5" bec="0" bev="0" fileid="6" />
                <SequencePoint vc="6" uspid="3260" ordinal="0" offset="1" sl="30" sc="9" el="30" ec="9" bec="0" bev="0" fileid="6" />
                <SequencePoint vc="6" uspid="3261" ordinal="0" offset="14" sl="32" sc="9" el="32" ec="9" bec="0" bev="0" fileid="6" />
                <SequencePoint vc="6" uspid="3262" ordinal="0" offset="21" sl="33" sc="9" el="33" ec="9" bec="0" bev="0" fileid="6" />
                <SequencePoint vc="6" uspid="3263" ordinal="0" offset="29" sl="35" sc="9" el="35" ec="9" bec="0" bev="0" fileid="6" />
                <SequencePoint vc="6" uspid="3264" ordinal="0" offset="46" sl="36" sc="9" el="36" ec="9" bec="0" bev="0" fileid="6" />
                <SequencePoint vc="6" uspid="3265" ordinal="0" offset="88" sl="38" sc="9" el="38" ec="9" bec="0" bev="0" fileid="6" />
                <SequencePoint vc="0" uspid="3266" ordinal="0" offset="119" sl="39" sc="13" el="39" ec="13" bec="0" bev="0" fileid="6" />
                <SequencePoint vc="6" uspid="3267" ordinal="0" offset="137" sl="41" sc="9" el="41" ec="9" bec="0" bev="0" fileid="6" />
                <SequencePoint vc="6" uspid="3268" ordinal="0" offset="172" sl="45" sc="9" el="45" ec="9" bec="0" bev="0" fileid="6" />
                <SequencePoint vc="6" uspid="3269" ordinal="0" offset="176" sl="46" sc="5" el="46" ec="5" bec="0" bev="0" fileid="6" />
              </SequencePoints>
              <BranchPoints />
            </Method>
            <Method visited="true" cyclomaticComplexity="0" nPathComplexity="0" sequenceCoverage="100.0" branchCoverage="0" crapScore="0" isConstructor="false" isStatic="false" isGetter="false" isSetter="false">
              <Summary numSequencePoints="4" visitedSequencePoints="4" numBranchPoints="0" visitedBranchPoints="0" sequenceCoverage="100.0" branchCoverage="0" maxCyclomaticComplexity="0" minCyclomaticComplexity="0" maxCrapScore="0" minCrapScore="0" visitedClasses="0" numClasses="0" visitedMethods="1" numMethods="1" />
              <MetadataToken>100663340</MetadataToken>
              <Name>System.Void BlackjackUI::SetResult(System.String)</Name>
              <FileRef uid="6" />
              <SequencePoints>
                <SequencePoint vc="2" uspid="3276" ordinal="0" offset="0" sl="68" sc="5" el="68" ec="5" bec="0" bev="0" fileid="6" />
                <SequencePoint vc="2" uspid="3277" ordinal="0" offset="1" sl="69" sc="9" el="69" ec="9" bec="0" bev="0" fileid="6" />
                <SequencePoint vc="2" uspid="3278" ordinal="0" offset="14" sl="70" sc="9" el="70" ec="9" bec="0" bev="0" fileid="6" />
                <SequencePoint vc="2" uspid="3279" ordinal="0" offset="69" sl="71" sc="5" el="71" ec="5" bec="0" bev="0" fileid="6" />
              </SequencePoints>
              <BranchPoints />
            </Method>
            <Method visited="true" cyclomaticComplexity="0" nPathComplexity="0" sequenceCoverage="66.67" branchCoverage="0" crapScore="0" isConstructor="false" isStatic="false" isGetter="false" isSetter="false">
              <Summary numSequencePoints="12" visitedSequencePoints="8" numBranchPoints="0" visitedBranchPoints="0" sequenceCoverage="66.67" branchCoverage="0" maxCyclomaticComplexity="0" minCyclomaticComplexity="0" maxCrapScore="0" minCrapScore="0" visitedClasses="0" numClasses="0" visitedMethods="1" numMethods="1" />
              <MetadataToken>100663341</MetadataToken>
              <Name>System.Void BlackjackUI::ClearTable()</Name>
              <FileRef uid="6" />
              <SequencePoints>
                <SequencePoint vc="2" uspid="3280" ordinal="0" offset="0" sl="74" sc="5" el="74" ec="5" bec="0" bev="0" fileid="6" />
                <SequencePoint vc="2" uspid="3281" ordinal="0" offset="1" sl="75" sc="9" el="75" ec="9" bec="0" bev="0" fileid="6" />
                <SequencePoint vc="2" uspid="3282" ordinal="0" offset="2" sl="75" sc="37" el="75" ec="37" bec="0" bev="0" fileid="6" />
                <SequencePoint vc="0" uspid="3283" ordinal="0" offset="16" sl="75" sc="18" el="75" ec="18" bec="0" bev="0" fileid="6" />
                <SequencePoint vc="0" uspid="3284" ordinal="0" offset="28" sl="76" sc="13" el="76" ec="13" bec="0" bev="0" fileid="6" />
                <SequencePoint vc="2" uspid="3285" ordinal="0" offset="40" sl="75" sc="34" el="75" ec="34" bec="0" bev="0" fileid="6" />
                <SequencePoint vc="2" uspid="3286" ordinal="0" offset="68" sl="78" sc="9" el="78" ec="9" bec="0" bev="0" fileid="6" />
                <SequencePoint vc="2" uspid="3287" ordinal="0" offset="69" sl="78" sc="37" el="78" ec="37" bec="0" bev="0" fileid="6" />
                <SequencePoint vc="0" uspid="3288" ordinal="0" offset="83" sl="78" sc="18" el="78" ec="18" bec="0" bev="0" fileid="6" />
                <SequencePoint vc="0" uspid="3289" ordinal="0" offset="96" sl="79" sc="13" el="79" ec="13" bec="0" bev="0" fileid="6" />
                <SequencePoint vc="2" uspid="3290" ordinal="0" offset="109" sl="78" sc="34" el="78" ec="34" bec="0" bev="0" fileid="6" />
                <SequencePoint vc="2" uspid="3291" ordinal="0" offset="137" sl="80" sc="5" el="80" ec="5" bec="0" bev="0" fileid="6" />
              </SequencePoints>
              <BranchPoints />
            </Method>
            <Method visited="true" cyclomaticComplexity="0" nPathComplexity="0" sequenceCoverage="100.0" branchCoverage="0" crapScore="0" isConstructor="false" isStatic="false" isGetter="false" isSetter="false">
              <Summary numSequencePoints="4" visitedSequencePoints="4" numBranchPoints="0" visitedBranchPoints="0" sequenceCoverage="100.0" branchCoverage="0" maxCyclomaticComplexity="0" minCyclomaticComplexity="0" maxCrapScore="0" minCrapScore="0" visitedClasses="0" numClasses="0" visitedMethods="1" numMethods="1" />
              <MetadataToken>100663342</MetadataToken>
              <Name>System.Void BlackjackUI::EnableButtons(System.Boolean)</Name>
              <FileRef uid="6" />
              <SequencePoints>
                <SequencePoint vc="2" uspid="3292" ordinal="0" offset="0" sl="83" sc="5" el="83" ec="5" bec="0" bev="0" fileid="6" />
                <SequencePoint vc="2" uspid="3293" ordinal="0" offset="1" sl="84" sc="9" el="84" ec="9" bec="0" bev="0" fileid="6" />
                <SequencePoint vc="2" uspid="3294" ordinal="0" offset="14" sl="85" sc="9" el="85" ec="9" bec="0" bev="0" fileid="6" />
                <SequencePoint vc="2" uspid="3295" ordinal="0" offset="27" sl="86" sc="5" el="86" ec="5" bec="0" bev="0" fileid="6" />
              </SequencePoints>
              <BranchPoints />
            </Method>
            <Method visited="true" cyclomaticComplexity="0" nPathComplexity="0" sequenceCoverage="100.0" branchCoverage="0" crapScore="0" isConstructor="false" isStatic="false" isGetter="false" isSetter="false">
              <Summary numSequencePoints="3" visitedSequencePoints="3" numBranchPoints="0" visitedBranchPoints="0" sequenceCoverage="100.0" branchCoverage="0" maxCyclomaticComplexity="0" minCyclomaticComplexity="0" maxCrapScore="0" minCrapScore="0" visitedClasses="0" numClasses="0" visitedMethods="1" numMethods="1" />
              <MetadataToken>100663343</MetadataToken>
              <Name>System.Void BlackjackUI::SetExitButton(System.Boolean)</Name>
              <FileRef uid="6" />
              <SequencePoints>
                <SequencePoint vc="3" uspid="3296" ordinal="0" offset="0" sl="88" sc="5" el="88" ec="5" bec="0" bev="0" fileid="6" />
                <SequencePoint vc="3" uspid="3297" ordinal="0" offset="1" sl="89" sc="9" el="89" ec="9" bec="0" bev="0" fileid="6" />
                <SequencePoint vc="3" uspid="3298" ordinal="0" offset="14" sl="90" sc="5" el="90" ec="5" bec="0" bev="0" fileid="6" />
              </SequencePoints>
              <BranchPoints />
            </Method>
            <Method visited="true" cyclomaticComplexity="0" nPathComplexity="0" sequenceCoverage="100.0" branchCoverage="0" crapScore="0" isConstructor="false" isStatic="false" isGetter="false" isSetter="false">
              <Summary numSequencePoints="6" visitedSequencePoints="6" numBranchPoints="0" visitedBranchPoints="0" sequenceCoverage="100.0" branchCoverage="0" maxCyclomaticComplexity="0" minCyclomaticComplexity="0" maxCrapScore="0" minCrapScore="0" visitedClasses="0" numClasses="0" visitedMethods="1" numMethods="1" />
              <MetadataToken>100663344</MetadataToken>
              <Name>System.Void BlackjackUI::UpdateScores(System.Int32, System.Int32)</Name>
              <FileRef uid="6" />
              <SequencePoints>
                <SequencePoint vc="9" uspid="3299" ordinal="0" offset="0" sl="93" sc="5" el="93" ec="5" bec="0" bev="0" fileid="6" />
                <SequencePoint vc="9" uspid="3300" ordinal="0" offset="1" sl="94" sc="9" el="94" ec="9" bec="0" bev="0" fileid="6" />
                <SequencePoint vc="9" uspid="3301" ordinal="0" offset="17" sl="95" sc="13" el="95" ec="13" bec="0" bev="0" fileid="6" />
                <SequencePoint vc="9" uspid="3302" ordinal="0" offset="36" sl="97" sc="9" el="97" ec="9" bec="0" bev="0" fileid="6" />
                <SequencePoint vc="9" uspid="3303" ordinal="0" offset="52" sl="98" sc="13" el="98" ec="13" bec="0" bev="0" fileid="6" />
                <SequencePoint vc="9" uspid="3304" ordinal="0" offset="71" sl="99" sc="5" el="99" ec="5" bec="0" bev="0" fileid="6" />
              </SequencePoints>
              <BranchPoints />
            </Method>
          </Methods>
        </Class>
        <Class>
          <Summary numSequencePoints="6" visitedSequencePoints="6" numBranchPoints="0" visitedBranchPoints="0" sequenceCoverage="100.0" branchCoverage="0.0" maxCyclomaticComplexity="0" minCyclomaticComplexity="0" maxCrapScore="0" minCrapScore="0" visitedClasses="1" numClasses="1" visitedMethods="1" numMethods="1" />
          <FullName>Card</FullName>
          <Methods>
            <Method visited="true" cyclomaticComplexity="0" nPathComplexity="0" sequenceCoverage="100.0" branchCoverage="0" crapScore="0" isConstructor="true" isStatic="false" isGetter="false" isSetter="false">
              <Summary numSequencePoints="6" visitedSequencePoints="6" numBranchPoints="0" visitedBranchPoints="0" sequenceCoverage="100.0" branchCoverage="0" maxCyclomaticComplexity="0" minCyclomaticComplexity="0" maxCrapScore="0" minCrapScore="0" visitedClasses="0" numClasses="0" visitedMethods="1" numMethods="1" />
              <MetadataToken>100663346</MetadataToken>
              <Name>Card::Card(System.String, System.Int32, UnityEngine.Sprite)</Name>
              <FileRef uid="7" />
              <SequencePoints>
                <SequencePoint vc="12" uspid="3305" ordinal="0" offset="0" sl="10" sc="5" el="10" ec="5" bec="0" bev="0" fileid="7" />
                <SequencePoint vc="12" uspid="3306" ordinal="0" offset="7" sl="11" sc="5" el="11" ec="5" bec="0" bev="0" fileid="7" />
                <SequencePoint vc="12" uspid="3307" ordinal="0" offset="8" sl="12" sc="9" el="12" ec="9" bec="0" bev="0" fileid="7" />
                <SequencePoint vc="12" uspid="3308" ordinal="0" offset="15" sl="13" sc="9" el="13" ec="9" bec="0" bev="0" fileid="7" />
                <SequencePoint vc="12" uspid="3309" ordinal="0" offset="22" sl="14" sc="9" el="14" ec="9" bec="0" bev="0" fileid="7" />
                <SequencePoint vc="12" uspid="3310" ordinal="0" offset="29" sl="15" sc="5" el="15" ec="5" bec="0" bev="0" fileid="7" />
              </SequencePoints>
              <BranchPoints />
            </Method>
          </Methods>
        </Class>
        <Class>
          <Summary numSequencePoints="56" visitedSequencePoints="48" numBranchPoints="0" visitedBranchPoints="0" sequenceCoverage="85.71" branchCoverage="0.0" maxCyclomaticComplexity="0" minCyclomaticComplexity="0" maxCrapScore="0" minCrapScore="0" visitedClasses="1" numClasses="1" visitedMethods="9" numMethods="9" />
          <FullName>Boss</FullName>
          <Methods>
            <Method visited="true" cyclomaticComplexity="0" nPathComplexity="0" sequenceCoverage="100.0" branchCoverage="0" crapScore="0" isConstructor="false" isStatic="false" isGetter="false" isSetter="false">
              <Summary numSequencePoints="6" visitedSequencePoints="6" numBranchPoints="0" visitedBranchPoints="0" sequenceCoverage="100.0" branchCoverage="0" maxCyclomaticComplexity="0" minCyclomaticComplexity="0" maxCrapScore="0" minCrapScore="0" visitedClasses="0" numClasses="0" visitedMethods="1" numMethods="1" />
              <MetadataToken>100663349</MetadataToken>
              <Name>System.Void Boss::Awake()</Name>
              <FileRef uid="8" />
              <SequencePoints>
                <SequencePoint vc="1" uspid="3311" ordinal="0" offset="0" sl="30" sc="5" el="30" ec="5" bec="0" bev="0" fileid="8" />
                <SequencePoint vc="1" uspid="3312" ordinal="0" offset="1" sl="31" sc="9" el="31" ec="9" bec="0" bev="0" fileid="8" />
                <SequencePoint vc="1" uspid="3313" ordinal="0" offset="8" sl="32" sc="9" el="32" ec="9" bec="0" bev="0" fileid="8" />
                <SequencePoint vc="1" uspid="3314" ordinal="0" offset="15" sl="33" sc="9" el="33" ec="9" bec="0" bev="0" fileid="8" />
                <SequencePoint vc="1" uspid="3315" ordinal="0" offset="22" sl="34" sc="9" el="34" ec="9" bec="0" bev="0" fileid="8" />
                <SequencePoint vc="1" uspid="3316" ordinal="0" offset="29" sl="35" sc="5" el="35" ec="5" bec="0" bev="0" fileid="8" />
              </SequencePoints>
              <BranchPoints />
            </Method>
            <Method visited="true" cyclomaticComplexity="0" nPathComplexity="0" sequenceCoverage="100.0" branchCoverage="0" crapScore="0" isConstructor="false" isStatic="false" isGetter="false" isSetter="false">
              <Summary numSequencePoints="5" visitedSequencePoints="5" numBranchPoints="0" visitedBranchPoints="0" sequenceCoverage="100.0" branchCoverage="0" maxCyclomaticComplexity="0" minCyclomaticComplexity="0" maxCrapScore="0" minCrapScore="0" visitedClasses="0" numClasses="0" visitedMethods="1" numMethods="1" />
              <MetadataToken>100663352</MetadataToken>
              <Name>System.Void Boss::InitializeComponents()</Name>
              <FileRef uid="8" />
              <SequencePoints>
                <SequencePoint vc="1" uspid="3323" ordinal="0" offset="0" sl="48" sc="5" el="48" ec="5" bec="0" bev="0" fileid="8" />
                <SequencePoint vc="1" uspid="3324" ordinal="0" offset="1" sl="49" sc="9" el="49" ec="9" bec="0" bev="0" fileid="8" />
                <SequencePoint vc="1" uspid="3325" ordinal="0" offset="13" sl="50" sc="9" el="50" ec="9" bec="0" bev="0" fileid="8" />
                <SequencePoint vc="1" uspid="3326" ordinal="0" offset="24" sl="51" sc="9" el="51" ec="9" bec="0" bev="0" fileid="8" />
                <SequencePoint vc="1" uspid="3327" ordinal="0" offset="41" sl="52" sc="5" el="52" ec="5" bec="0" bev="0" fileid="8" />
              </SequencePoints>
              <BranchPoints />
            </Method>
            <Method visited="true" cyclomaticComplexity="0" nPathComplexity="0" sequenceCoverage="66.67" branchCoverage="0" crapScore="0" isConstructor="false" isStatic="false" isGetter="false" isSetter="false">
              <Summary numSequencePoints="12" visitedSequencePoints="8" numBranchPoints="0" visitedBranchPoints="0" sequenceCoverage="66.67" branchCoverage="0" maxCyclomaticComplexity="0" minCyclomaticComplexity="0" maxCrapScore="0" minCrapScore="0" visitedClasses="0" numClasses="0" visitedMethods="1" numMethods="1" />
              <MetadataToken>100663353</MetadataToken>
              <Name>System.Void Boss::ApplyDifficultyMultiplier()</Name>
              <FileRef uid="8" />
              <SequencePoints>
                <SequencePoint vc="1" uspid="3328" ordinal="0" offset="0" sl="55" sc="5" el="55" ec="5" bec="0" bev="0" fileid="8" />
                <SequencePoint vc="1" uspid="3329" ordinal="0" offset="1" sl="56" sc="9" el="56" ec="9" bec="0" bev="0" fileid="8" />
                <SequencePoint vc="1" uspid="3330" ordinal="0" offset="33" sl="57" sc="9" el="57" ec="9" bec="0" bev="0" fileid="8" />
                <SequencePoint vc="1" uspid="3331" ordinal="0" offset="34" sl="58" sc="13" el="58" ec="13" bec="0" bev="0" fileid="8" />
                <SequencePoint vc="1" uspid="3332" ordinal="0" offset="69" sl="59" sc="13" el="59" ec="13" bec="0" bev="0" fileid="8" />
                <SequencePoint vc="1" uspid="3333" ordinal="0" offset="107" sl="60" sc="13" el="60" ec="13" bec="0" bev="0" fileid="8" />
                <SequencePoint vc="1" uspid="3334" ordinal="0" offset="142" sl="61" sc="13" el="61" ec="13" bec="0" bev="0" fileid="8" />
                <SequencePoint vc="0" uspid="3335" ordinal="0" offset="144" sl="64" sc="9" el="64" ec="9" bec="0" bev="0" fileid="8" />
                <SequencePoint vc="0" uspid="3336" ordinal="0" offset="165" sl="66" sc="9" el="66" ec="9" bec="0" bev="0" fileid="8" />
                <SequencePoint vc="0" uspid="3337" ordinal="0" offset="190" sl="67" sc="9" el="67" ec="9" bec="0" bev="0" fileid="8" />
                <SequencePoint vc="0" uspid="3338" ordinal="0" offset="216" sl="68" sc="9" el="68" ec="9" bec="0" bev="0" fileid="8" />
                <SequencePoint vc="1" uspid="3339" ordinal="0" offset="235" sl="69" sc="5" el="69" ec="5" bec="0" bev="0" fileid="8" />
              </SequencePoints>
              <BranchPoints />
            </Method>
            <Method visited="true" cyclomaticComplexity="0" nPathComplexity="0" sequenceCoverage="100.0" branchCoverage="0" crapScore="0" isConstructor="false" isStatic="false" isGetter="false" isSetter="false">
              <Summary numSequencePoints="4" visitedSequencePoints="4" numBranchPoints="0" visitedBranchPoints="0" sequenceCoverage="100.0" branchCoverage="0" maxCyclomaticComplexity="0" minCyclomaticComplexity="0" maxCrapScore="0" minCrapScore="0" visitedClasses="0" numClasses="0" visitedMethods="1" numMethods="1" />
              <MetadataToken>100663354</MetadataToken>
              <Name>System.Void Boss::InitializeContext()</Name>
              <FileRef uid="8" />
              <SequencePoints>
                <SequencePoint vc="1" uspid="3340" ordinal="0" offset="0" sl="72" sc="5" el="72" ec="5" bec="0" bev="0" fileid="8" />
                <SequencePoint vc="1" uspid="3341" ordinal="0" offset="1" sl="73" sc="9" el="73" ec="9" bec="0" bev="0" fileid="8" />
                <SequencePoint vc="1" uspid="3342" ordinal="0" offset="24" sl="75" sc="9" el="75" ec="9" bec="0" bev="0" fileid="8" />
                <SequencePoint vc="1" uspid="3343" ordinal="0" offset="199" sl="97" sc="5" el="97" ec="5" bec="0" bev="0" fileid="8" />
              </SequencePoints>
              <BranchPoints />
            </Method>
            <Method visited="true" cyclomaticComplexity="0" nPathComplexity="0" sequenceCoverage="100.0" branchCoverage="0" crapScore="0" isConstructor="false" isStatic="false" isGetter="false" isSetter="false">
              <Summary numSequencePoints="4" visitedSequencePoints="4" numBranchPoints="0" visitedBranchPoints="0" sequenceCoverage="100.0" branchCoverage="0" maxCyclomaticComplexity="0" minCyclomaticComplexity="0" maxCrapScore="0" minCrapScore="0" visitedClasses="0" numClasses="0" visitedMethods="1" numMethods="1" />
              <MetadataToken>100663355</MetadataToken>
              <Name>System.Void Boss::InitializeBrain()</Name>
              <FileRef uid="8" />
              <SequencePoints>
                <SequencePoint vc="1" uspid="3344" ordinal="0" offset="0" sl="100" sc="5" el="100" ec="5" bec="0" bev="0" fileid="8" />
                <SequencePoint vc="1" uspid="3345" ordinal="0" offset="1" sl="101" sc="9" el="101" ec="9" bec="0" bev="0" fileid="8" />
                <SequencePoint vc="1" uspid="3346" ordinal="0" offset="18" sl="102" sc="9" el="102" ec="9" bec="0" bev="0" fileid="8" />
                <SequencePoint vc="1" uspid="3347" ordinal="0" offset="35" sl="103" sc="5" el="103" ec="5" bec="0" bev="0" fileid="8" />
              </SequencePoints>
              <BranchPoints />
            </Method>
            <Method visited="true" cyclomaticComplexity="0" nPathComplexity="0" sequenceCoverage="69.23" branchCoverage="0" crapScore="0" isConstructor="false" isStatic="false" isGetter="false" isSetter="false">
              <Summary numSequencePoints="13" visitedSequencePoints="9" numBranchPoints="0" visitedBranchPoints="0" sequenceCoverage="69.23" branchCoverage="0" maxCyclomaticComplexity="0" minCyclomaticComplexity="0" maxCrapScore="0" minCrapScore="0" visitedClasses="0" numClasses="0" visitedMethods="1" numMethods="1" />
              <MetadataToken>100663356</MetadataToken>
              <Name>System.Void Boss::TakeDamage(System.Int32)</Name>
              <FileRef uid="8" />
              <SequencePoints>
                <SequencePoint vc="1" uspid="3348" ordinal="0" offset="0" sl="106" sc="5" el="106" ec="5" bec="0" bev="0" fileid="8" />
                <SequencePoint vc="1" uspid="3349" ordinal="0" offset="1" sl="107" sc="9" el="107" ec="9" bec="0" bev="0" fileid="8" />
                <SequencePoint vc="0" uspid="3350" ordinal="0" offset="16" sl="108" sc="13" el="108" ec="13" bec="0" bev="0" fileid="8" />
                <SequencePoint vc="1" uspid="3351" ordinal="0" offset="18" sl="110" sc="9" el="110" ec="9" bec="0" bev="0" fileid="8" />
                <SequencePoint vc="1" uspid="3352" ordinal="0" offset="36" sl="111" sc="9" el="111" ec="9" bec="0" bev="0" fileid="8" />
                <SequencePoint vc="1" uspid="3353" ordinal="0" offset="49" sl="113" sc="9" el="113" ec="9" bec="0" bev="0" fileid="8" />
                <SequencePoint vc="1" uspid="3354" ordinal="0" offset="69" sl="114" sc="9" el="114" ec="9" bec="0" bev="0" fileid="8" />
                <SequencePoint vc="1" uspid="3355" ordinal="0" offset="70" sl="115" sc="13" el="115" ec="13" bec="0" bev="0" fileid="8" />
                <SequencePoint vc="1" uspid="3356" ordinal="0" offset="77" sl="116" sc="9" el="116" ec="9" bec="0" bev="0" fileid="8" />
                <SequencePoint vc="0" uspid="3357" ordinal="0" offset="80" sl="118" sc="9" el="118" ec="9" bec="0" bev="0" fileid="8" />
                <SequencePoint vc="0" uspid="3358" ordinal="0" offset="81" sl="119" sc="13" el="119" ec="13" bec="0" bev="0" fileid="8" />
                <SequencePoint vc="0" uspid="3359" ordinal="0" offset="88" sl="120" sc="9" el="120" ec="9" bec="0" bev="0" fileid="8" />
                <SequencePoint vc="1" uspid="3360" ordinal="0" offset="89" sl="121" sc="5" el="121" ec="5" bec="0" bev="0" fileid="8" />
              </SequencePoints>
              <BranchPoints />
            </Method>
            <Method visited="true" cyclomaticComplexity="0" nPathComplexity="0" sequenceCoverage="100.0" branchCoverage="0" crapScore="0" isConstructor="false" isStatic="false" isGetter="false" isSetter="false">
              <Summary numSequencePoints="4" visitedSequencePoints="4" numBranchPoints="0" visitedBranchPoints="0" sequenceCoverage="100.0" branchCoverage="0" maxCyclomaticComplexity="0" minCyclomaticComplexity="0" maxCrapScore="0" minCrapScore="0" visitedClasses="0" numClasses="0" visitedMethods="1" numMethods="1" />
              <MetadataToken>100663357</MetadataToken>
              <Name>System.Void Boss::HandleDeath()</Name>
              <FileRef uid="8" />
              <SequencePoints>
                <SequencePoint vc="1" uspid="3361" ordinal="0" offset="0" sl="124" sc="5" el="124" ec="5" bec="0" bev="0" fileid="8" />
                <SequencePoint vc="1" uspid="3362" ordinal="0" offset="1" sl="125" sc="9" el="125" ec="9" bec="0" bev="0" fileid="8" />
                <SequencePoint vc="1" uspid="3363" ordinal="0" offset="23" sl="126" sc="9" el="126" ec="9" bec="0" bev="0" fileid="8" />
                <SequencePoint vc="1" uspid="3364" ordinal="0" offset="41" sl="127" sc="5" el="127" ec="5" bec="0" bev="0" fileid="8" />
              </SequencePoints>
              <BranchPoints />
            </Method>
            <Method visited="true" cyclomaticComplexity="0" nPathComplexity="0" sequenceCoverage="100.0" branchCoverage="0" crapScore="0" isConstructor="false" isStatic="false" isGetter="false" isSetter="false">
              <Summary numSequencePoints="5" visitedSequencePoints="5" numBranchPoints="0" visitedBranchPoints="0" sequenceCoverage="100.0" branchCoverage="0" maxCyclomaticComplexity="0" minCyclomaticComplexity="0" maxCrapScore="0" minCrapScore="0" visitedClasses="0" numClasses="0" visitedMethods="1" numMethods="1" />
              <MetadataToken>100663360</MetadataToken>
              <Name>System.Void Boss::SetSpriteColor(UnityEngine.Color)</Name>
              <FileRef uid="8" />
              <SequencePoints>
                <SequencePoint vc="3" uspid="3368" ordinal="0" offset="0" sl="144" sc="5" el="144" ec="5" bec="0" bev="0" fileid="8" />
                <SequencePoint vc="3" uspid="3369" ordinal="0" offset="1" sl="145" sc="9" el="145" ec="9" bec="0" bev="0" fileid="8" />
                <SequencePoint vc="3" uspid="3370" ordinal="0" offset="19" sl="146" sc="9" el="146" ec="9" bec="0" bev="0" fileid="8" />
                <SequencePoint vc="3" uspid="3371" ordinal="0" offset="37" sl="147" sc="9" el="147" ec="9" bec="0" bev="0" fileid="8" />
                <SequencePoint vc="3" uspid="3372" ordinal="0" offset="55" sl="148" sc="5" el="148" ec="5" bec="0" bev="0" fileid="8" />
              </SequencePoints>
              <BranchPoints />
            </Method>
            <Method visited="true" cyclomaticComplexity="0" nPathComplexity="0" sequenceCoverage="100.0" branchCoverage="0" crapScore="0" isConstructor="false" isStatic="false" isGetter="false" isSetter="false">
              <Summary numSequencePoints="3" visitedSequencePoints="3" numBranchPoints="0" visitedBranchPoints="0" sequenceCoverage="100.0" branchCoverage="0" maxCyclomaticComplexity="0" minCyclomaticComplexity="0" maxCrapScore="0" minCrapScore="0" visitedClasses="0" numClasses="0" visitedMethods="1" numMethods="1" />
              <MetadataToken>100663361</MetadataToken>
              <Name>System.Void Boss::StartFadeAndDestroy()</Name>
              <FileRef uid="8" />
              <SequencePoints>
                <SequencePoint vc="1" uspid="3373" ordinal="0" offset="0" sl="151" sc="5" el="151" ec="5" bec="0" bev="0" fileid="8" />
                <SequencePoint vc="1" uspid="3374" ordinal="0" offset="1" sl="152" sc="9" el="152" ec="9" bec="0" bev="0" fileid="8" />
                <SequencePoint vc="1" uspid="3375" ordinal="0" offset="14" sl="153" sc="5" el="153" ec="5" bec="0" bev="0" fileid="8" />
              </SequencePoints>
              <BranchPoints />
            </Method>
          </Methods>
        </Class>
        <Class>
          <Summary numSequencePoints="15" visitedSequencePoints="15" numBranchPoints="0" visitedBranchPoints="0" sequenceCoverage="100.0" branchCoverage="0.0" maxCyclomaticComplexity="0" minCyclomaticComplexity="0" maxCrapScore="0" minCrapScore="0" visitedClasses="1" numClasses="1" visitedMethods="4" numMethods="4" />
          <FullName>BossBrain</FullName>
          <Methods>
            <Method visited="true" cyclomaticComplexity="0" nPathComplexity="0" sequenceCoverage="100.0" branchCoverage="0" crapScore="0" isConstructor="false" isStatic="false" isGetter="false" isSetter="false">
              <Summary numSequencePoints="3" visitedSequencePoints="3" numBranchPoints="0" visitedBranchPoints="0" sequenceCoverage="100.0" branchCoverage="0" maxCyclomaticComplexity="0" minCyclomaticComplexity="0" maxCrapScore="0" minCrapScore="0" visitedClasses="0" numClasses="0" visitedMethods="1" numMethods="1" />
              <MetadataToken>100663365</MetadataToken>
              <Name>System.Void BossBrain::Start()</Name>
              <FileRef uid="9" />
              <SequencePoints>
                <SequencePoint vc="1" uspid="3376" ordinal="0" offset="0" sl="15" sc="5" el="15" ec="5" bec="0" bev="0" fileid="9" />
                <SequencePoint vc="1" uspid="3377" ordinal="0" offset="1" sl="16" sc="9" el="16" ec="9" bec="0" bev="0" fileid="9" />
                <SequencePoint vc="1" uspid="3378" ordinal="0" offset="13" sl="17" sc="5" el="17" ec="5" bec="0" bev="0" fileid="9" />
              </SequencePoints>
              <BranchPoints />
            </Method>
            <Method visited="true" cyclomaticComplexity="0" nPathComplexity="0" sequenceCoverage="100.0" branchCoverage="0" crapScore="0" isConstructor="false" isStatic="false" isGetter="false" isSetter="false">
              <Summary numSequencePoints="4" visitedSequencePoints="4" numBranchPoints="0" visitedBranchPoints="0" sequenceCoverage="100.0" branchCoverage="0" maxCyclomaticComplexity="0" minCyclomaticComplexity="0" maxCrapScore="0" minCrapScore="0" visitedClasses="0" numClasses="0" visitedMethods="1" numMethods="1" />
              <MetadataToken>100663366</MetadataToken>
              <Name>System.Void BossBrain::Update()</Name>
              <FileRef uid="9" />
              <SequencePoints>
                <SequencePoint vc="2" uspid="3379" ordinal="0" offset="0" sl="20" sc="5" el="20" ec="5" bec="0" bev="0" fileid="9" />
                <SequencePoint vc="2" uspid="3380" ordinal="0" offset="1" sl="21" sc="9" el="21" ec="9" bec="0" bev="0" fileid="9" />
                <SequencePoint vc="2" uspid="3381" ordinal="0" offset="24" sl="23" sc="9" el="23" ec="9" bec="0" bev="0" fileid="9" />
                <SequencePoint vc="2" uspid="3382" ordinal="0" offset="42" sl="24" sc="5" el="24" ec="5" bec="0" bev="0" fileid="9" />
              </SequencePoints>
              <BranchPoints />
            </Method>
            <Method visited="true" cyclomaticComplexity="0" nPathComplexity="0" sequenceCoverage="100.0" branchCoverage="0" crapScore="0" isConstructor="false" isStatic="false" isGetter="false" isSetter="false">
              <Summary numSequencePoints="3" visitedSequencePoints="3" numBranchPoints="0" visitedBranchPoints="0" sequenceCoverage="100.0" branchCoverage="0" maxCyclomaticComplexity="0" minCyclomaticComplexity="0" maxCrapScore="0" minCrapScore="0" visitedClasses="0" numClasses="0" visitedMethods="1" numMethods="1" />
              <MetadataToken>100663367</MetadataToken>
              <Name>System.Void BossBrain::ChangeState(IBossState)</Name>
              <FileRef uid="9" />
              <SequencePoints>
                <SequencePoint vc="3" uspid="3383" ordinal="0" offset="0" sl="27" sc="5" el="27" ec="5" bec="0" bev="0" fileid="9" />
                <SequencePoint vc="3" uspid="3384" ordinal="0" offset="1" sl="28" sc="9" el="28" ec="9" bec="0" bev="0" fileid="9" />
                <SequencePoint vc="3" uspid="3385" ordinal="0" offset="20" sl="29" sc="5" el="29" ec="5" bec="0" bev="0" fileid="9" />
              </SequencePoints>
              <BranchPoints />
            </Method>
            <Method visited="true" cyclomaticComplexity="0" nPathComplexity="0" sequenceCoverage="100.0" branchCoverage="0" crapScore="0" isConstructor="true" isStatic="false" isGetter="false" isSetter="false">
              <Summary numSequencePoints="5" visitedSequencePoints="5" numBranchPoints="0" visitedBranchPoints="0" sequenceCoverage="100.0" branchCoverage="0" maxCyclomaticComplexity="0" minCyclomaticComplexity="0" maxCrapScore="0" minCrapScore="0" visitedClasses="0" numClasses="0" visitedMethods="1" numMethods="1" />
              <MetadataToken>100663364</MetadataToken>
              <Name>BossBrain::BossBrain(BossContext)</Name>
              <FileRef uid="9" />
              <SequencePoints>
                <SequencePoint vc="2" uspid="3386" ordinal="0" offset="0" sl="7" sc="5" el="7" ec="5" bec="0" bev="0" fileid="9" />
                <SequencePoint vc="2" uspid="3387" ordinal="0" offset="7" sl="8" sc="5" el="8" ec="5" bec="0" bev="0" fileid="9" />
                <SequencePoint vc="2" uspid="3388" ordinal="0" offset="8" sl="9" sc="9" el="9" ec="9" bec="0" bev="0" fileid="9" />
                <SequencePoint vc="2" uspid="3389" ordinal="0" offset="15" sl="11" sc="9" el="11" ec="9" bec="0" bev="0" fileid="9" />
                <SequencePoint vc="2" uspid="3390" ordinal="0" offset="26" sl="12" sc="5" el="12" ec="5" bec="0" bev="0" fileid="9" />
              </SequencePoints>
              <BranchPoints />
            </Method>
          </Methods>
        </Class>
        <Class>
          <Summary numSequencePoints="2" visitedSequencePoints="2" numBranchPoints="0" visitedBranchPoints="0" sequenceCoverage="100.0" branchCoverage="0.0" maxCyclomaticComplexity="0" minCyclomaticComplexity="0" maxCrapScore="0" minCrapScore="0" visitedClasses="1" numClasses="1" visitedMethods="2" numMethods="2" />
          <FullName>BossContext</FullName>
          <Methods>
            <Method visited="true" cyclomaticComplexity="0" nPathComplexity="0" sequenceCoverage="100.0" branchCoverage="0" crapScore="0" isConstructor="false" isStatic="false" isGetter="true" isSetter="false">
              <Summary numSequencePoints="1" visitedSequencePoints="1" numBranchPoints="0" visitedBranchPoints="0" sequenceCoverage="100.0" branchCoverage="0" maxCyclomaticComplexity="0" minCyclomaticComplexity="0" maxCrapScore="0" minCrapScore="0" visitedClasses="0" numClasses="0" visitedMethods="1" numMethods="1" />
              <MetadataToken>100663368</MetadataToken>
              <Name>System.Boolean BossContext::get_IsDead()</Name>
              <FileRef uid="10" />
              <SequencePoints>
                <SequencePoint vc="3" uspid="3391" ordinal="0" offset="0" sl="25" sc="27" el="25" ec="27" bec="0" bev="0" fileid="10" />
              </SequencePoints>
              <BranchPoints />
            </Method>
            <Method visited="true" cyclomaticComplexity="0" nPathComplexity="0" sequenceCoverage="100.0" branchCoverage="0" crapScore="0" isConstructor="true" isStatic="false" isGetter="false" isSetter="false">
              <Summary numSequencePoints="1" visitedSequencePoints="1" numBranchPoints="0" visitedBranchPoints="0" sequenceCoverage="100.0" branchCoverage="0" maxCyclomaticComplexity="0" minCyclomaticComplexity="0" maxCrapScore="0" minCrapScore="0" visitedClasses="0" numClasses="0" visitedMethods="1" numMethods="1" />
              <MetadataToken>100663369</MetadataToken>
              <Name>BossContext::BossContext()</Name>
              <FileRef uid="10" />
              <SequencePoints>
                <SequencePoint vc="2" uspid="3392" ordinal="0" offset="0" sl="24" sc="5" el="24" ec="5" bec="0" bev="0" fileid="10" />
              </SequencePoints>
              <BranchPoints />
            </Method>
          </Methods>
        </Class>
        <Class>
          <Summary numSequencePoints="8" visitedSequencePoints="8" numBranchPoints="0" visitedBranchPoints="0" sequenceCoverage="100.0" branchCoverage="0.0" maxCyclomaticComplexity="0" minCyclomaticComplexity="0" maxCrapScore="0" minCrapScore="0" visitedClasses="1" numClasses="1" visitedMethods="2" numMethods="2" />
          <FullName>BossStateMachine</FullName>
          <Methods>
            <Method visited="true" cyclomaticComplexity="0" nPathComplexity="0" sequenceCoverage="100.0" branchCoverage="0" crapScore="0" isConstructor="false" isStatic="false" isGetter="false" isSetter="false">
              <Summary numSequencePoints="5" visitedSequencePoints="5" numBranchPoints="0" visitedBranchPoints="0" sequenceCoverage="100.0" branchCoverage="0" maxCyclomaticComplexity="0" minCyclomaticComplexity="0" maxCrapScore="0" minCrapScore="0" visitedClasses="0" numClasses="0" visitedMethods="1" numMethods="1" />
              <MetadataToken>100663370</MetadataToken>
              <Name>System.Void BossStateMachine::SetState(IBossState, BossContext)</Name>
              <FileRef uid="11" />
              <SequencePoints>
                <SequencePoint vc="3" uspid="3393" ordinal="0" offset="0" sl="6" sc="5" el="6" ec="5" bec="0" bev="0" fileid="11" />
                <SequencePoint vc="3" uspid="3394" ordinal="0" offset="1" sl="7" sc="9" el="7" ec="9" bec="0" bev="0" fileid="11" />
                <SequencePoint vc="3" uspid="3395" ordinal="0" offset="20" sl="9" sc="9" el="9" ec="9" bec="0" bev="0" fileid="11" />
                <SequencePoint vc="3" uspid="3396" ordinal="0" offset="27" sl="11" sc="9" el="11" ec="9" bec="0" bev="0" fileid="11" />
                <SequencePoint vc="3" uspid="3397" ordinal="0" offset="40" sl="12" sc="5" el="12" ec="5" bec="0" bev="0" fileid="11" />
              </SequencePoints>
              <BranchPoints />
            </Method>
            <Method visited="true" cyclomaticComplexity="0" nPathComplexity="0" sequenceCoverage="100.0" branchCoverage="0" crapScore="0" isConstructor="false" isStatic="false" isGetter="false" isSetter="false">
              <Summary numSequencePoints="3" visitedSequencePoints="3" numBranchPoints="0" visitedBranchPoints="0" sequenceCoverage="100.0" branchCoverage="0" maxCyclomaticComplexity="0" minCyclomaticComplexity="0" maxCrapScore="0" minCrapScore="0" visitedClasses="0" numClasses="0" visitedMethods="1" numMethods="1" />
              <MetadataToken>100663371</MetadataToken>
              <Name>System.Void BossStateMachine::Update(BossContext)</Name>
              <FileRef uid="11" />
              <SequencePoints>
                <SequencePoint vc="2" uspid="3398" ordinal="0" offset="0" sl="15" sc="5" el="15" ec="5" bec="0" bev="0" fileid="11" />
                <SequencePoint vc="2" uspid="3399" ordinal="0" offset="1" sl="16" sc="9" el="16" ec="9" bec="0" bev="0" fileid="11" />
                <SequencePoint vc="2" uspid="3400" ordinal="0" offset="20" sl="17" sc="5" el="17" ec="5" bec="0" bev="0" fileid="11" />
              </SequencePoints>
              <BranchPoints />
            </Method>
          </Methods>
        </Class>
        <Class>
          <Summary numSequencePoints="19" visitedSequencePoints="19" numBranchPoints="0" visitedBranchPoints="0" sequenceCoverage="100.0" branchCoverage="0.0" maxCyclomaticComplexity="0" minCyclomaticComplexity="0" maxCrapScore="0" minCrapScore="0" visitedClasses="1" numClasses="1" visitedMethods="1" numMethods="1" />
          <FullName>BossData</FullName>
          <Methods>
            <Method visited="true" cyclomaticComplexity="0" nPathComplexity="0" sequenceCoverage="100.0" branchCoverage="0" crapScore="0" isConstructor="true" isStatic="false" isGetter="false" isSetter="false">
              <Summary numSequencePoints="19" visitedSequencePoints="19" numBranchPoints="0" visitedBranchPoints="0" sequenceCoverage="100.0" branchCoverage="0" maxCyclomaticComplexity="0" minCyclomaticComplexity="0" maxCrapScore="0" minCrapScore="0" visitedClasses="0" numClasses="0" visitedMethods="1" numMethods="1" />
              <MetadataToken>100663373</MetadataToken>
              <Name>BossData::BossData()</Name>
              <FileRef uid="12" />
              <SequencePoints>
                <SequencePoint vc="2" uspid="3401" ordinal="0" offset="0" sl="6" sc="5" el="6" ec="5" bec="0" bev="0" fileid="12" />
                <SequencePoint vc="2" uspid="3402" ordinal="0" offset="8" sl="7" sc="5" el="7" ec="5" bec="0" bev="0" fileid="12" />
                <SequencePoint vc="2" uspid="3403" ordinal="0" offset="19" sl="8" sc="5" el="8" ec="5" bec="0" bev="0" fileid="12" />
                <SequencePoint vc="2" uspid="3404" ordinal="0" offset="30" sl="9" sc="5" el="9" ec="5" bec="0" bev="0" fileid="12" />
                <SequencePoint vc="2" uspid="3405" ordinal="0" offset="37" sl="10" sc="5" el="10" ec="5" bec="0" bev="0" fileid="12" />
                <SequencePoint vc="2" uspid="3406" ordinal="0" offset="48" sl="12" sc="5" el="12" ec="5" bec="0" bev="0" fileid="12" />
                <SequencePoint vc="2" uspid="3407" ordinal="0" offset="74" sl="15" sc="5" el="15" ec="5" bec="0" bev="0" fileid="12" />
[...]
                <SequencePoint vc="1" uspid="6112" ordinal="0" offset="35" sl="157" sc="9" el="157" ec="9" bec="0" bev="0" fileid="8" />
                <SequencePoint vc="1" uspid="6113" ordinal="0" offset="46" sl="158" sc="9" el="158" ec="9" bec="0" bev="0" fileid="8" />
                <SequencePoint vc="1" uspid="6114" ordinal="0" offset="57" sl="160" sc="9" el="160" ec="9" bec="0" bev="0" fileid="8" />
                <SequencePoint vc="2" uspid="6115" ordinal="0" offset="84" sl="163" sc="9" el="163" ec="9" bec="0" bev="0" fileid="8" />
                <SequencePoint vc="2" uspid="6116" ordinal="0" offset="85" sl="164" sc="13" el="164" ec="13" bec="0" bev="0" fileid="8" />
                <SequencePoint vc="2" uspid="6117" ordinal="0" offset="103" sl="166" sc="13" el="166" ec="13" bec="0" bev="0" fileid="8" />
                <SequencePoint vc="2" uspid="6118" ordinal="0" offset="137" sl="167" sc="13" el="167" ec="13" bec="0" bev="0" fileid="8" />
                <SequencePoint vc="2" uspid="6119" ordinal="0" offset="187" sl="169" sc="13" el="169" ec="13" bec="0" bev="0" fileid="8" />
                <SequencePoint vc="2" uspid="6120" ordinal="0" offset="205" sl="170" sc="13" el="170" ec="13" bec="0" bev="0" fileid="8" />
                <SequencePoint vc="1" uspid="6121" ordinal="0" offset="228" sl="171" sc="9" el="171" ec="9" bec="0" bev="0" fileid="8" />
                <SequencePoint vc="2" uspid="6122" ordinal="0" offset="241" sl="162" sc="9" el="162" ec="9" bec="0" bev="0" fileid="8" />
                <SequencePoint vc="0" uspid="6123" ordinal="0" offset="262" sl="173" sc="9" el="173" ec="9" bec="0" bev="0" fileid="8" />
                <SequencePoint vc="0" uspid="6124" ordinal="0" offset="279" sl="174" sc="5" el="174" ec="5" bec="0" bev="0" fileid="8" />
              </SequencePoints>
              <BranchPoints />
            </Method>
          </Methods>
        </Class>
        <Class>
          <Summary numSequencePoints="6" visitedSequencePoints="4" numBranchPoints="0" visitedBranchPoints="0" sequenceCoverage="66.67" branchCoverage="0.0" maxCyclomaticComplexity="0" minCyclomaticComplexity="0" maxCrapScore="0" minCrapScore="0" visitedClasses="1" numClasses="1" visitedMethods="1" numMethods="1" />
          <FullName>Boss/&lt;HitFlash&gt;d__26</FullName>
          <Methods>
            <Method visited="true" cyclomaticComplexity="0" nPathComplexity="0" sequenceCoverage="66.67" branchCoverage="0" crapScore="0" isConstructor="false" isStatic="false" isGetter="false" isSetter="false">
              <Summary numSequencePoints="6" visitedSequencePoints="4" numBranchPoints="0" visitedBranchPoints="0" sequenceCoverage="66.67" branchCoverage="0" maxCyclomaticComplexity="0" minCyclomaticComplexity="0" maxCrapScore="0" minCrapScore="0" visitedClasses="0" numClasses="0" visitedMethods="1" numMethods="1" />
              <MetadataToken>100663935</MetadataToken>
              <Name>System.Boolean Boss/&lt;HitFlash&gt;d__26::MoveNext()</Name>
              <FileRef uid="8" />
              <SequencePoints>
                <SequencePoint vc="1" uspid="6125" ordinal="0" offset="31" sl="135" sc="5" el="135" ec="5" bec="0" bev="0" fileid="8" />
                <SequencePoint vc="1" uspid="6126" ordinal="0" offset="32" sl="136" sc="9" el="136" ec="9" bec="0" bev="0" fileid="8" />
                <SequencePoint vc="1" uspid="6127" ordinal="0" offset="75" sl="138" sc="9" el="138" ec="9" bec="0" bev="0" fileid="8" />
                <SequencePoint vc="1" uspid="6128" ordinal="0" offset="93" sl="139" sc="9" el="139" ec="9" bec="0" bev="0" fileid="8" />
                <SequencePoint vc="0" uspid="6129" ordinal="0" offset="125" sl="140" sc="9" el="140" ec="9" bec="0" bev="0" fileid="8" />
                <SequencePoint vc="0" uspid="6130" ordinal="0" offset="148" sl="141" sc="5" el="141" ec="5" bec="0" bev="0" fileid="8" />
              </SequencePoints>
              <BranchPoints />
            </Method>
          </Methods>
        </Class>
        <Class>
          <Summary numSequencePoints="16" visitedSequencePoints="14" numBranchPoints="0" visitedBranchPoints="0" sequenceCoverage="87.50" branchCoverage="0.0" maxCyclomaticComplexity="0" minCyclomaticComplexity="0" maxCrapScore="0" minCrapScore="0" visitedClasses="1" numClasses="1" visitedMethods="1" numMethods="1" />
          <FullName>EnemyHealth/&lt;FadeAndDestroy&gt;d__16</FullName>
          <Methods>
            <Method visited="true" cyclomaticComplexity="0" nPathComplexity="0" sequenceCoverage="87.50" branchCoverage="0" crapScore="0" isConstructor="false" isStatic="false" isGetter="false" isSetter="false">
              <Summary numSequencePoints="16" visitedSequencePoints="14" numBranchPoints="0" visitedBranchPoints="0" sequenceCoverage="87.50" branchCoverage="0" maxCyclomaticComplexity="0" minCyclomaticComplexity="0" maxCrapScore="0" minCrapScore="0" visitedClasses="0" numClasses="0" visitedMethods="1" numMethods="1" />
              <MetadataToken>100663941</MetadataToken>
              <Name>System.Boolean EnemyHealth/&lt;FadeAndDestroy&gt;d__16::MoveNext()</Name>
              <FileRef uid="28" />
              <SequencePoints>
                <SequencePoint vc="1" uspid="6131" ordinal="0" offset="34" sl="99" sc="5" el="99" ec="5" bec="0" bev="0" fileid="28" />
                <SequencePoint vc="1" uspid="6132" ordinal="0" offset="35" sl="100" sc="9" el="100" ec="9" bec="0" bev="0" fileid="28" />
                <SequencePoint vc="1" uspid="6133" ordinal="0" offset="46" sl="101" sc="9" el="101" ec="9" bec="0" bev="0" fileid="28" />
                <SequencePoint vc="1" uspid="6134" ordinal="0" offset="57" sl="102" sc="9" el="102" ec="9" bec="0" bev="0" fileid="28" />
                <SequencePoint vc="2" uspid="6135" ordinal="0" offset="110" sl="105" sc="9" el="105" ec="9" bec="0" bev="0" fileid="28" />
                <SequencePoint vc="2" uspid="6136" ordinal="0" offset="111" sl="106" sc="13" el="106" ec="13" bec="0" bev="0" fileid="28" />
                <SequencePoint vc="2" uspid="6137" ordinal="0" offset="129" sl="107" sc="13" el="107" ec="13" bec="0" bev="0" fileid="28" />
                <SequencePoint vc="2" uspid="6138" ordinal="0" offset="150" sl="108" sc="13" el="108" ec="13" bec="0" bev="0" fileid="28" />
                <SequencePoint vc="2" uspid="6139" ordinal="0" offset="151" sl="109" sc="17" el="109" ec="17" bec="0" bev="0" fileid="28" />
                <SequencePoint vc="2" uspid="6140" ordinal="0" offset="185" sl="110" sc="17" el="110" ec="17" bec="0" bev="0" fileid="28" />
                <SequencePoint vc="2" uspid="6141" ordinal="0" offset="246" sl="111" sc="13" el="111" ec="13" bec="0" bev="0" fileid="28" />
                <SequencePoint vc="2" uspid="6142" ordinal="0" offset="247" sl="112" sc="13" el="112" ec="13" bec="0" bev="0" fileid="28" />
                <SequencePoint vc="1" uspid="6143" ordinal="0" offset="270" sl="113" sc="9" el="113" ec="9" bec="0" bev="0" fileid="28" />
                <SequencePoint vc="2" uspid="6144" ordinal="0" offset="271" sl="104" sc="9" el="104" ec="9" bec="0" bev="0" fileid="28" />
                <SequencePoint vc="0" uspid="6145" ordinal="0" offset="292" sl="115" sc="9" el="115" ec="9" bec="0" bev="0" fileid="28" />
                <SequencePoint vc="0" uspid="6146" ordinal="0" offset="309" sl="116" sc="5" el="116" ec="5" bec="0" bev="0" fileid="28" />
              </SequencePoints>
              <BranchPoints />
            </Method>
          </Methods>
        </Class>
        <Class>
          <Summary numSequencePoints="7" visitedSequencePoints="4" numBranchPoints="0" visitedBranchPoints="0" sequenceCoverage="57.14" branchCoverage="0.0" maxCyclomaticComplexity="0" minCyclomaticComplexity="0" maxCrapScore="0" minCrapScore="0" visitedClasses="1" numClasses="1" visitedMethods="1" numMethods="1" />
          <FullName>EnemyHealth/&lt;HitFlash&gt;d__14</FullName>
          <Methods>
            <Method visited="true" cyclomaticComplexity="0" nPathComplexity="0" sequenceCoverage="57.14" branchCoverage="0" crapScore="0" isConstructor="false" isStatic="false" isGetter="false" isSetter="false">
              <Summary numSequencePoints="7" visitedSequencePoints="4" numBranchPoints="0" visitedBranchPoints="0" sequenceCoverage="57.14" branchCoverage="0" maxCyclomaticComplexity="0" minCyclomaticComplexity="0" maxCrapScore="0" minCrapScore="0" visitedClasses="0" numClasses="0" visitedMethods="1" numMethods="1" />
              <MetadataToken>100663947</MetadataToken>
              <Name>System.Boolean EnemyHealth/&lt;HitFlash&gt;d__14::MoveNext()</Name>
              <FileRef uid="28" />
              <SequencePoints>
                <SequencePoint vc="1" uspid="6147" ordinal="0" offset="31" sl="49" sc="5" el="49" ec="5" bec="0" bev="0" fileid="28" />
                <SequencePoint vc="1" uspid="6148" ordinal="0" offset="32" sl="50" sc="9" el="50" ec="9" bec="0" bev="0" fileid="28" />
                <SequencePoint vc="0" uspid="6149" ordinal="0" offset="53" sl="50" sc="25" el="50" ec="25" bec="0" bev="0" fileid="28" />
                <SequencePoint vc="1" uspid="6150" ordinal="0" offset="55" sl="51" sc="9" el="51" ec="9" bec="0" bev="0" fileid="28" />
                <SequencePoint vc="1" uspid="6151" ordinal="0" offset="83" sl="52" sc="9" el="52" ec="9" bec="0" bev="0" fileid="28" />
                <SequencePoint vc="0" uspid="6152" ordinal="0" offset="115" sl="53" sc="9" el="53" ec="9" bec="0" bev="0" fileid="28" />
                <SequencePoint vc="0" uspid="6153" ordinal="0" offset="143" sl="54" sc="5" el="54" ec="5" bec="0" bev="0" fileid="28" />
              </SequencePoints>
              <BranchPoints />
            </Method>
          </Methods>
        </Class>
        <Class>
          <Summary numSequencePoints="4" visitedSequencePoints="2" numBranchPoints="0" visitedBranchPoints="0" sequenceCoverage="50.00" branchCoverage="0.0" maxCyclomaticComplexity="0" minCyclomaticComplexity="0" maxCrapScore="0" minCrapScore="0" visitedClasses="1" numClasses="1" visitedMethods="1" numMethods="1" />
          <FullName>PlayerHealth/&lt;DeathDelaySequence&gt;d__47</FullName>
          <Methods>
            <Method visited="true" cyclomaticComplexity="0" nPathComplexity="0" sequenceCoverage="50.00" branchCoverage="0" crapScore="0" isConstructor="false" isStatic="false" isGetter="false" isSetter="false">
              <Summary numSequencePoints="4" visitedSequencePoints="2" numBranchPoints="0" visitedBranchPoints="0" sequenceCoverage="50.00" branchCoverage="0" maxCyclomaticComplexity="0" minCyclomaticComplexity="0" maxCrapScore="0" minCrapScore="0" visitedClasses="0" numClasses="0" visitedMethods="1" numMethods="1" />
              <MetadataToken>100663959</MetadataToken>
              <Name>System.Boolean PlayerHealth/&lt;DeathDelaySequence&gt;d__47::MoveNext()</Name>
              <FileRef uid="54" />
              <SequencePoints>
                <SequencePoint vc="1" uspid="6158" ordinal="0" offset="31" sl="187" sc="5" el="187" ec="5" bec="0" bev="0" fileid="54" />
                <SequencePoint vc="1" uspid="6159" ordinal="0" offset="32" sl="188" sc="9" el="188" ec="9" bec="0" bev="0" fileid="54" />
                <SequencePoint vc="0" uspid="6160" ordinal="0" offset="70" sl="189" sc="9" el="189" ec="9" bec="0" bev="0" fileid="54" />
                <SequencePoint vc="0" uspid="6161" ordinal="0" offset="93" sl="190" sc="5" el="190" ec="5" bec="0" bev="0" fileid="54" />
              </SequencePoints>
              <BranchPoints />
            </Method>
          </Methods>
        </Class>
        <Class>
          <Summary numSequencePoints="7" visitedSequencePoints="4" numBranchPoints="0" visitedBranchPoints="0" sequenceCoverage="57.14" branchCoverage="0.0" maxCyclomaticComplexity="0" minCyclomaticComplexity="0" maxCrapScore="0" minCrapScore="0" visitedClasses="1" numClasses="1" visitedMethods="1" numMethods="1" />
          <FullName>PlayerHealth/&lt;InvincibilitySequence&gt;d__43</FullName>
          <Methods>
            <Method visited="true" cyclomaticComplexity="0" nPathComplexity="0" sequenceCoverage="57.14" branchCoverage="0" crapScore="0" isConstructor="false" isStatic="false" isGetter="false" isSetter="false">
              <Summary numSequencePoints="7" visitedSequencePoints="4" numBranchPoints="0" visitedBranchPoints="0" sequenceCoverage="57.14" branchCoverage="0" maxCyclomaticComplexity="0" minCyclomaticComplexity="0" maxCrapScore="0" minCrapScore="0" visitedClasses="0" numClasses="0" visitedMethods="1" numMethods="1" />
              <MetadataToken>100663965</MetadataToken>
              <Name>System.Boolean PlayerHealth/&lt;InvincibilitySequence&gt;d__43::MoveNext()</Name>
              <FileRef uid="54" />
              <SequencePoints>
                <SequencePoint vc="2" uspid="6162" ordinal="0" offset="31" sl="148" sc="5" el="148" ec="5" bec="0" bev="0" fileid="54" />
                <SequencePoint vc="2" uspid="6163" ordinal="0" offset="32" sl="149" sc="9" el="149" ec="9" bec="0" bev="0" fileid="54" />
                <SequencePoint vc="2" uspid="6164" ordinal="0" offset="44" sl="150" sc="9" el="150" ec="9" bec="0" bev="0" fileid="54" />
                <SequencePoint vc="2" uspid="6165" ordinal="0" offset="61" sl="152" sc="9" el="152" ec="9" bec="0" bev="0" fileid="54" />
                <SequencePoint vc="0" uspid="6166" ordinal="0" offset="99" sl="154" sc="9" el="154" ec="9" bec="0" bev="0" fileid="54" />
                <SequencePoint vc="0" uspid="6167" ordinal="0" offset="116" sl="155" sc="9" el="155" ec="9" bec="0" bev="0" fileid="54" />
                <SequencePoint vc="0" uspid="6168" ordinal="0" offset="128" sl="156" sc="5" el="156" ec="5" bec="0" bev="0" fileid="54" />
              </SequencePoints>
              <BranchPoints />
            </Method>
          </Methods>
        </Class>
        <Class>
          <Summary numSequencePoints="34" visitedSequencePoints="6" numBranchPoints="0" visitedBranchPoints="0" sequenceCoverage="17.65" branchCoverage="0.0" maxCyclomaticComplexity="0" minCyclomaticComplexity="0" maxCrapScore="0" minCrapScore="0" visitedClasses="1" numClasses="1" visitedMethods="1" numMethods="1" />
          <FullName>EnemyManager/&lt;SpawnAllEnemies&gt;d__9</FullName>
          <Methods>
            <Method visited="true" cyclomaticComplexity="0" nPathComplexity="0" sequenceCoverage="17.65" branchCoverage="0" crapScore="0" isConstructor="false" isStatic="false" isGetter="false" isSetter="false">
              <Summary numSequencePoints="34" visitedSequencePoints="6" numBranchPoints="0" visitedBranchPoints="0" sequenceCoverage="17.65" branchCoverage="0" maxCyclomaticComplexity="0" minCyclomaticComplexity="0" maxCrapScore="0" minCrapScore="0" visitedClasses="0" numClasses="0" visitedMethods="1" numMethods="1" />
              <MetadataToken>100663971</MetadataToken>
              <Name>System.Boolean EnemyManager/&lt;SpawnAllEnemies&gt;d__9::MoveNext()</Name>
              <FileRef uid="67" />
              <SequencePoints>
                <SequencePoint vc="1" uspid="6169" ordinal="0" offset="31" sl="41" sc="5" el="41" ec="5" bec="0" bev="0" fileid="67" />
                <SequencePoint vc="1" uspid="6170" ordinal="0" offset="32" sl="42" sc="9" el="42" ec="9" bec="0" bev="0" fileid="67" />
                <SequencePoint vc="1" uspid="6171" ordinal="0" offset="70" sl="44" sc="9" el="44" ec="9" bec="0" bev="0" fileid="67" />
                <SequencePoint vc="0" uspid="6172" ordinal="0" offset="144" sl="45" sc="9" el="45" ec="9" bec="0" bev="0" fileid="67" />
                <SequencePoint vc="0" uspid="6173" ordinal="0" offset="145" sl="46" sc="13" el="46" ec="13" bec="0" bev="0" fileid="67" />
                <SequencePoint vc="0" uspid="6174" ordinal="0" offset="198" sl="47" sc="13" el="47" ec="13" bec="0" bev="0" fileid="67" />
                <SequencePoint vc="0" uspid="6175" ordinal="0" offset="215" sl="49" sc="13" el="49" ec="13" bec="0" bev="0" fileid="67" />
                <SequencePoint vc="0" uspid="6176" ordinal="0" offset="231" sl="50" sc="13" el="50" ec="13" bec="0" bev="0" fileid="67" />
                <SequencePoint vc="0" uspid="6177" ordinal="0" offset="232" sl="51" sc="17" el="51" ec="17" bec="0" bev="0" fileid="67" />
                <SequencePoint vc="0" uspid="6178" ordinal="0" offset="244" sl="52" sc="17" el="52" ec="17" bec="0" bev="0" fileid="67" />
                <SequencePoint vc="0" uspid="6179" ordinal="0" offset="273" sl="54" sc="17" el="54" ec="17" bec="0" bev="0" fileid="67" />
                <SequencePoint vc="0" uspid="6180" ordinal="0" offset="294" sl="55" sc="17" el="55" ec="17" bec="0" bev="0" fileid="67" />
                <SequencePoint vc="0" uspid="6181" ordinal="0" offset="295" sl="56" sc="21" el="56" ec="21" bec="0" bev="0" fileid="67" />
                <SequencePoint vc="0" uspid="6182" ordinal="0" offset="318" sl="57" sc="17" el="57" ec="17" bec="0" bev="0" fileid="67" />
                <SequencePoint vc="0" uspid="6183" ordinal="0" offset="319" sl="58" sc="13" el="58" ec="13" bec="0" bev="0" fileid="67" />
                <SequencePoint vc="0" uspid="6184" ordinal="0" offset="320" sl="59" sc="9" el="59" ec="9" bec="0" bev="0" fileid="67" />
                <SequencePoint vc="1" uspid="6185" ordinal="0" offset="335" sl="61" sc="9" el="61" ec="9" bec="0" bev="0" fileid="67" />
                <SequencePoint vc="0" uspid="6186" ordinal="0" offset="363" sl="62" sc="9" el="62" ec="9" bec="0" bev="0" fileid="67" />
                <SequencePoint vc="0" uspid="6187" ordinal="0" offset="364" sl="63" sc="13" el="63" ec="13" bec="0" bev="0" fileid="67" />
                <SequencePoint vc="0" uspid="6188" ordinal="0" offset="365" sl="63" sc="46" el="63" ec="46" bec="0" bev="0" fileid="67" />
                <SequencePoint vc="0" uspid="6189" ordinal="0" offset="399" sl="63" sc="22" el="63" ec="22" bec="0" bev="0" fileid="67" />
                <SequencePoint vc="0" uspid="6190" ordinal="0" offset="418" sl="64" sc="13" el="64" ec="13" bec="0" bev="0" fileid="67" />
                <SequencePoint vc="0" uspid="6191" ordinal="0" offset="419" sl="65" sc="17" el="65" ec="17" bec="0" bev="0" fileid="67" />
                <SequencePoint vc="0" uspid="6192" ordinal="0" offset="456" sl="66" sc="17" el="66" ec="17" bec="0" bev="0" fileid="67" />
                <SequencePoint vc="0" uspid="6193" ordinal="0" offset="500" sl="68" sc="17" el="68" ec="17" bec="0" bev="0" fileid="67" />
                <SequencePoint vc="0" uspid="6194" ordinal="0" offset="523" sl="69" sc="17" el="69" ec="17" bec="0" bev="0" fileid="67" />
                <SequencePoint vc="0" uspid="6195" ordinal="0" offset="524" sl="70" sc="21" el="70" ec="21" bec="0" bev="0" fileid="67" />
                <SequencePoint vc="0" uspid="6196" ordinal="0" offset="547" sl="71" sc="21" el="71" ec="21" bec="0" bev="0" fileid="67" />
                <SequencePoint vc="0" uspid="6197" ordinal="0" offset="576" sl="72" sc="17" el="72" ec="17" bec="0" bev="0" fileid="67" />
                <SequencePoint vc="0" uspid="6198" ordinal="0" offset="577" sl="73" sc="13" el="73" ec="13" bec="0" bev="0" fileid="67" />
                <SequencePoint vc="0" uspid="6199" ordinal="0" offset="620" sl="63" sc="43" el="63" ec="43" bec="0" bev="0" fileid="67" />
                <SequencePoint vc="0" uspid="6200" ordinal="0" offset="646" sl="74" sc="9" el="74" ec="9" bec="0" bev="0" fileid="67" />
                <SequencePoint vc="1" uspid="6201" ordinal="0" offset="647" sl="76" sc="9" el="76" ec="9" bec="0" bev="0" fileid="67" />
                <SequencePoint vc="1" uspid="6202" ordinal="0" offset="659" sl="77" sc="5" el="77" ec="5" bec="0" bev="0" fileid="67" />
              </SequencePoints>
              <BranchPoints />
            </Method>
          </Methods>
        </Class>
      </Classes>
    </Module>
  </Modules>
</CoverageSession>