<?xml version="1.0" encoding="utf-8"?>
<CoverageSession xmlns:xsd="http://www.w3.org/2001/XMLSchema" xmlns:xsi="http://www.w3.org/2001/XMLSchema-instance" Version="0.0.0.0">
  <Summary numSequencePoints="981" visitedSequencePoints="735" numBranchPoints="0" visitedBranchPoints="0" sequenceCoverage="74.92" branchCoverage="0.0" maxCyclomaticComplexity="0" minCyclomaticComplexity="0" maxCrapScore="0" minCrapScore="0" visitedClasses="56" numClasses="56" visitedMethods="137" numMethods="137" />
  <Modules>
    <Module>
      <Summary numSequencePoints="981" visitedSequencePoints="735" numBranchPoints="0" visitedBranchPoints="0" sequenceCoverage="74.92" branchCoverage="0.0" maxCyclomaticComplexity="0" minCyclomaticComplexity="0" maxCrapScore="0" minCrapScore="0" visitedClasses="56" numClasses="56" visitedMethods="137" numMethods="137" />
      <ModuleTime>0001-01-01T00:00:00</ModuleTime>
      <ModuleName>GameScripts</ModuleName>
      <Files>
        <File uid="1" fullPath="D:/unityProjects/DungeonGame/Assets/Scripts/BackGrounds/StaticBackground.cs" />
        <File uid="2" fullPath="D:/unityProjects/DungeonGame/Assets/Scripts/Blackjack/BlackjackDeck.cs" />
        <File uid="3" fullPath="D:/unityProjects/DungeonGame/Assets/Scripts/Blackjack/BlackjackGame.cs" />
        <File uid="4" fullPath="D:/unityProjects/DungeonGame/Assets/Scripts/Blackjack/BlackjackHand.cs" />
        <File uid="5" fullPath="D:/unityProjects/DungeonGame/Assets/Scripts/Blackjack/BlackjackInteract.cs" />
        <File uid="6" fullPath="D:/unityProjects/DungeonGame/Assets/Scripts/Blackjack/BlackjackUI.cs" />
        <File uid="7" fullPath="D:/unityProjects/DungeonGame/Assets/Scripts/Blackjack/Card.cs" />
        <File uid="8" fullPath="D:/unityProjects/DungeonGame/Assets/Scripts/Boss/Core/Boss.cs" />
        <File uid="9" fullPath="D:/unityProjects/DungeonGame/Assets/Scripts/Boss/Core/BossBrain.cs" />
        <File uid="10" fullPath="D:/unityProjects/DungeonGame/Assets/Scripts/Boss/Core/BossContext.cs" />
        <File uid="11" fullPath="D:/unityProjects/DungeonGame/Assets/Scripts/Boss/Core/BossStateMachine.cs" />
        <File uid="12" fullPath="D:/unityProjects/DungeonGame/Assets/Scripts/Boss/Data/BossData.cs" />
        <File uid="13" fullPath="D:/unityProjects/DungeonGame/Assets/Scripts/Boss/States/AttackState.cs" />
        <File uid="14" fullPath="D:/unityProjects/DungeonGame/Assets/Scripts/Boss/States/ChaseState.cs" />
        <File uid="15" fullPath="D:/unityProjects/DungeonGame/Assets/Scripts/Boss/States/DashState.cs" />
        <File uid="16" fullPath="D:/unityProjects/DungeonGame/Assets/Scripts/Boss/States/DeathState.cs" />
        <File uid="17" fullPath="D:/unityProjects/DungeonGame/Assets/Scripts/Boss/States/IdleState.cs" />
        <File uid="18" fullPath="D:/unityProjects/DungeonGame/Assets/Scripts/Boss/Systems/BossCombat.cs" />
        <File uid="19" fullPath="D:/unityProjects/DungeonGame/Assets/Scripts/Boss/Systems/BossHealth.cs" />
        <File uid="20" fullPath="D:/unityProjects/DungeonGame/Assets/Scripts/Boss/Systems/BossMovement.cs" />
        <File uid="21" fullPath="D:/unityProjects/DungeonGame/Assets/Scripts/Boss/Systems/BossRage.cs" />
        <File uid="22" fullPath="D:/unityProjects/DungeonGame/Assets/Scripts/Camera/RoomController.cs" />
        <File uid="23" fullPath="D:/unityProjects/DungeonGame/Assets/Scripts/Combat/BulletLogic.cs" />
        <File uid="24" fullPath="D:/unityProjects/DungeonGame/Assets/Scripts/Enemy/Behaviour/ChaseBehaviour.cs" />
        <File uid="25" fullPath="D:/unityProjects/DungeonGame/Assets/Scripts/Enemy/Behaviour/RandomFlyingBehaviour.cs" />
        <File uid="26" fullPath="D:/unityProjects/DungeonGame/Assets/Scripts/Enemy/Combat/EnemyDamage.cs" />
        <File uid="27" fullPath="D:/unityProjects/DungeonGame/Assets/Scripts/Enemy/Combat/EnemyHealth.cs" />
        <File uid="28" fullPath="D:/unityProjects/DungeonGame/Assets/Scripts/Enemy/Core/Enemy.cs" />
        <File uid="29" fullPath="D:/unityProjects/DungeonGame/Assets/Scripts/Enemy/Core/EnemyData.cs" />
        <File uid="30" fullPath="D:/unityProjects/DungeonGame/Assets/Scripts/Enemy/Movement/FlyingMovement.cs" />
        <File uid="31" fullPath="D:/unityProjects/DungeonGame/Assets/Scripts/Enemy/Movement/GroundMovement.cs" />
        <File uid="32" fullPath="D:/unityProjects/DungeonGame/Assets/Scripts/Items/ChestInteract.cs" />
        <File uid="33" fullPath="D:/unityProjects/DungeonGame/Assets/Scripts/Items/GearPickup.cs" />
        <File uid="34" fullPath="D:/unityProjects/DungeonGame/Assets/Scripts/Items/HealthBox.cs" />
        <File uid="35" fullPath="D:/unityProjects/DungeonGame/Assets/Scripts/Managers/BackgroundMusic.cs" />
        <File uid="36" fullPath="D:/unityProjects/DungeonGame/Assets/Scripts/Managers/GameManager.cs" />
        <File uid="37" fullPath="D:/unityProjects/DungeonGame/Assets/Scripts/Managers/HubSpawnManager.cs" />
        <File uid="38" fullPath="D:/unityProjects/DungeonGame/Assets/Scripts/Managers/UIManager.cs" />
        <File uid="39" fullPath="D:/unityProjects/DungeonGame/Assets/Scripts/Player/PlayerCore.cs" />
        <File uid="40" fullPath="D:/unityProjects/DungeonGame/Assets/Scripts/Player/PlayerHealth.cs" />
        <File uid="41" fullPath="D:/unityProjects/DungeonGame/Assets/Scripts/Player/PlayerInteraction.cs" />
        <File uid="42" fullPath="D:/unityProjects/DungeonGame/Assets/Scripts/Player/PlayerMovement.cs" />
        <File uid="43" fullPath="D:/unityProjects/DungeonGame/Assets/Scripts/Player/PlayerShooting.cs" />
        <File uid="44" fullPath="D:/unityProjects/DungeonGame/Assets/Scripts/Player/PlayerStats.cs" />
        <File uid="45" fullPath="D:/unityProjects/DungeonGame/Assets/Scripts/Player/StandardInputProvider.cs" />
        <File uid="46" fullPath="D:/unityProjects/DungeonGame/Assets/Scripts/Rooms/Door.cs" />
        <File uid="47" fullPath="D:/unityProjects/DungeonGame/Assets/Scripts/Rooms/EnemyManager.cs" />
        <File uid="48" fullPath="D:/unityProjects/DungeonGame/Assets/Scripts/Rooms/LevelEntrance.cs" />
        <File uid="49" fullPath="D:/unityProjects/DungeonGame/Assets/Scripts/Rooms/LevelGenerator.cs" />
        <File uid="50" fullPath="D:/unityProjects/DungeonGame/Assets/Scripts/Rooms/Rooms.cs" />
        <File uid="51" fullPath="D:/unityProjects/DungeonGame/Assets/Scripts/Rooms/RoomTrigger.cs" />
        <File uid="52" fullPath="D:/unityProjects/DungeonGame/Assets/Scripts/UI/Panels/GameOverPanel.cs" />
        <File uid="53" fullPath="D:/unityProjects/DungeonGame/Assets/Scripts/UI/Panels/PausePanel.cs" />
        <File uid="54" fullPath="D:/unityProjects/DungeonGame/Assets/Scripts/UI/UI/HeartUI.cs" />
        <File uid="55" fullPath="D:/unityProjects/DungeonGame/Assets/Scripts/UI/UI/InteractionUI.cs" />
        <File uid="56" fullPath="D:/unityProjects/DungeonGame/Assets/Scripts/UI/UI/ScrapUI.cs" />
        <File uid="57" fullPath="D:/unityProjects/DungeonGame/Assets/Scripts/Blackjack/BlackjackRewardSystem.cs" />
      </Files>
      <Classes>
        <Class>
          <Summary numSequencePoints="6" visitedSequencePoints="6" numBranchPoints="0" visitedBranchPoints="0" sequenceCoverage="100.0" branchCoverage="0.0" maxCyclomaticComplexity="0" minCyclomaticComplexity="0" maxCrapScore="0" minCrapScore="0" visitedClasses="1" numClasses="1" visitedMethods="2" numMethods="2" />
          <FullName>StaticBackground</FullName>
          <Methods>
            <Method visited="true" cyclomaticComplexity="0" nPathComplexity="0" sequenceCoverage="100.0" branchCoverage="0" crapScore="0" isConstructor="false" isStatic="false" isGetter="false" isSetter="false">
              <Summary numSequencePoints="3" visitedSequencePoints="3" numBranchPoints="0" visitedBranchPoints="0" sequenceCoverage="100.0" branchCoverage="0" maxCyclomaticComplexity="0" minCyclomaticComplexity="0" maxCrapScore="0" minCrapScore="0" visitedClasses="0" numClasses="0" visitedMethods="1" numMethods="1" />
              <MetadataToken>100663297</MetadataToken>
              <Name>System.Void StaticBackground::Start()</Name>
              <FileRef uid="1" />
              <SequencePoints>
                <SequencePoint vc="1" uspid="1972" ordinal="0" offset="0" sl="8" sc="5" el="8" ec="5" bec="0" bev="0" fileid="1" />
                <SequencePoint vc="1" uspid="1973" ordinal="0" offset="1" sl="9" sc="9" el="9" ec="9" bec="0" bev="0" fileid="1" />
                <SequencePoint vc="1" uspid="1974" ordinal="0" offset="27" sl="10" sc="5" el="10" ec="5" bec="0" bev="0" fileid="1" />
              </SequencePoints>
              <BranchPoints />
            </Method>
            <Method visited="true" cyclomaticComplexity="0" nPathComplexity="0" sequenceCoverage="100.0" branchCoverage="0" crapScore="0" isConstructor="false" isStatic="false" isGetter="false" isSetter="false">
              <Summary numSequencePoints="3" visitedSequencePoints="3" numBranchPoints="0" visitedBranchPoints="0" sequenceCoverage="100.0" branchCoverage="0" maxCyclomaticComplexity="0" minCyclomaticComplexity="0" maxCrapScore="0" minCrapScore="0" visitedClasses="0" numClasses="0" visitedMethods="1" numMethods="1" />
              <MetadataToken>100663298</MetadataToken>
              <Name>System.Void StaticBackground::LateUpdate()</Name>
              <FileRef uid="1" />
              <SequencePoints>
                <SequencePoint vc="1" uspid="1975" ordinal="0" offset="0" sl="13" sc="5" el="13" ec="5" bec="0" bev="0" fileid="1" />
                <SequencePoint vc="1" uspid="1976" ordinal="0" offset="1" sl="14" sc="9" el="14" ec="9" bec="0" bev="0" fileid="1" />
                <SequencePoint vc="1" uspid="1977" ordinal="0" offset="19" sl="15" sc="5" el="15" ec="5" bec="0" bev="0" fileid="1" />
              </SequencePoints>
              <BranchPoints />
            </Method>
          </Methods>
        </Class>
        <Class>
          <Summary numSequencePoints="35" visitedSequencePoints="35" numBranchPoints="0" visitedBranchPoints="0" sequenceCoverage="100.0" branchCoverage="0.0" maxCyclomaticComplexity="0" minCyclomaticComplexity="0" maxCrapScore="0" minCrapScore="0" visitedClasses="1" numClasses="1" visitedMethods="4" numMethods="4" />
          <FullName>BlackjackDeck</FullName>
          <Methods>
            <Method visited="true" cyclomaticComplexity="0" nPathComplexity="0" sequenceCoverage="100.0" branchCoverage="0" crapScore="0" isConstructor="false" isStatic="false" isGetter="false" isSetter="false">
              <Summary numSequencePoints="15" visitedSequencePoints="15" numBranchPoints="0" visitedBranchPoints="0" sequenceCoverage="100.0" branchCoverage="0" maxCyclomaticComplexity="0" minCyclomaticComplexity="0" maxCrapScore="0" minCrapScore="0" visitedClasses="0" numClasses="0" visitedMethods="1" numMethods="1" />
              <MetadataToken>100663300</MetadataToken>
              <Name>System.Void BlackjackDeck::Setup(UnityEngine.Sprite[])</Name>
              <FileRef uid="2" />
              <SequencePoints>
                <SequencePoint vc="2" uspid="1978" ordinal="0" offset="0" sl="9" sc="5" el="9" ec="5" bec="0" bev="0" fileid="2" />
                <SequencePoint vc="2" uspid="1979" ordinal="0" offset="1" sl="10" sc="9" el="10" ec="9" bec="0" bev="0" fileid="2" />
                <SequencePoint vc="2" uspid="1980" ordinal="0" offset="13" sl="12" sc="9" el="12" ec="9" bec="0" bev="0" fileid="2" />
                <SequencePoint vc="2" uspid="1981" ordinal="0" offset="14" sl="12" sc="30" el="12" ec="30" bec="0" bev="0" fileid="2" />
                <SequencePoint vc="7" uspid="1982" ordinal="0" offset="20" sl="12" sc="18" el="12" ec="18" bec="0" bev="0" fileid="2" />
                <SequencePoint vc="7" uspid="1983" ordinal="0" offset="24" sl="13" sc="9" el="13" ec="9" bec="0" bev="0" fileid="2" />
                <SequencePoint vc="7" uspid="1984" ordinal="0" offset="25" sl="14" sc="13" el="14" ec="13" bec="0" bev="0" fileid="2" />
                <SequencePoint vc="1" uspid="1985" ordinal="0" offset="38" sl="14" sc="28" el="14" ec="28" bec="0" bev="0" fileid="2" />
                <SequencePoint vc="6" uspid="1986" ordinal="0" offset="40" sl="15" sc="13" el="15" ec="13" bec="0" bev="0" fileid="2" />
                <SequencePoint vc="1" uspid="1987" ordinal="0" offset="62" sl="15" sc="42" el="15" ec="42" bec="0" bev="0" fileid="2" />
                <SequencePoint vc="5" uspid="1988" ordinal="0" offset="64" sl="17" sc="13" el="17" ec="13" bec="0" bev="0" fileid="2" />
                <SequencePoint vc="5" uspid="1989" ordinal="0" offset="77" sl="18" sc="13" el="18" ec="13" bec="0" bev="0" fileid="2" />
                <SequencePoint vc="5" uspid="1990" ordinal="0" offset="102" sl="19" sc="9" el="19" ec="9" bec="0" bev="0" fileid="2" />
                <SequencePoint vc="9" uspid="1991" ordinal="0" offset="107" sl="12" sc="27" el="12" ec="27" bec="0" bev="0" fileid="2" />
                <SequencePoint vc="2" uspid="1992" ordinal="0" offset="113" sl="20" sc="5" el="20" ec="5" bec="0" bev="0" fileid="2" />
              </SequencePoints>
              <BranchPoints />
            </Method>
            <Method visited="true" cyclomaticComplexity="0" nPathComplexity="0" sequenceCoverage="100.0" branchCoverage="0" crapScore="0" isConstructor="false" isStatic="false" isGetter="false" isSetter="false">
              <Summary numSequencePoints="8" visitedSequencePoints="8" numBranchPoints="0" visitedBranchPoints="0" sequenceCoverage="100.0" branchCoverage="0" maxCyclomaticComplexity="0" minCyclomaticComplexity="0" maxCrapScore="0" minCrapScore="0" visitedClasses="0" numClasses="0" visitedMethods="1" numMethods="1" />
              <MetadataToken>100663301</MetadataToken>
              <Name>Card BlackjackDeck::Draw()</Name>
              <FileRef uid="2" />
              <SequencePoints>
                <SequencePoint vc="2" uspid="1993" ordinal="0" offset="0" sl="23" sc="5" el="23" ec="5" bec="0" bev="0" fileid="2" />
                <SequencePoint vc="2" uspid="1994" ordinal="0" offset="1" sl="24" sc="9" el="24" ec="9" bec="0" bev="0" fileid="2" />
                <SequencePoint vc="1" uspid="1995" ordinal="0" offset="19" sl="24" sc="30" el="24" ec="30" bec="0" bev="0" fileid="2" />
                <SequencePoint vc="1" uspid="1996" ordinal="0" offset="23" sl="26" sc="9" el="26" ec="9" bec="0" bev="0" fileid="2" />
                <SequencePoint vc="1" uspid="1997" ordinal="0" offset="41" sl="27" sc="9" el="27" ec="9" bec="0" bev="0" fileid="2" />
                <SequencePoint vc="1" uspid="1998" ordinal="0" offset="54" sl="28" sc="9" el="28" ec="9" bec="0" bev="0" fileid="2" />
                <SequencePoint vc="1" uspid="1999" ordinal="0" offset="67" sl="29" sc="9" el="29" ec="9" bec="0" bev="0" fileid="2" />
                <SequencePoint vc="2" uspid="2000" ordinal="0" offset="71" sl="30" sc="5" el="30" ec="5" bec="0" bev="0" fileid="2" />
              </SequencePoints>
              <BranchPoints />
            </Method>
            <Method visited="true" cyclomaticComplexity="0" nPathComplexity="0" sequenceCoverage="100.0" branchCoverage="0" crapScore="0" isConstructor="false" isStatic="false" isGetter="false" isSetter="false">
              <Summary numSequencePoints="11" visitedSequencePoints="11" numBranchPoints="0" visitedBranchPoints="0" sequenceCoverage="100.0" branchCoverage="0" maxCyclomaticComplexity="0" minCyclomaticComplexity="0" maxCrapScore="0" minCrapScore="0" visitedClasses="0" numClasses="0" visitedMethods="1" numMethods="1" />
              <MetadataToken>100663302</MetadataToken>
              <Name>System.Int32 BlackjackDeck::GetCardValueFromName(System.String)</Name>
              <FileRef uid="2" />
              <SequencePoints>
                <SequencePoint vc="5" uspid="2001" ordinal="0" offset="0" sl="33" sc="5" el="33" ec="5" bec="0" bev="0" fileid="2" />
                <SequencePoint vc="5" uspid="2002" ordinal="0" offset="1" sl="34" sc="9" el="34" ec="9" bec="0" bev="0" fileid="2" />
                <SequencePoint vc="5" uspid="2003" ordinal="0" offset="10" sl="35" sc="9" el="35" ec="9" bec="0" bev="0" fileid="2" />
                <SequencePoint vc="5" uspid="2004" ordinal="0" offset="20" sl="37" sc="9" el="37" ec="9" bec="0" bev="0" fileid="2" />
                <SequencePoint vc="1" uspid="2005" ordinal="0" offset="35" sl="37" sc="26" el="37" ec="26" bec="0" bev="0" fileid="2" />
                <SequencePoint vc="4" uspid="2006" ordinal="0" offset="41" sl="38" sc="9" el="38" ec="9" bec="0" bev="0" fileid="2" />
                <SequencePoint vc="1" uspid="2007" ordinal="0" offset="87" sl="38" sc="56" el="38" ec="56" bec="0" bev="0" fileid="2" />
                <SequencePoint vc="3" uspid="2008" ordinal="0" offset="93" sl="41" sc="9" el="41" ec="9" bec="0" bev="0" fileid="2" />
                <SequencePoint vc="1" uspid="2009" ordinal="0" offset="110" sl="42" sc="13" el="42" ec="13" bec="0" bev="0" fileid="2" />
                <SequencePoint vc="2" uspid="2010" ordinal="0" offset="115" sl="44" sc="9" el="44" ec="9" bec="0" bev="0" fileid="2" />
                <SequencePoint vc="5" uspid="2011" ordinal="0" offset="120" sl="45" sc="5" el="45" ec="5" bec="0" bev="0" fileid="2" />
              </SequencePoints>
              <BranchPoints />
            </Method>
            <Method visited="true" cyclomaticComplexity="0" nPathComplexity="0" sequenceCoverage="100.0" branchCoverage="0" crapScore="0" isConstructor="true" isStatic="false" isGetter="false" isSetter="false">
              <Summary numSequencePoints="1" visitedSequencePoints="1" numBranchPoints="0" visitedBranchPoints="0" sequenceCoverage="100.0" branchCoverage="0" maxCyclomaticComplexity="0" minCyclomaticComplexity="0" maxCrapScore="0" minCrapScore="0" visitedClasses="0" numClasses="0" visitedMethods="1" numMethods="1" />
              <MetadataToken>100663303</MetadataToken>
              <Name>BlackjackDeck::BlackjackDeck()</Name>
              <FileRef uid="2" />
              <SequencePoints>
                <SequencePoint vc="5" uspid="2012" ordinal="0" offset="0" sl="6" sc="5" el="6" ec="5" bec="0" bev="0" fileid="2" />
              </SequencePoints>
              <BranchPoints />
            </Method>
          </Methods>
        </Class>
        <Class>
          <Summary numSequencePoints="17" visitedSequencePoints="11" numBranchPoints="0" visitedBranchPoints="0" sequenceCoverage="64.71" branchCoverage="0.0" maxCyclomaticComplexity="0" minCyclomaticComplexity="0" maxCrapScore="0" minCrapScore="0" visitedClasses="1" numClasses="1" visitedMethods="3" numMethods="3" />
          <FullName>BlackjackGame</FullName>
          <Methods>
            <Method visited="true" cyclomaticComplexity="0" nPathComplexity="0" sequenceCoverage="80.00" branchCoverage="0" crapScore="0" isConstructor="false" isStatic="false" isGetter="false" isSetter="false">
              <Summary numSequencePoints="5" visitedSequencePoints="4" numBranchPoints="0" visitedBranchPoints="0" sequenceCoverage="80.00" branchCoverage="0" maxCyclomaticComplexity="0" minCyclomaticComplexity="0" maxCrapScore="0" minCrapScore="0" visitedClasses="0" numClasses="0" visitedMethods="1" numMethods="1" />
              <MetadataToken>100663305</MetadataToken>
              <Name>System.Void BlackjackGame::StartBlackjack()</Name>
              <FileRef uid="3" />
              <SequencePoints>
                <SequencePoint vc="2" uspid="2020" ordinal="0" offset="0" sl="32" sc="5" el="32" ec="5" bec="0" bev="0" fileid="3" />
                <SequencePoint vc="2" uspid="2021" ordinal="0" offset="1" sl="33" sc="9" el="33" ec="9" bec="0" bev="0" fileid="3" />
                <SequencePoint vc="0" uspid="2022" ordinal="0" offset="17" sl="34" sc="13" el="34" ec="13" bec="0" bev="0" fileid="3" />
                <SequencePoint vc="2" uspid="2023" ordinal="0" offset="34" sl="35" sc="9" el="35" ec="9" bec="0" bev="0" fileid="3" />
                <SequencePoint vc="2" uspid="2024" ordinal="0" offset="47" sl="36" sc="5" el="36" ec="5" bec="0" bev="0" fileid="3" />
              </SequencePoints>
              <BranchPoints />
            </Method>
            <Method visited="true" cyclomaticComplexity="0" nPathComplexity="0" sequenceCoverage="54.55" branchCoverage="0" crapScore="0" isConstructor="false" isStatic="false" isGetter="false" isSetter="false">
              <Summary numSequencePoints="11" visitedSequencePoints="6" numBranchPoints="0" visitedBranchPoints="0" sequenceCoverage="54.55" branchCoverage="0" maxCyclomaticComplexity="0" minCyclomaticComplexity="0" maxCrapScore="0" minCrapScore="0" visitedClasses="0" numClasses="0" visitedMethods="1" numMethods="1" />
              <MetadataToken>100663318</MetadataToken>
              <Name>System.Void BlackjackGame::ExitGame()</Name>
              <FileRef uid="3" />
              <SequencePoints>
                <SequencePoint vc="1" uspid="2050" ordinal="0" offset="0" sl="258" sc="5" el="258" ec="5" bec="0" bev="0" fileid="3" />
                <SequencePoint vc="1" uspid="2051" ordinal="0" offset="1" sl="259" sc="9" el="259" ec="9" bec="0" bev="0" fileid="3" />
                <SequencePoint vc="0" uspid="2052" ordinal="0" offset="22" sl="259" sc="44" el="259" ec="44" bec="0" bev="0" fileid="3" />
                <SequencePoint vc="1" uspid="2053" ordinal="0" offset="24" sl="261" sc="9" el="261" ec="9" bec="0" bev="0" fileid="3" />
                <SequencePoint vc="1" uspid="2054" ordinal="0" offset="35" sl="262" sc="9" el="262" ec="9" bec="0" bev="0" fileid="3" />
                <SequencePoint vc="1" uspid="2055" ordinal="0" offset="48" sl="264" sc="9" el="264" ec="9" bec="0" bev="0" fileid="3" />
                <SequencePoint vc="0" uspid="2056" ordinal="0" offset="64" sl="265" sc="9" el="265" ec="9" bec="0" bev="0" fileid="3" />
                <SequencePoint vc="0" uspid="2057" ordinal="0" offset="65" sl="266" sc="13" el="266" ec="13" bec="0" bev="0" fileid="3" />
                <SequencePoint vc="0" uspid="2058" ordinal="0" offset="82" sl="267" sc="13" el="267" ec="13" bec="0" bev="0" fileid="3" />
                <SequencePoint vc="0" uspid="2059" ordinal="0" offset="94" sl="268" sc="9" el="268" ec="9" bec="0" bev="0" fileid="3" />
                <SequencePoint vc="1" uspid="2060" ordinal="0" offset="95" sl="269" sc="5" el="269" ec="5" bec="0" bev="0" fileid="3" />
              </SequencePoints>
              <BranchPoints />
            </Method>
            <Method visited="true" cyclomaticComplexity="0" nPathComplexity="0" sequenceCoverage="100.0" branchCoverage="0" crapScore="0" isConstructor="true" isStatic="false" isGetter="false" isSetter="false">
              <Summary numSequencePoints="1" visitedSequencePoints="1" numBranchPoints="0" visitedBranchPoints="0" sequenceCoverage="100.0" branchCoverage="0" maxCyclomaticComplexity="0" minCyclomaticComplexity="0" maxCrapScore="0" minCrapScore="0" visitedClasses="0" numClasses="0" visitedMethods="1" numMethods="1" />
              <MetadataToken>100663319</MetadataToken>
              <Name>BlackjackGame::BlackjackGame()</Name>
              <FileRef uid="3" />
              <SequencePoints>
                <SequencePoint vc="14" uspid="2061" ordinal="0" offset="0" sl="157" sc="5" el="157" ec="5" bec="0" bev="0" fileid="3" />
              </SequencePoints>
              <BranchPoints />
            </Method>
          </Methods>
        </Class>
        <Class>
          <Summary numSequencePoints="38" visitedSequencePoints="37" numBranchPoints="0" visitedBranchPoints="0" sequenceCoverage="97.37" branchCoverage="0.0" maxCyclomaticComplexity="0" minCyclomaticComplexity="0" maxCrapScore="0" minCrapScore="0" visitedClasses="1" numClasses="1" visitedMethods="8" numMethods="8" />
          <FullName>BlackjackHand</FullName>
          <Methods>
            <Method visited="true" cyclomaticComplexity="0" nPathComplexity="0" sequenceCoverage="100.0" branchCoverage="0" crapScore="0" isConstructor="false" isStatic="false" isGetter="false" isSetter="false">
              <Summary numSequencePoints="3" visitedSequencePoints="3" numBranchPoints="0" visitedBranchPoints="0" sequenceCoverage="100.0" branchCoverage="0" maxCyclomaticComplexity="0" minCyclomaticComplexity="0" maxCrapScore="0" minCrapScore="0" visitedClasses="0" numClasses="0" visitedMethods="1" numMethods="1" />
              <MetadataToken>100663320</MetadataToken>
              <Name>System.Void BlackjackHand::Clear()</Name>
              <FileRef uid="4" />
              <SequencePoints>
                <SequencePoint vc="1" uspid="2062" ordinal="0" offset="0" sl="8" sc="5" el="8" ec="5" bec="0" bev="0" fileid="4" />
                <SequencePoint vc="1" uspid="2063" ordinal="0" offset="1" sl="9" sc="9" el="9" ec="9" bec="0" bev="0" fileid="4" />
                <SequencePoint vc="1" uspid="2064" ordinal="0" offset="13" sl="10" sc="5" el="10" ec="5" bec="0" bev="0" fileid="4" />
              </SequencePoints>
              <BranchPoints />
            </Method>
            <Method visited="true" cyclomaticComplexity="0" nPathComplexity="0" sequenceCoverage="100.0" branchCoverage="0" crapScore="0" isConstructor="false" isStatic="false" isGetter="false" isSetter="false">
              <Summary numSequencePoints="3" visitedSequencePoints="3" numBranchPoints="0" visitedBranchPoints="0" sequenceCoverage="100.0" branchCoverage="0" maxCyclomaticComplexity="0" minCyclomaticComplexity="0" maxCrapScore="0" minCrapScore="0" visitedClasses="0" numClasses="0" visitedMethods="1" numMethods="1" />
              <MetadataToken>100663321</MetadataToken>
              <Name>System.Boolean BlackjackHand::HasBlackjack()</Name>
              <FileRef uid="4" />
              <SequencePoints>
                <SequencePoint vc="2" uspid="2065" ordinal="0" offset="0" sl="13" sc="5" el="13" ec="5" bec="0" bev="0" fileid="4" />
                <SequencePoint vc="2" uspid="2066" ordinal="0" offset="1" sl="14" sc="9" el="14" ec="9" bec="0" bev="0" fileid="4" />
                <SequencePoint vc="2" uspid="2067" ordinal="0" offset="31" sl="15" sc="5" el="15" ec="5" bec="0" bev="0" fileid="4" />
              </SequencePoints>
              <BranchPoints />
            </Method>
            <Method visited="true" cyclomaticComplexity="0" nPathComplexity="0" sequenceCoverage="100.0" branchCoverage="0" crapScore="0" isConstructor="false" isStatic="false" isGetter="false" isSetter="false">
              <Summary numSequencePoints="3" visitedSequencePoints="3" numBranchPoints="0" visitedBranchPoints="0" sequenceCoverage="100.0" branchCoverage="0" maxCyclomaticComplexity="0" minCyclomaticComplexity="0" maxCrapScore="0" minCrapScore="0" visitedClasses="0" numClasses="0" visitedMethods="1" numMethods="1" />
              <MetadataToken>100663322</MetadataToken>
              <Name>System.Void BlackjackHand::AddCard(Card)</Name>
              <FileRef uid="4" />
              <SequencePoints>
                <SequencePoint vc="14" uspid="2068" ordinal="0" offset="0" sl="18" sc="5" el="18" ec="5" bec="0" bev="0" fileid="4" />
                <SequencePoint vc="14" uspid="2069" ordinal="0" offset="1" sl="19" sc="9" el="19" ec="9" bec="0" bev="0" fileid="4" />
                <SequencePoint vc="14" uspid="2070" ordinal="0" offset="14" sl="20" sc="5" el="20" ec="5" bec="0" bev="0" fileid="4" />
              </SequencePoints>
              <BranchPoints />
            </Method>
            <Method visited="true" cyclomaticComplexity="0" nPathComplexity="0" sequenceCoverage="100.0" branchCoverage="0" crapScore="0" isConstructor="false" isStatic="false" isGetter="false" isSetter="false">
              <Summary numSequencePoints="3" visitedSequencePoints="3" numBranchPoints="0" visitedBranchPoints="0" sequenceCoverage="100.0" branchCoverage="0" maxCyclomaticComplexity="0" minCyclomaticComplexity="0" maxCrapScore="0" minCrapScore="0" visitedClasses="0" numClasses="0" visitedMethods="1" numMethods="1" />
              <MetadataToken>100663323</MetadataToken>
              <Name>System.Int32 BlackjackHand::GetScore()</Name>
              <FileRef uid="4" />
              <SequencePoints>
                <SequencePoint vc="4" uspid="2071" ordinal="0" offset="0" sl="23" sc="5" el="23" ec="5" bec="0" bev="0" fileid="4" />
                <SequencePoint vc="4" uspid="2072" ordinal="0" offset="1" sl="24" sc="9" el="24" ec="9" bec="0" bev="0" fileid="4" />
                <SequencePoint vc="4" uspid="2073" ordinal="0" offset="11" sl="25" sc="5" el="25" ec="5" bec="0" bev="0" fileid="4" />
              </SequencePoints>
              <BranchPoints />
            </Method>
            <Method visited="true" cyclomaticComplexity="0" nPathComplexity="0" sequenceCoverage="80.00" branchCoverage="0" crapScore="0" isConstructor="false" isStatic="false" isGetter="false" isSetter="false">
              <Summary numSequencePoints="5" visitedSequencePoints="4" numBranchPoints="0" visitedBranchPoints="0" sequenceCoverage="80.00" branchCoverage="0" maxCyclomaticComplexity="0" minCyclomaticComplexity="0" maxCrapScore="0" minCrapScore="0" visitedClasses="0" numClasses="0" visitedMethods="1" numMethods="1" />
              <MetadataToken>100663324</MetadataToken>
              <Name>System.Int32 BlackjackHand::GetScoreWithoutFirstCard()</Name>
              <FileRef uid="4" />
              <SequencePoints>
                <SequencePoint vc="1" uspid="2074" ordinal="0" offset="0" sl="28" sc="5" el="28" ec="5" bec="0" bev="0" fileid="4" />
                <SequencePoint vc="1" uspid="2075" ordinal="0" offset="1" sl="29" sc="9" el="29" ec="9" bec="0" bev="0" fileid="4" />
                <SequencePoint vc="0" uspid="2076" ordinal="0" offset="22" sl="30" sc="13" el="30" ec="13" bec="0" bev="0" fileid="4" />
                <SequencePoint vc="1" uspid="2077" ordinal="0" offset="26" sl="32" sc="9" el="32" ec="9" bec="0" bev="0" fileid="4" />
                <SequencePoint vc="1" uspid="2078" ordinal="0" offset="36" sl="33" sc="5" el="33" ec="5" bec="0" bev="0" fileid="4" />
              </SequencePoints>
              <BranchPoints />
            </Method>
            <Method visited="true" cyclomaticComplexity="0" nPathComplexity="0" sequenceCoverage="100.0" branchCoverage="0" crapScore="0" isConstructor="false" isStatic="false" isGetter="false" isSetter="false">
              <Summary numSequencePoints="19" visitedSequencePoints="19" numBranchPoints="0" visitedBranchPoints="0" sequenceCoverage="100.0" branchCoverage="0" maxCyclomaticComplexity="0" minCyclomaticComplexity="0" maxCrapScore="0" minCrapScore="0" visitedClasses="0" numClasses="0" visitedMethods="1" numMethods="1" />
              <MetadataToken>100663325</MetadataToken>
              <Name>System.Int32 BlackjackHand::ComputeScore(System.Int32)</Name>
              <FileRef uid="4" />
              <SequencePoints>
                <SequencePoint vc="5" uspid="2079" ordinal="0" offset="0" sl="36" sc="5" el="36" ec="5" bec="0" bev="0" fileid="4" />
                <SequencePoint vc="5" uspid="2080" ordinal="0" offset="1" sl="37" sc="9" el="37" ec="9" bec="0" bev="0" fileid="4" />
                <SequencePoint vc="5" uspid="2081" ordinal="0" offset="3" sl="38" sc="9" el="38" ec="9" bec="0" bev="0" fileid="4" />
                <SequencePoint vc="5" uspid="2082" ordinal="0" offset="5" sl="40" sc="14" el="40" ec="14" bec="0" bev="0" fileid="4" />
                <SequencePoint vc="9" uspid="2083" ordinal="0" offset="9" sl="41" sc="9" el="41" ec="9" bec="0" bev="0" fileid="4" />
                <SequencePoint vc="9" uspid="2084" ordinal="0" offset="10" sl="42" sc="13" el="42" ec="13" bec="0" bev="0" fileid="4" />
                <SequencePoint vc="9" uspid="2085" ordinal="0" offset="23" sl="43" sc="13" el="43" ec="13" bec="0" bev="0" fileid="4" />
                <SequencePoint vc="9" uspid="2086" ordinal="0" offset="32" sl="44" sc="13" el="44" ec="13" bec="0" bev="0" fileid="4" />
                <SequencePoint vc="3" uspid="2087" ordinal="0" offset="48" sl="44" sc="32" el="44" ec="32" bec="0" bev="0" fileid="4" />
                <SequencePoint vc="9" uspid="2088" ordinal="0" offset="52" sl="45" sc="9" el="45" ec="9" bec="0" bev="0" fileid="4" />
                <SequencePoint vc="9" uspid="2089" ordinal="0" offset="53" sl="40" sc="51" el="40" ec="51" bec="0" bev="0" fileid="4" />
                <SequencePoint vc="14" uspid="2090" ordinal="0" offset="57" sl="40" sc="34" el="40" ec="34" bec="0" bev="0" fileid="4" />
                <SequencePoint vc="1" uspid="2091" ordinal="0" offset="79" sl="48" sc="9" el="48" ec="9" bec="0" bev="0" fileid="4" />
                <SequencePoint vc="1" uspid="2092" ordinal="0" offset="80" sl="49" sc="13" el="49" ec="13" bec="0" bev="0" fileid="4" />
                <SequencePoint vc="1" uspid="2093" ordinal="0" offset="85" sl="50" sc="13" el="50" ec="13" bec="0" bev="0" fileid="4" />
                <SequencePoint vc="1" uspid="2094" ordinal="0" offset="89" sl="51" sc="9" el="51" ec="9" bec="0" bev="0" fileid="4" />
                <SequencePoint vc="6" uspid="2095" ordinal="0" offset="90" sl="47" sc="9" el="47" ec="9" bec="0" bev="0" fileid="4" />
                <SequencePoint vc="5" uspid="2096" ordinal="0" offset="108" sl="53" sc="9" el="53" ec="9" bec="0" bev="0" fileid="4" />
                <SequencePoint vc="5" uspid="2097" ordinal="0" offset="113" sl="54" sc="5" el="54" ec="5" bec="0" bev="0" fileid="4" />
              </SequencePoints>
              <BranchPoints />
            </Method>
            <Method visited="true" cyclomaticComplexity="0" nPathComplexity="0" sequenceCoverage="100.0" branchCoverage="0" crapScore="0" isConstructor="false" isStatic="false" isGetter="true" isSetter="false">
              <Summary numSequencePoints="1" visitedSequencePoints="1" numBranchPoints="0" visitedBranchPoints="0" sequenceCoverage="100.0" branchCoverage="0" maxCyclomaticComplexity="0" minCyclomaticComplexity="0" maxCrapScore="0" minCrapScore="0" visitedClasses="0" numClasses="0" visitedMethods="1" numMethods="1" />
              <MetadataToken>100663326</MetadataToken>
              <Name>System.Int32 BlackjackHand::get_CardCount()</Name>
              <FileRef uid="4" />
              <SequencePoints>
                <SequencePoint vc="1" uspid="2098" ordinal="0" offset="0" sl="56" sc="29" el="56" ec="29" bec="0" bev="0" fileid="4" />
              </SequencePoints>
              <BranchPoints />
            </Method>
            <Method visited="true" cyclomaticComplexity="0" nPathComplexity="0" sequenceCoverage="100.0" branchCoverage="0" crapScore="0" isConstructor="true" isStatic="false" isGetter="false" isSetter="false">
              <Summary numSequencePoints="1" visitedSequencePoints="1" numBranchPoints="0" visitedBranchPoints="0" sequenceCoverage="100.0" branchCoverage="0" maxCyclomaticComplexity="0" minCyclomaticComplexity="0" maxCrapScore="0" minCrapScore="0" visitedClasses="0" numClasses="0" visitedMethods="1" numMethods="1" />
              <MetadataToken>100663328</MetadataToken>
              <Name>BlackjackHand::BlackjackHand()</Name>
              <FileRef uid="4" />
              <SequencePoints>
                <SequencePoint vc="6" uspid="2100" ordinal="0" offset="0" sl="5" sc="5" el="5" ec="5" bec="0" bev="0" fileid="4" />
              </SequencePoints>
              <BranchPoints />
            </Method>
          </Methods>
        </Class>
        <Class>
          <Summary numSequencePoints="14" visitedSequencePoints="12" numBranchPoints="0" visitedBranchPoints="0" sequenceCoverage="85.71" branchCoverage="0.0" maxCyclomaticComplexity="0" minCyclomaticComplexity="0" maxCrapScore="0" minCrapScore="0" visitedClasses="1" numClasses="1" visitedMethods="2" numMethods="2" />
          <FullName>BlackjackInteract</FullName>
          <Methods>
            <Method visited="true" cyclomaticComplexity="0" nPathComplexity="0" sequenceCoverage="84.62" branchCoverage="0" crapScore="0" isConstructor="false" isStatic="false" isGetter="false" isSetter="false">
              <Summary numSequencePoints="13" visitedSequencePoints="11" numBranchPoints="0" visitedBranchPoints="0" sequenceCoverage="84.62" branchCoverage="0" maxCyclomaticComplexity="0" minCyclomaticComplexity="0" maxCrapScore="0" minCrapScore="0" visitedClasses="0" numClasses="0" visitedMethods="1" numMethods="1" />
              <MetadataToken>100663330</MetadataToken>
              <Name>System.Void BlackjackInteract::Interact()</Name>
              <FileRef uid="5" />
              <SequencePoints>
                <SequencePoint vc="1" uspid="2104" ordinal="0" offset="0" sl="15" sc="1" el="15" ec="1" bec="0" bev="0" fileid="5" />
                <SequencePoint vc="1" uspid="2105" ordinal="0" offset="1" sl="16" sc="5" el="16" ec="5" bec="0" bev="0" fileid="5" />
                <SequencePoint vc="0" uspid="2106" ordinal="0" offset="14" sl="16" sc="23" el="16" ec="23" bec="0" bev="0" fileid="5" />
                <SequencePoint vc="1" uspid="2107" ordinal="0" offset="16" sl="18" sc="5" el="18" ec="5" bec="0" bev="0" fileid="5" />
                <SequencePoint vc="1" uspid="2108" ordinal="0" offset="23" sl="19" sc="5" el="19" ec="5" bec="0" bev="0" fileid="5" />
                <SequencePoint vc="1" uspid="2109" ordinal="0" offset="36" sl="21" sc="5" el="21" ec="5" bec="0" bev="0" fileid="5" />
                <SequencePoint vc="0" uspid="2110" ordinal="0" offset="52" sl="21" sc="34" el="21" ec="34" bec="0" bev="0" fileid="5" />
                <SequencePoint vc="1" uspid="2111" ordinal="0" offset="54" sl="23" sc="5" el="23" ec="5" bec="0" bev="0" fileid="5" />
                <SequencePoint vc="1" uspid="2112" ordinal="0" offset="67" sl="24" sc="5" el="24" ec="5" bec="0" bev="0" fileid="5" />
                <SequencePoint vc="1" uspid="2113" ordinal="0" offset="78" sl="26" sc="5" el="26" ec="5" bec="0" bev="0" fileid="5" />
                <SequencePoint vc="1" uspid="2114" ordinal="0" offset="90" sl="27" sc="5" el="27" ec="5" bec="0" bev="0" fileid="5" />
                <SequencePoint vc="1" uspid="2115" ordinal="0" offset="101" sl="28" sc="9" el="28" ec="9" bec="0" bev="0" fileid="5" />
                <SequencePoint vc="1" uspid="2116" ordinal="0" offset="108" sl="29" sc="1" el="29" ec="1" bec="0" bev="0" fileid="5" />
              </SequencePoints>
              <BranchPoints />
            </Method>
            <Method visited="true" cyclomaticComplexity="0" nPathComplexity="0" sequenceCoverage="100.0" branchCoverage="0" crapScore="0" isConstructor="true" isStatic="false" isGetter="false" isSetter="false">
              <Summary numSequencePoints="1" visitedSequencePoints="1" numBranchPoints="0" visitedBranchPoints="0" sequenceCoverage="100.0" branchCoverage="0" maxCyclomaticComplexity="0" minCyclomaticComplexity="0" maxCrapScore="0" minCrapScore="0" visitedClasses="0" numClasses="0" visitedMethods="1" numMethods="1" />
              <MetadataToken>100663332</MetadataToken>
              <Name>BlackjackInteract::BlackjackInteract()</Name>
              <FileRef uid="5" />
              <SequencePoints>
                <SequencePoint vc="5" uspid="2117" ordinal="0" offset="0" sl="7" sc="5" el="7" ec="5" bec="0" bev="0" fileid="5" />
              </SequencePoints>
              <BranchPoints />
            </Method>
          </Methods>
        </Class>
        <Class>
          <Summary numSequencePoints="3" visitedSequencePoints="3" numBranchPoints="0" visitedBranchPoints="0" sequenceCoverage="100.0" branchCoverage="0.0" maxCyclomaticComplexity="0" minCyclomaticComplexity="0" maxCrapScore="0" minCrapScore="0" visitedClasses="1" numClasses="1" visitedMethods="1" numMethods="1" />
          <FullName>BlackjackUI</FullName>
          <Methods>
            <Method visited="true" cyclomaticComplexity="0" nPathComplexity="0" sequenceCoverage="100.0" branchCoverage="0" crapScore="0" isConstructor="false" isStatic="false" isGetter="false" isSetter="false">
              <Summary numSequencePoints="3" visitedSequencePoints="3" numBranchPoints="0" visitedBranchPoints="0" sequenceCoverage="100.0" branchCoverage="0" maxCyclomaticComplexity="0" minCyclomaticComplexity="0" maxCrapScore="0" minCrapScore="0" visitedClasses="0" numClasses="0" visitedMethods="1" numMethods="1" />
              <MetadataToken>100663341</MetadataToken>
              <Name>System.Void BlackjackUI::SetExitButton(System.Boolean)</Name>
              <FileRef uid="6" />
              <SequencePoints>
                <SequencePoint vc="2" uspid="2155" ordinal="0" offset="0" sl="88" sc="5" el="88" ec="5" bec="0" bev="0" fileid="6" />
                <SequencePoint vc="2" uspid="2156" ordinal="0" offset="1" sl="89" sc="9" el="89" ec="9" bec="0" bev="0" fileid="6" />
                <SequencePoint vc="2" uspid="2157" ordinal="0" offset="14" sl="90" sc="5" el="90" ec="5" bec="0" bev="0" fileid="6" />
              </SequencePoints>
              <BranchPoints />
            </Method>
          </Methods>
        </Class>
        <Class>
          <Summary numSequencePoints="6" visitedSequencePoints="6" numBranchPoints="0" visitedBranchPoints="0" sequenceCoverage="100.0" branchCoverage="0.0" maxCyclomaticComplexity="0" minCyclomaticComplexity="0" maxCrapScore="0" minCrapScore="0" visitedClasses="1" numClasses="1" visitedMethods="1" numMethods="1" />
          <FullName>Card</FullName>
          <Methods>
            <Method visited="true" cyclomaticComplexity="0" nPathComplexity="0" sequenceCoverage="100.0" branchCoverage="0" crapScore="0" isConstructor="true" isStatic="false" isGetter="false" isSetter="false">
              <Summary numSequencePoints="6" visitedSequencePoints="6" numBranchPoints="0" visitedBranchPoints="0" sequenceCoverage="100.0" branchCoverage="0" maxCyclomaticComplexity="0" minCyclomaticComplexity="0" maxCrapScore="0" minCrapScore="0" visitedClasses="0" numClasses="0" visitedMethods="1" numMethods="1" />
              <MetadataToken>100663344</MetadataToken>
              <Name>Card::Card(System.String, System.Int32, UnityEngine.Sprite)</Name>
              <FileRef uid="7" />
              <SequencePoints>
                <SequencePoint vc="45" uspid="2164" ordinal="0" offset="0" sl="10" sc="5" el="10" ec="5" bec="0" bev="0" fileid="7" />
                <SequencePoint vc="45" uspid="2165" ordinal="0" offset="7" sl="11" sc="5" el="11" ec="5" bec="0" bev="0" fileid="7" />
                <SequencePoint vc="45" uspid="2166" ordinal="0" offset="8" sl="12" sc="9" el="12" ec="9" bec="0" bev="0" fileid="7" />
                <SequencePoint vc="45" uspid="2167" ordinal="0" offset="15" sl="13" sc="9" el="13" ec="9" bec="0" bev="0" fileid="7" />
                <SequencePoint vc="45" uspid="2168" ordinal="0" offset="22" sl="14" sc="9" el="14" ec="9" bec="0" bev="0" fileid="7" />
                <SequencePoint vc="45" uspid="2169" ordinal="0" offset="29" sl="15" sc="5" el="15" ec="5" bec="0" bev="0" fileid="7" />
              </SequencePoints>
              <BranchPoints />
            </Method>
          </Methods>
        </Class>
        <Class>
          <Summary numSequencePoints="13" visitedSequencePoints="2" numBranchPoints="0" visitedBranchPoints="0" sequenceCoverage="15.38" branchCoverage="0.0" maxCyclomaticComplexity="0" minCyclomaticComplexity="0" maxCrapScore="0" minCrapScore="0" visitedClasses="1" numClasses="1" visitedMethods="1" numMethods="1" />
          <FullName>Boss</FullName>
          <Methods>
            <Method visited="true" cyclomaticComplexity="0" nPathComplexity="0" sequenceCoverage="15.38" branchCoverage="0" crapScore="0" isConstructor="false" isStatic="false" isGetter="false" isSetter="false">
              <Summary numSequencePoints="13" visitedSequencePoints="2" numBranchPoints="0" visitedBranchPoints="0" sequenceCoverage="15.38" branchCoverage="0" maxCyclomaticComplexity="0" minCyclomaticComplexity="0" maxCrapScore="0" minCrapScore="0" visitedClasses="0" numClasses="0" visitedMethods="1" numMethods="1" />
              <MetadataToken>100663353</MetadataToken>
              <Name>System.Void Boss::TakeDamage(System.Int32)</Name>
              <FileRef uid="8" />
              <SequencePoints>
                <SequencePoint vc="3" uspid="2194" ordinal="0" offset="0" sl="81" sc="5" el="81" ec="5" bec="0" bev="0" fileid="8" />
                <SequencePoint vc="3" uspid="2195" ordinal="0" offset="1" sl="82" sc="9" el="82" ec="9" bec="0" bev="0" fileid="8" />
                <SequencePoint vc="0" uspid="2196" ordinal="0" offset="16" sl="83" sc="13" el="83" ec="13" bec="0" bev="0" fileid="8" />
                <SequencePoint vc="0" uspid="2197" ordinal="0" offset="18" sl="85" sc="9" el="85" ec="9" bec="0" bev="0" fileid="8" />
                <SequencePoint vc="0" uspid="2198" ordinal="0" offset="36" sl="86" sc="9" el="86" ec="9" bec="0" bev="0" fileid="8" />
                <SequencePoint vc="0" uspid="2199" ordinal="0" offset="49" sl="88" sc="9" el="88" ec="9" bec="0" bev="0" fileid="8" />
                <SequencePoint vc="0" uspid="2200" ordinal="0" offset="69" sl="89" sc="9" el="89" ec="9" bec="0" bev="0" fileid="8" />
                <SequencePoint vc="0" uspid="2201" ordinal="0" offset="70" sl="90" sc="13" el="90" ec="13" bec="0" bev="0" fileid="8" />
                <SequencePoint vc="0" uspid="2202" ordinal="0" offset="77" sl="91" sc="9" el="91" ec="9" bec="0" bev="0" fileid="8" />
                <SequencePoint vc="0" uspid="2203" ordinal="0" offset="80" sl="93" sc="9" el="93" ec="9" bec="0" bev="0" fileid="8" />
                <SequencePoint vc="0" uspid="2204" ordinal="0" offset="81" sl="94" sc="13" el="94" ec="13" bec="0" bev="0" fileid="8" />
                <SequencePoint vc="0" uspid="2205" ordinal="0" offset="88" sl="95" sc="9" el="95" ec="9" bec="0" bev="0" fileid="8" />
                <SequencePoint vc="0" uspid="2206" ordinal="0" offset="89" sl="96" sc="5" el="96" ec="5" bec="0" bev="0" fileid="8" />
              </SequencePoints>
              <BranchPoints />
            </Method>
          </Methods>
        </Class>
        <Class>
          <Summary numSequencePoints="8" visitedSequencePoints="8" numBranchPoints="0" visitedBranchPoints="0" sequenceCoverage="100.0" branchCoverage="0.0" maxCyclomaticComplexity="0" minCyclomaticComplexity="0" maxCrapScore="0" minCrapScore="0" visitedClasses="1" numClasses="1" visitedMethods="2" numMethods="2" />
          <FullName>BossBrain</FullName>
          <Methods>
            <Method visited="true" cyclomaticComplexity="0" nPathComplexity="0" sequenceCoverage="100.0" branchCoverage="0" crapScore="0" isConstructor="false" isStatic="false" isGetter="false" isSetter="false">
              <Summary numSequencePoints="3" visitedSequencePoints="3" numBranchPoints="0" visitedBranchPoints="0" sequenceCoverage="100.0" branchCoverage="0" maxCyclomaticComplexity="0" minCyclomaticComplexity="0" maxCrapScore="0" minCrapScore="0" visitedClasses="0" numClasses="0" visitedMethods="1" numMethods="1" />
              <MetadataToken>100663364</MetadataToken>
              <Name>System.Void BossBrain::ChangeState(IBossState)</Name>
              <FileRef uid="9" />
              <SequencePoints>
                <SequencePoint vc="1" uspid="2229" ordinal="0" offset="0" sl="27" sc="5" el="27" ec="5" bec="0" bev="0" fileid="9" />
                <SequencePoint vc="1" uspid="2230" ordinal="0" offset="1" sl="28" sc="9" el="28" ec="9" bec="0" bev="0" fileid="9" />
                <SequencePoint vc="1" uspid="2231" ordinal="0" offset="20" sl="29" sc="5" el="29" ec="5" bec="0" bev="0" fileid="9" />
              </SequencePoints>
              <BranchPoints />
            </Method>
            <Method visited="true" cyclomaticComplexity="0" nPathComplexity="0" sequenceCoverage="100.0" branchCoverage="0" crapScore="0" isConstructor="true" isStatic="false" isGetter="false" isSetter="false">
              <Summary numSequencePoints="5" visitedSequencePoints="5" numBranchPoints="0" visitedBranchPoints="0" sequenceCoverage="100.0" branchCoverage="0" maxCyclomaticComplexity="0" minCyclomaticComplexity="0" maxCrapScore="0" minCrapScore="0" visitedClasses="0" numClasses="0" visitedMethods="1" numMethods="1" />
              <MetadataToken>100663361</MetadataToken>
              <Name>BossBrain::BossBrain(BossContext)</Name>
              <FileRef uid="9" />
              <SequencePoints>
                <SequencePoint vc="4" uspid="2232" ordinal="0" offset="0" sl="7" sc="5" el="7" ec="5" bec="0" bev="0" fileid="9" />
                <SequencePoint vc="4" uspid="2233" ordinal="0" offset="7" sl="8" sc="5" el="8" ec="5" bec="0" bev="0" fileid="9" />
                <SequencePoint vc="4" uspid="2234" ordinal="0" offset="8" sl="9" sc="9" el="9" ec="9" bec="0" bev="0" fileid="9" />
                <SequencePoint vc="4" uspid="2235" ordinal="0" offset="15" sl="11" sc="9" el="11" ec="9" bec="0" bev="0" fileid="9" />
                <SequencePoint vc="4" uspid="2236" ordinal="0" offset="26" sl="12" sc="5" el="12" ec="5" bec="0" bev="0" fileid="9" />
              </SequencePoints>
              <BranchPoints />
            </Method>
          </Methods>
        </Class>
        <Class>
          <Summary numSequencePoints="2" visitedSequencePoints="2" numBranchPoints="0" visitedBranchPoints="0" sequenceCoverage="100.0" branchCoverage="0.0" maxCyclomaticComplexity="0" minCyclomaticComplexity="0" maxCrapScore="0" minCrapScore="0" visitedClasses="1" numClasses="1" visitedMethods="2" numMethods="2" />
          <FullName>BossContext</FullName>
          <Methods>
            <Method visited="true" cyclomaticComplexity="0" nPathComplexity="0" sequenceCoverage="100.0" branchCoverage="0" crapScore="0" isConstructor="false" isStatic="false" isGetter="true" isSetter="false">
              <Summary numSequencePoints="1" visitedSequencePoints="1" numBranchPoints="0" visitedBranchPoints="0" sequenceCoverage="100.0" branchCoverage="0" maxCyclomaticComplexity="0" minCyclomaticComplexity="0" maxCrapScore="0" minCrapScore="0" visitedClasses="0" numClasses="0" visitedMethods="1" numMethods="1" />
              <MetadataToken>100663365</MetadataToken>
              <Name>System.Boolean BossContext::get_IsDead()</Name>
              <FileRef uid="10" />
              <SequencePoints>
                <SequencePoint vc="2" uspid="2237" ordinal="0" offset="0" sl="25" sc="27" el="25" ec="27" bec="0" bev="0" fileid="10" />
              </SequencePoints>
              <BranchPoints />
            </Method>
            <Method visited="true" cyclomaticComplexity="0" nPathComplexity="0" sequenceCoverage="100.0" branchCoverage="0" crapScore="0" isConstructor="true" isStatic="false" isGetter="false" isSetter="false">
              <Summary numSequencePoints="1" visitedSequencePoints="1" numBranchPoints="0" visitedBranchPoints="0" sequenceCoverage="100.0" branchCoverage="0" maxCyclomaticComplexity="0" minCyclomaticComplexity="0" maxCrapScore="0" minCrapScore="0" visitedClasses="0" numClasses="0" visitedMethods="1" numMethods="1" />
              <MetadataToken>100663366</MetadataToken>
              <Name>BossContext::BossContext()</Name>
              <FileRef uid="10" />
              <SequencePoints>
                <SequencePoint vc="4" uspid="2238" ordinal="0" offset="0" sl="24" sc="5" el="24" ec="5" bec="0" bev="0" fileid="10" />
              </SequencePoints>
              <BranchPoints />
            </Method>
          </Methods>
        </Class>
        <Class>
          <Summary numSequencePoints="5" visitedSequencePoints="5" numBranchPoints="0" visitedBranchPoints="0" sequenceCoverage="100.0" branchCoverage="0.0" maxCyclomaticComplexity="0" minCyclomaticComplexity="0" maxCrapScore="0" minCrapScore="0" visitedClasses="1" numClasses="1" visitedMethods="1" numMethods="1" />
          <FullName>BossStateMachine</FullName>
          <Methods>
            <Method visited="true" cyclomaticComplexity="0" nPathComplexity="0" sequenceCoverage="100.0" branchCoverage="0" crapScore="0" isConstructor="false" isStatic="false" isGetter="false" isSetter="false">
              <Summary numSequencePoints="5" visitedSequencePoints="5" numBranchPoints="0" visitedBranchPoints="0" sequenceCoverage="100.0" branchCoverage="0" maxCyclomaticComplexity="0" minCyclomaticComplexity="0" maxCrapScore="0" minCrapScore="0" visitedClasses="0" numClasses="0" visitedMethods="1" numMethods="1" />
              <MetadataToken>100663367</MetadataToken>
              <Name>System.Void BossStateMachine::SetState(IBossState, BossContext)</Name>
              <FileRef uid="11" />
              <SequencePoints>
                <SequencePoint vc="1" uspid="2239" ordinal="0" offset="0" sl="6" sc="5" el="6" ec="5" bec="0" bev="0" fileid="11" />
                <SequencePoint vc="1" uspid="2240" ordinal="0" offset="1" sl="7" sc="9" el="7" ec="9" bec="0" bev="0" fileid="11" />
                <SequencePoint vc="1" uspid="2241" ordinal="0" offset="20" sl="9" sc="9" el="9" ec="9" bec="0" bev="0" fileid="11" />
                <SequencePoint vc="1" uspid="2242" ordinal="0" offset="27" sl="11" sc="9" el="11" ec="9" bec="0" bev="0" fileid="11" />
                <SequencePoint vc="1" uspid="2243" ordinal="0" offset="40" sl="12" sc="5" el="12" ec="5" bec="0" bev="0" fileid="11" />
              </SequencePoints>
              <BranchPoints />
            </Method>
          </Methods>
        </Class>
        <Class>
          <Summary numSequencePoints="19" visitedSequencePoints="19" numBranchPoints="0" visitedBranchPoints="0" sequenceCoverage="100.0" branchCoverage="0.0" maxCyclomaticComplexity="0" minCyclomaticComplexity="0" maxCrapScore="0" minCrapScore="0" visitedClasses="1" numClasses="1" visitedMethods="1" numMethods="1" />
          <FullName>BossData</FullName>
          <Methods>
            <Method visited="true" cyclomaticComplexity="0" nPathComplexity="0" sequenceCoverage="100.0" branchCoverage="0" crapScore="0" isConstructor="true" isStatic="false" isGetter="false" isSetter="false">
              <Summary numSequencePoints="19" visitedSequencePoints="19" numBranchPoints="0" visitedBranchPoints="0" sequenceCoverage="100.0" branchCoverage="0" maxCyclomaticComplexity="0" minCyclomaticComplexity="0" maxCrapScore="0" minCrapScore="0" visitedClasses="0" numClasses="0" visitedMethods="1" numMethods="1" />
              <MetadataToken>100663370</MetadataToken>
              <Name>BossData::BossData()</Name>
              <FileRef uid="12" />
              <SequencePoints>
                <SequencePoint vc="12" uspid="2247" ordinal="0" offset="0" sl="6" sc="5" el="6" ec="5" bec="0" bev="0" fileid="12" />
                <SequencePoint vc="12" uspid="2248" ordinal="0" offset="8" sl="7" sc="5" el="7" ec="5" bec="0" bev="0" fileid="12" />
                <SequencePoint vc="12" uspid="2249" ordinal="0" offset="19" sl="8" sc="5" el="8" ec="5" bec="0" bev="0" fileid="12" />
                <SequencePoint vc="12" uspid="2250" ordinal="0" offset="30" sl="9" sc="5" el="9" ec="5" bec="0" bev="0" fileid="12" />
                <SequencePoint vc="12" uspid="2251" ordinal="0" offset="37" sl="10" sc="5" el="10" ec="5" bec="0" bev="0" fileid="12" />
                <SequencePoint vc="12" uspid="2252" ordinal="0" offset="48" sl="12" sc="5" el="12" ec="5" bec="0" bev="0" fileid="12" />
                <SequencePoint vc="12" uspid="2253" ordinal="0" offset="74" sl="15" sc="5" el="15" ec="5" bec="0" bev="0" fileid="12" />
                <SequencePoint vc="12" uspid="2254" ordinal="0" offset="85" sl="16" sc="5" el="16" ec="5" bec="0" bev="0" fileid="12" />
                <SequencePoint vc="12" uspid="2255" ordinal="0" offset="96" sl="20" sc="5" el="20" ec="5" bec="0" bev="0" fileid="12" />
                <SequencePoint vc="12" uspid="2256" ordinal="0" offset="107" sl="23" sc="5" el="23" ec="5" bec="0" bev="0" fileid="12" />
                <SequencePoint vc="12" uspid="2257" ordinal="0" offset="118" sl="24" sc="5" el="24" ec="5" bec="0" bev="0" fileid="12" />
                <SequencePoint vc="12" uspid="2258" ordinal="0" offset="129" sl="25" sc="5" el="25" ec="5" bec="0" bev="0" fileid="12" />
                <SequencePoint vc="12" uspid="2259" ordinal="0" offset="140" sl="26" sc="5" el="26" ec="5" bec="0" bev="0" fileid="12" />
                <SequencePoint vc="12" uspid="2260" ordinal="0" offset="166" sl="29" sc="5" el="29" ec="5" bec="0" bev="0" fileid="12" />
                <SequencePoint vc="12" uspid="2261" ordinal="0" offset="177" sl="30" sc="5" el="30" ec="5" bec="0" bev="0" fileid="12" />
                <SequencePoint vc="12" uspid="2262" ordinal="0" offset="188" sl="31" sc="5" el="31" ec="5" bec="0" bev="0" fileid="12" />
                <SequencePoint vc="12" uspid="2263" ordinal="0" offset="199" sl="32" sc="5" el="32" ec="5" bec="0" bev="0" fileid="12" />
                <SequencePoint vc="12" uspid="2264" ordinal="0" offset="210" sl="33" sc="5" el="33" ec="5" bec="0" bev="0" fileid="12" />
                <SequencePoint vc="12" uspid="2265" ordinal="0" offset="221" sl="34" sc="5" el="34" ec="5" bec="0" bev="0" fileid="12" />
              </SequencePoints>
              <BranchPoints />
            </Method>
          </Methods>
        </Class>
        <Class>
          <Summary numSequencePoints="15" visitedSequencePoints="14" numBranchPoints="0" visitedBranchPoints="0" sequenceCoverage="93.33" branchCoverage="0.0" maxCyclomaticComplexity="0" minCyclomaticComplexity="0" maxCrapScore="0" minCrapScore="0" visitedClasses="1" numClasses="1" visitedMethods="2" numMethods="2" />
          <FullName>AttackState</FullName>
          <Methods>
            <Method visited="true" cyclomaticComplexity="0" nPathComplexity="0" sequenceCoverage="100.0" branchCoverage="0" crapScore="0" isConstructor="false" isStatic="false" isGetter="false" isSetter="false">
              <Summary numSequencePoints="5" visitedSequencePoints="5" numBranchPoints="0" visitedBranchPoints="0" sequenceCoverage="100.0" branchCoverage="0" maxCyclomaticComplexity="0" minCyclomaticComplexity="0" maxCrapScore="0" minCrapScore="0" visitedClasses="0" numClasses="0" visitedMethods="1" numMethods="1" />
              <MetadataToken>100663374</MetadataToken>
              <Name>System.Void AttackState::EnterState(BossContext)</Name>
              <FileRef uid="13" />
              <SequencePoints>
                <SequencePoint vc="1" uspid="2266" ordinal="0" offset="0" sl="6" sc="5" el="6" ec="5" bec="0" bev="0" fileid="13" />
                <SequencePoint vc="1" uspid="2267" ordinal="0" offset="1" sl="7" sc="9" el="7" ec="9" bec="0" bev="0" fileid="13" />
                <SequencePoint vc="1" uspid="2268" ordinal="0" offset="8" sl="9" sc="9" el="9" ec="9" bec="0" bev="0" fileid="13" />
                <SequencePoint vc="1" uspid="2269" ordinal="0" offset="20" sl="11" sc="9" el="11" ec="9" bec="0" bev="0" fileid="13" />
                <SequencePoint vc="1" uspid="2270" ordinal="0" offset="37" sl="12" sc="5" el="12" ec="5" bec="0" bev="0" fileid="13" />
              </SequencePoints>
              <BranchPoints />
            </Method>
            <Method visited="true" cyclomaticComplexity="0" nPathComplexity="0" sequenceCoverage="90.00" branchCoverage="0" crapScore="0" isConstructor="false" isStatic="false" isGetter="false" isSetter="false">
              <Summary numSequencePoints="10" visitedSequencePoints="9" numBranchPoints="0" visitedBranchPoints="0" sequenceCoverage="90.00" branchCoverage="0" maxCyclomaticComplexity="0" minCyclomaticComplexity="0" maxCrapScore="0" minCrapScore="0" visitedClasses="0" numClasses="0" visitedMethods="1" numMethods="1" />
              <MetadataToken>100663375</MetadataToken>
              <Name>System.Void AttackState::UpdateState(BossContext)</Name>
              <FileRef uid="13" />
              <SequencePoints>
                <SequencePoint vc="1" uspid="2271" ordinal="0" offset="0" sl="15" sc="5" el="15" ec="5" bec="0" bev="0" fileid="13" />
                <SequencePoint vc="1" uspid="2272" ordinal="0" offset="1" sl="16" sc="9" el="16" ec="9" bec="0" bev="0" fileid="13" />
                <SequencePoint vc="0" uspid="2273" ordinal="0" offset="11" sl="17" sc="13" el="17" ec="13" bec="0" bev="0" fileid="13" />
                <SequencePoint vc="1" uspid="2274" ordinal="0" offset="13" sl="19" sc="9" el="19" ec="9" bec="0" bev="0" fileid="13" />
                <SequencePoint vc="1" uspid="2275" ordinal="0" offset="26" sl="20" sc="9" el="20" ec="9" bec="0" bev="0" fileid="13" />
                <SequencePoint vc="1" uspid="2276" ordinal="0" offset="27" sl="21" sc="13" el="21" ec="13" bec="0" bev="0" fileid="13" />
                <SequencePoint vc="1" uspid="2277" ordinal="0" offset="34" sl="23" sc="13" el="23" ec="13" bec="0" bev="0" fileid="13" />
                <SequencePoint vc="1" uspid="2278" ordinal="0" offset="47" sl="24" sc="9" el="24" ec="9" bec="0" bev="0" fileid="13" />
                <SequencePoint vc="1" uspid="2279" ordinal="0" offset="48" sl="26" sc="9" el="26" ec="9" bec="0" bev="0" fileid="13" />
                <SequencePoint vc="1" uspid="2280" ordinal="0" offset="65" sl="27" sc="5" el="27" ec="5" bec="0" bev="0" fileid="13" />
              </SequencePoints>
              <BranchPoints />
            </Method>
          </Methods>
        </Class>
        <Class>
          <Summary numSequencePoints="3" visitedSequencePoints="3" numBranchPoints="0" visitedBranchPoints="0" sequenceCoverage="100.0" branchCoverage="0.0" maxCyclomaticComplexity="0" minCyclomaticComplexity="0" maxCrapScore="0" minCrapScore="0" visitedClasses="1" numClasses="1" visitedMethods="1" numMethods="1" />
          <FullName>ChaseState</FullName>
          <Methods>
            <Method visited="true" cyclomaticComplexity="0" nPathComplexity="0" sequenceCoverage="100.0" branchCoverage="0" crapScore="0" isConstructor="false" isStatic="false" isGetter="false" isSetter="false">
              <Summary numSequencePoints="3" visitedSequencePoints="3" numBranchPoints="0" visitedBranchPoints="0" sequenceCoverage="100.0" branchCoverage="0" maxCyclomaticComplexity="0" minCyclomaticComplexity="0" maxCrapScore="0" minCrapScore="0" visitedClasses="0" numClasses="0" visitedMethods="1" numMethods="1" />
              <MetadataToken>100663378</MetadataToken>
              <Name>System.Void ChaseState::EnterState(BossContext)</Name>
              <FileRef uid="14" />
              <SequencePoints>
                <SequencePoint vc="1" uspid="2283" ordinal="0" offset="0" sl="8" sc="5" el="8" ec="5" bec="0" bev="0" fileid="14" />
                <SequencePoint vc="1" uspid="2284" ordinal="0" offset="1" sl="9" sc="9" el="9" ec="9" bec="0" bev="0" fileid="14" />
                <SequencePoint vc="1" uspid="2285" ordinal="0" offset="12" sl="10" sc="5" el="10" ec="5" bec="0" bev="0" fileid="14" />
              </SequencePoints>
              <BranchPoints />
            </Method>
          </Methods>
        </Class>
        <Class>
          <Summary numSequencePoints="18" visitedSequencePoints="13" numBranchPoints="0" visitedBranchPoints="0" sequenceCoverage="72.22" branchCoverage="0.0" maxCyclomaticComplexity="0" minCyclomaticComplexity="0" maxCrapScore="0" minCrapScore="0" visitedClasses="1" numClasses="1" visitedMethods="2" numMethods="2" />
          <FullName>DashState</FullName>
          <Methods>
            <Method visited="true" cyclomaticComplexity="0" nPathComplexity="0" sequenceCoverage="88.89" branchCoverage="0" crapScore="0" isConstructor="false" isStatic="false" isGetter="false" isSetter="false">
              <Summary numSequencePoints="9" visitedSequencePoints="8" numBranchPoints="0" visitedBranchPoints="0" sequenceCoverage="88.89" branchCoverage="0" maxCyclomaticComplexity="0" minCyclomaticComplexity="0" maxCrapScore="0" minCrapScore="0" visitedClasses="0" numClasses="0" visitedMethods="1" numMethods="1" />
              <MetadataToken>100663390</MetadataToken>
              <Name>System.Void DashState::EnterState(BossContext)</Name>
              <FileRef uid="15" />
              <SequencePoints>
                <SequencePoint vc="1" uspid="2374" ordinal="0" offset="0" sl="9" sc="5" el="9" ec="5" bec="0" bev="0" fileid="15" />
                <SequencePoint vc="1" uspid="2375" ordinal="0" offset="1" sl="10" sc="9" el="10" ec="9" bec="0" bev="0" fileid="15" />
                <SequencePoint vc="0" uspid="2376" ordinal="0" offset="11" sl="11" sc="13" el="11" ec="13" bec="0" bev="0" fileid="15" />
                <SequencePoint vc="1" uspid="2377" ordinal="0" offset="13" sl="12" sc="9" el="12" ec="9" bec="0" bev="0" fileid="15" />
                <SequencePoint vc="1" uspid="2378" ordinal="0" offset="30" sl="14" sc="9" el="14" ec="9" bec="0" bev="0" fileid="15" />
                <SequencePoint vc="1" uspid="2379" ordinal="0" offset="46" sl="15" sc="9" el="15" ec="9" bec="0" bev="0" fileid="15" />
                <SequencePoint vc="1" uspid="2380" ordinal="0" offset="47" sl="16" sc="13" el="16" ec="13" bec="0" bev="0" fileid="15" />
                <SequencePoint vc="1" uspid="2381" ordinal="0" offset="93" sl="20" sc="9" el="20" ec="9" bec="0" bev="0" fileid="15" />
                <SequencePoint vc="1" uspid="2382" ordinal="0" offset="94" sl="21" sc="5" el="21" ec="5" bec="0" bev="0" fileid="15" />
              </SequencePoints>
              <BranchPoints />
            </Method>
            <Method visited="true" cyclomaticComplexity="0" nPathComplexity="0" sequenceCoverage="55.56" branchCoverage="0" crapScore="0" isConstructor="false" isStatic="false" isGetter="false" isSetter="false">
              <Summary numSequencePoints="9" visitedSequencePoints="5" numBranchPoints="0" visitedBranchPoints="0" sequenceCoverage="55.56" branchCoverage="0" maxCyclomaticComplexity="0" minCyclomaticComplexity="0" maxCrapScore="0" minCrapScore="0" visitedClasses="0" numClasses="0" visitedMethods="1" numMethods="1" />
              <MetadataToken>100663391</MetadataToken>
              <Name>System.Void DashState::UpdateState(BossContext)</Name>
              <FileRef uid="15" />
              <SequencePoints>
                <SequencePoint vc="1" uspid="2383" ordinal="0" offset="0" sl="24" sc="5" el="24" ec="5" bec="0" bev="0" fileid="15" />
                <SequencePoint vc="1" uspid="2384" ordinal="0" offset="1" sl="25" sc="9" el="25" ec="9" bec="0" bev="0" fileid="15" />
                <SequencePoint vc="1" uspid="2385" ordinal="0" offset="30" sl="29" sc="9" el="29" ec="9" bec="0" bev="0" fileid="15" />
                <SequencePoint vc="1" uspid="2386" ordinal="0" offset="48" sl="31" sc="9" el="31" ec="9" bec="0" bev="0" fileid="15" />
                <SequencePoint vc="0" uspid="2387" ordinal="0" offset="68" sl="32" sc="9" el="32" ec="9" bec="0" bev="0" fileid="15" />
                <SequencePoint vc="0" uspid="2388" ordinal="0" offset="69" sl="33" sc="13" el="33" ec="13" bec="0" bev="0" fileid="15" />
                <SequencePoint vc="0" uspid="2389" ordinal="0" offset="80" sl="35" sc="13" el="35" ec="13" bec="0" bev="0" fileid="15" />
                <SequencePoint vc="0" uspid="2390" ordinal="0" offset="97" sl="36" sc="9" el="36" ec="9" bec="0" bev="0" fileid="15" />
                <SequencePoint vc="1" uspid="2391" ordinal="0" offset="98" sl="37" sc="5" el="37" ec="5" bec="0" bev="0" fileid="15" />
              </SequencePoints>
              <BranchPoints />
            </Method>
          </Methods>
        </Class>
        <Class>
          <Summary numSequencePoints="29" visitedSequencePoints="19" numBranchPoints="0" visitedBranchPoints="0" sequenceCoverage="65.52" branchCoverage="0.0" maxCyclomaticComplexity="0" minCyclomaticComplexity="0" maxCrapScore="0" minCrapScore="0" visitedClasses="1" numClasses="1" visitedMethods="3" numMethods="3" />
          <FullName>BossCombat</FullName>
          <Methods>
            <Method visited="true" cyclomaticComplexity="0" nPathComplexity="0" sequenceCoverage="43.75" branchCoverage="0" crapScore="0" isConstructor="false" isStatic="false" isGetter="false" isSetter="false">
              <Summary numSequencePoints="16" visitedSequencePoints="7" numBranchPoints="0" visitedBranchPoints="0" sequenceCoverage="43.75" branchCoverage="0" maxCyclomaticComplexity="0" minCyclomaticComplexity="0" maxCrapScore="0" minCrapScore="0" visitedClasses="0" numClasses="0" visitedMethods="1" numMethods="1" />
              <MetadataToken>100663403</MetadataToken>
              <Name>System.Void BossCombat::DealDamage(BossContext)</Name>
              <FileRef uid="18" />
              <SequencePoints>
                <SequencePoint vc="1" uspid="2420" ordinal="0" offset="0" sl="23" sc="5" el="23" ec="5" bec="0" bev="0" fileid="18" />
                <SequencePoint vc="1" uspid="2421" ordinal="0" offset="1" sl="24" sc="9" el="24" ec="9" bec="0" bev="0" fileid="18" />
                <SequencePoint vc="1" uspid="2422" ordinal="0" offset="14" sl="26" sc="9" el="26" ec="9" bec="0" bev="0" fileid="18" />
                <SequencePoint vc="1" uspid="2423" ordinal="0" offset="42" sl="31" sc="9" el="31" ec="9" bec="0" bev="0" fileid="18" />
                <SequencePoint vc="1" uspid="2424" ordinal="0" offset="43" sl="31" sc="29" el="31" ec="29" bec="0" bev="0" fileid="18" />
                <SequencePoint vc="0" uspid="2425" ordinal="0" offset="49" sl="31" sc="18" el="31" ec="18" bec="0" bev="0" fileid="18" />
                <SequencePoint vc="0" uspid="2426" ordinal="0" offset="54" sl="32" sc="9" el="32" ec="9" bec="0" bev="0" fileid="18" />
                <SequencePoint vc="0" uspid="2427" ordinal="0" offset="55" sl="33" sc="13" el="33" ec="13" bec="0" bev="0" fileid="18" />
                <SequencePoint vc="0" uspid="2428" ordinal="0" offset="73" sl="34" sc="13" el="34" ec="13" bec="0" bev="0" fileid="18" />
                <SequencePoint vc="0" uspid="2429" ordinal="0" offset="74" sl="35" sc="17" el="35" ec="17" bec="0" bev="0" fileid="18" />
                <SequencePoint vc="0" uspid="2430" ordinal="0" offset="83" sl="37" sc="17" el="37" ec="17" bec="0" bev="0" fileid="18" />
                <SequencePoint vc="0" uspid="2431" ordinal="0" offset="97" sl="38" sc="21" el="38" ec="21" bec="0" bev="0" fileid="18" />
                <SequencePoint vc="0" uspid="2432" ordinal="0" offset="133" sl="41" sc="13" el="41" ec="13" bec="0" bev="0" fileid="18" />
                <SequencePoint vc="0" uspid="2433" ordinal="0" offset="134" sl="42" sc="9" el="42" ec="9" bec="0" bev="0" fileid="18" />
                <SequencePoint vc="1" uspid="2434" ordinal="0" offset="139" sl="31" sc="26" el="31" ec="26" bec="0" bev="0" fileid="18" />
                <SequencePoint vc="1" uspid="2435" ordinal="0" offset="145" sl="43" sc="5" el="43" ec="5" bec="0" bev="0" fileid="18" />
              </SequencePoints>
              <BranchPoints />
            </Method>
            <Method visited="true" cyclomaticComplexity="0" nPathComplexity="0" sequenceCoverage="83.33" branchCoverage="0" crapScore="0" isConstructor="false" isStatic="false" isGetter="false" isSetter="false">
              <Summary numSequencePoints="6" visitedSequencePoints="5" numBranchPoints="0" visitedBranchPoints="0" sequenceCoverage="83.33" branchCoverage="0" maxCyclomaticComplexity="0" minCyclomaticComplexity="0" maxCrapScore="0" minCrapScore="0" visitedClasses="0" numClasses="0" visitedMethods="1" numMethods="1" />
              <MetadataToken>100663404</MetadataToken>
              <Name>UnityEngine.Transform BossCombat::GetAttackPoint(UnityEngine.Vector2)</Name>
              <FileRef uid="18" />
              <SequencePoints>
                <SequencePoint vc="1" uspid="2436" ordinal="0" offset="0" sl="46" sc="5" el="46" ec="5" bec="0" bev="0" fileid="18" />
                <SequencePoint vc="1" uspid="2437" ordinal="0" offset="1" sl="47" sc="9" el="47" ec="9" bec="0" bev="0" fileid="18" />
                <SequencePoint vc="1" uspid="2438" ordinal="0" offset="29" sl="48" sc="9" el="48" ec="9" bec="0" bev="0" fileid="18" />
                <SequencePoint vc="1" uspid="2439" ordinal="0" offset="30" sl="49" sc="13" el="49" ec="13" bec="0" bev="0" fileid="18" />
                <SequencePoint vc="0" uspid="2440" ordinal="0" offset="60" sl="52" sc="9" el="52" ec="9" bec="0" bev="0" fileid="18" />
                <SequencePoint vc="1" uspid="2441" ordinal="0" offset="90" sl="53" sc="5" el="53" ec="5" bec="0" bev="0" fileid="18" />
              </SequencePoints>
              <BranchPoints />
            </Method>
            <Method visited="true" cyclomaticComplexity="0" nPathComplexity="0" sequenceCoverage="100.0" branchCoverage="0" crapScore="0" isConstructor="true" isStatic="false" isGetter="false" isSetter="false">
              <Summary numSequencePoints="7" visitedSequencePoints="7" numBranchPoints="0" visitedBranchPoints="0" sequenceCoverage="100.0" branchCoverage="0" maxCyclomaticComplexity="0" minCyclomaticComplexity="0" maxCrapScore="0" minCrapScore="0" visitedClasses="0" numClasses="0" visitedMethods="1" numMethods="1" />
              <MetadataToken>100663402</MetadataToken>
              <Name>BossCombat::BossCombat(UnityEngine.Transform, UnityEngine.Transform, UnityEngine.Transform, UnityEngine.Transform)</Name>
              <FileRef uid="18" />
              <SequencePoints>
                <SequencePoint vc="3" uspid="2442" ordinal="0" offset="0" sl="10" sc="5" el="10" ec="5" bec="0" bev="0" fileid="18" />
                <SequencePoint vc="3" uspid="2443" ordinal="0" offset="7" sl="15" sc="5" el="15" ec="5" bec="0" bev="0" fileid="18" />
                <SequencePoint vc="3" uspid="2444" ordinal="0" offset="8" sl="16" sc="9" el="16" ec="9" bec="0" bev="0" fileid="18" />
                <SequencePoint vc="3" uspid="2445" ordinal="0" offset="15" sl="17" sc="9" el="17" ec="9" bec="0" bev="0" fileid="18" />
                <SequencePoint vc="3" uspid="2446" ordinal="0" offset="22" sl="18" sc="9" el="18" ec="9" bec="0" bev="0" fileid="18" />
                <SequencePoint vc="3" uspid="2447" ordinal="0" offset="29" sl="19" sc="9" el="19" ec="9" bec="0" bev="0" fileid="18" />
                <SequencePoint vc="3" uspid="2448" ordinal="0" offset="37" sl="20" sc="5" el="20" ec="5" bec="0" bev="0" fileid="18" />
              </SequencePoints>
              <BranchPoints />
            </Method>
          </Methods>
        </Class>
        <Class>
          <Summary numSequencePoints="17" visitedSequencePoints="16" numBranchPoints="0" visitedBranchPoints="0" sequenceCoverage="94.12" branchCoverage="0.0" maxCyclomaticComplexity="0" minCyclomaticComplexity="0" maxCrapScore="0" minCrapScore="0" visitedClasses="1" numClasses="1" visitedMethods="5" numMethods="5" />
          <FullName>BossHealth</FullName>
          <Methods>
            <Method visited="true" cyclomaticComplexity="0" nPathComplexity="0" sequenceCoverage="100.0" branchCoverage="0" crapScore="0" isConstructor="false" isStatic="false" isGetter="true" isSetter="false">
              <Summary numSequencePoints="1" visitedSequencePoints="1" numBranchPoints="0" visitedBranchPoints="0" sequenceCoverage="100.0" branchCoverage="0" maxCyclomaticComplexity="0" minCyclomaticComplexity="0" maxCrapScore="0" minCrapScore="0" visitedClasses="0" numClasses="0" visitedMethods="1" numMethods="1" />
              <MetadataToken>100663405</MetadataToken>
              <Name>System.Int32 BossHealth::get_MaxHealth()</Name>
              <FileRef uid="19" />
              <SequencePoints>
                <SequencePoint vc="5" uspid="2449" ordinal="0" offset="0" sl="5" sc="28" el="5" ec="28" bec="0" bev="0" fileid="19" />
              </SequencePoints>
              <BranchPoints />
            </Method>
            <Method visited="true" cyclomaticComplexity="0" nPathComplexity="0" sequenceCoverage="100.0" branchCoverage="0" crapScore="0" isConstructor="false" isStatic="false" isGetter="true" isSetter="false">
              <Summary numSequencePoints="1" visitedSequencePoints="1" numBranchPoints="0" visitedBranchPoints="0" sequenceCoverage="100.0" branchCoverage="0" maxCyclomaticComplexity="0" minCyclomaticComplexity="0" maxCrapScore="0" minCrapScore="0" visitedClasses="0" numClasses="0" visitedMethods="1" numMethods="1" />
              <MetadataToken>100663406</MetadataToken>
              <Name>System.Boolean BossHealth::get_IsDead()</Name>
              <FileRef uid="19" />
              <SequencePoints>
                <SequencePoint vc="9" uspid="2450" ordinal="0" offset="0" sl="7" sc="27" el="7" ec="27" bec="0" bev="0" fileid="19" />
              </SequencePoints>
              <BranchPoints />
            </Method>
            <Method visited="true" cyclomaticComplexity="0" nPathComplexity="0" sequenceCoverage="85.71" branchCoverage="0" crapScore="0" isConstructor="false" isStatic="false" isGetter="false" isSetter="false">
              <Summary numSequencePoints="7" visitedSequencePoints="6" numBranchPoints="0" visitedBranchPoints="0" sequenceCoverage="85.71" branchCoverage="0" maxCyclomaticComplexity="0" minCyclomaticComplexity="0" maxCrapScore="0" minCrapScore="0" visitedClasses="0" numClasses="0" visitedMethods="1" numMethods="1" />
              <MetadataToken>100663408</MetadataToken>
              <Name>System.Void BossHealth::TakeDamage(System.Int32)</Name>
              <FileRef uid="19" />
              <SequencePoints>
                <SequencePoint vc="5" uspid="2451" ordinal="0" offset="0" sl="16" sc="5" el="16" ec="5" bec="0" bev="0" fileid="19" />
                <SequencePoint vc="5" uspid="2452" ordinal="0" offset="1" sl="17" sc="9" el="17" ec="9" bec="0" bev="0" fileid="19" />
                <SequencePoint vc="0" uspid="2453" ordinal="0" offset="11" sl="18" sc="13" el="18" ec="13" bec="0" bev="0" fileid="19" />
                <SequencePoint vc="5" uspid="2454" ordinal="0" offset="13" sl="20" sc="9" el="20" ec="9" bec="0" bev="0" fileid="19" />
                <SequencePoint vc="5" uspid="2455" ordinal="0" offset="27" sl="22" sc="9" el="22" ec="9" bec="0" bev="0" fileid="19" />
                <SequencePoint vc="1" uspid="2456" ordinal="0" offset="40" sl="23" sc="13" el="23" ec="13" bec="0" bev="0" fileid="19" />
                <SequencePoint vc="5" uspid="2457" ordinal="0" offset="47" sl="24" sc="5" el="24" ec="5" bec="0" bev="0" fileid="19" />
              </SequencePoints>
              <BranchPoints />
            </Method>
            <Method visited="true" cyclomaticComplexity="0" nPathComplexity="0" sequenceCoverage="100.0" branchCoverage="0" crapScore="0" isConstructor="false" isStatic="false" isGetter="false" isSetter="false">
              <Summary numSequencePoints="3" visitedSequencePoints="3" numBranchPoints="0" visitedBranchPoints="0" sequenceCoverage="100.0" branchCoverage="0" maxCyclomaticComplexity="0" minCyclomaticComplexity="0" maxCrapScore="0" minCrapScore="0" visitedClasses="0" numClasses="0" visitedMethods="1" numMethods="1" />
              <MetadataToken>100663409</MetadataToken>
              <Name>System.Single BossHealth::HealthPercent()</Name>
              <FileRef uid="19" />
              <SequencePoints>
                <SequencePoint vc="4" uspid="2458" ordinal="0" offset="0" sl="27" sc="5" el="27" ec="5" bec="0" bev="0" fileid="19" />
                <SequencePoint vc="4" uspid="2459" ordinal="0" offset="1" sl="28" sc="9" el="28" ec="9" bec="0" bev="0" fileid="19" />
                <SequencePoint vc="4" uspid="2460" ordinal="0" offset="19" sl="29" sc="5" el="29" ec="5" bec="0" bev="0" fileid="19" />
              </SequencePoints>
              <BranchPoints />
            </Method>
            <Method visited="true" cyclomaticComplexity="0" nPathComplexity="0" sequenceCoverage="100.0" branchCoverage="0" crapScore="0" isConstructor="true" isStatic="false" isGetter="false" isSetter="false">
[...]
                <SequencePoint vc="0" uspid="3768" ordinal="0" offset="112" sl="45" sc="9" el="45" ec="9" bec="0" bev="0" fileid="3" />
                <SequencePoint vc="0" uspid="3769" ordinal="0" offset="129" sl="46" sc="9" el="46" ec="9" bec="0" bev="0" fileid="3" />
                <SequencePoint vc="0" uspid="3770" ordinal="0" offset="146" sl="48" sc="9" el="48" ec="9" bec="0" bev="0" fileid="3" />
                <SequencePoint vc="0" uspid="3771" ordinal="0" offset="158" sl="49" sc="9" el="49" ec="9" bec="0" bev="0" fileid="3" />
                <SequencePoint vc="0" uspid="3772" ordinal="0" offset="170" sl="50" sc="9" el="50" ec="9" bec="0" bev="0" fileid="3" />
                <SequencePoint vc="0" uspid="3773" ordinal="0" offset="182" sl="52" sc="9" el="52" ec="9" bec="0" bev="0" fileid="3" />
                <SequencePoint vc="0" uspid="3774" ordinal="0" offset="200" sl="54" sc="9" el="54" ec="9" bec="0" bev="0" fileid="3" />
                <SequencePoint vc="0" uspid="3775" ordinal="0" offset="219" sl="56" sc="9" el="56" ec="9" bec="0" bev="0" fileid="3" />
                <SequencePoint vc="0" uspid="3776" ordinal="0" offset="251" sl="58" sc="9" el="58" ec="9" bec="0" bev="0" fileid="3" />
                <SequencePoint vc="0" uspid="3777" ordinal="0" offset="295" sl="60" sc="9" el="60" ec="9" bec="0" bev="0" fileid="3" />
                <SequencePoint vc="0" uspid="3778" ordinal="0" offset="307" sl="62" sc="9" el="62" ec="9" bec="0" bev="0" fileid="3" />
                <SequencePoint vc="0" uspid="3779" ordinal="0" offset="325" sl="63" sc="13" el="63" ec="13" bec="0" bev="0" fileid="3" />
                <SequencePoint vc="0" uspid="3780" ordinal="0" offset="343" sl="64" sc="5" el="64" ec="5" bec="0" bev="0" fileid="3" />
              </SequencePoints>
              <BranchPoints />
            </Method>
          </Methods>
        </Class>
        <Class>
          <Summary numSequencePoints="4" visitedSequencePoints="2" numBranchPoints="0" visitedBranchPoints="0" sequenceCoverage="50.00" branchCoverage="0.0" maxCyclomaticComplexity="0" minCyclomaticComplexity="0" maxCrapScore="0" minCrapScore="0" visitedClasses="1" numClasses="1" visitedMethods="1" numMethods="1" />
          <FullName>BlackjackInteract/&lt;InteractionCooldown&gt;d__4</FullName>
          <Methods>
            <Method visited="true" cyclomaticComplexity="0" nPathComplexity="0" sequenceCoverage="50.00" branchCoverage="0" crapScore="0" isConstructor="false" isStatic="false" isGetter="false" isSetter="false">
              <Summary numSequencePoints="4" visitedSequencePoints="2" numBranchPoints="0" visitedBranchPoints="0" sequenceCoverage="50.00" branchCoverage="0" maxCyclomaticComplexity="0" minCyclomaticComplexity="0" maxCrapScore="0" minCrapScore="0" visitedClasses="0" numClasses="0" visitedMethods="1" numMethods="1" />
              <MetadataToken>100663663</MetadataToken>
              <Name>System.Boolean BlackjackInteract/&lt;InteractionCooldown&gt;d__4::MoveNext()</Name>
              <FileRef uid="5" />
              <SequencePoints>
                <SequencePoint vc="1" uspid="3834" ordinal="0" offset="31" sl="32" sc="5" el="32" ec="5" bec="0" bev="0" fileid="5" />
                <SequencePoint vc="1" uspid="3835" ordinal="0" offset="32" sl="33" sc="9" el="33" ec="9" bec="0" bev="0" fileid="5" />
                <SequencePoint vc="0" uspid="3836" ordinal="0" offset="64" sl="34" sc="9" el="34" ec="9" bec="0" bev="0" fileid="5" />
                <SequencePoint vc="0" uspid="3837" ordinal="0" offset="76" sl="35" sc="5" el="35" ec="5" bec="0" bev="0" fileid="5" />
              </SequencePoints>
              <BranchPoints />
            </Method>
          </Methods>
        </Class>
        <Class>
          <Summary numSequencePoints="7" visitedSequencePoints="7" numBranchPoints="0" visitedBranchPoints="0" sequenceCoverage="100.0" branchCoverage="0.0" maxCyclomaticComplexity="0" minCyclomaticComplexity="0" maxCrapScore="0" minCrapScore="0" visitedClasses="1" numClasses="1" visitedMethods="1" numMethods="1" />
          <FullName>BlackjackRewardSystem/&lt;LoseRoutine&gt;d__4</FullName>
          <Methods>
            <Method visited="true" cyclomaticComplexity="0" nPathComplexity="0" sequenceCoverage="100.0" branchCoverage="0" crapScore="0" isConstructor="false" isStatic="false" isGetter="false" isSetter="false">
              <Summary numSequencePoints="7" visitedSequencePoints="7" numBranchPoints="0" visitedBranchPoints="0" sequenceCoverage="100.0" branchCoverage="0" maxCyclomaticComplexity="0" minCyclomaticComplexity="0" maxCrapScore="0" minCrapScore="0" visitedClasses="0" numClasses="0" visitedMethods="1" numMethods="1" />
              <MetadataToken>100663669</MetadataToken>
              <Name>System.Boolean BlackjackRewardSystem/&lt;LoseRoutine&gt;d__4::MoveNext()</Name>
              <FileRef uid="57" />
              <SequencePoints>
                <SequencePoint vc="1" uspid="3838" ordinal="0" offset="31" sl="30" sc="5" el="30" ec="5" bec="0" bev="0" fileid="57" />
                <SequencePoint vc="1" uspid="3839" ordinal="0" offset="32" sl="31" sc="9" el="31" ec="9" bec="0" bev="0" fileid="57" />
                <SequencePoint vc="1" uspid="3840" ordinal="0" offset="64" sl="33" sc="9" el="33" ec="9" bec="0" bev="0" fileid="57" />
                <SequencePoint vc="1" uspid="3841" ordinal="0" offset="75" sl="34" sc="9" el="34" ec="9" bec="0" bev="0" fileid="57" />
                <SequencePoint vc="1" uspid="3842" ordinal="0" offset="91" sl="35" sc="13" el="35" ec="13" bec="0" bev="0" fileid="57" />
                <SequencePoint vc="1" uspid="3843" ordinal="0" offset="124" sl="37" sc="9" el="37" ec="9" bec="0" bev="0" fileid="57" />
                <SequencePoint vc="1" uspid="3844" ordinal="0" offset="137" sl="38" sc="5" el="38" ec="5" bec="0" bev="0" fileid="57" />
              </SequencePoints>
              <BranchPoints />
            </Method>
          </Methods>
        </Class>
        <Class>
          <Summary numSequencePoints="13" visitedSequencePoints="9" numBranchPoints="0" visitedBranchPoints="0" sequenceCoverage="69.23" branchCoverage="0.0" maxCyclomaticComplexity="0" minCyclomaticComplexity="0" maxCrapScore="0" minCrapScore="0" visitedClasses="1" numClasses="1" visitedMethods="1" numMethods="1" />
          <FullName>BlackjackRewardSystem/&lt;WinRoutine&gt;d__3</FullName>
          <Methods>
            <Method visited="true" cyclomaticComplexity="0" nPathComplexity="0" sequenceCoverage="69.23" branchCoverage="0" crapScore="0" isConstructor="false" isStatic="false" isGetter="false" isSetter="false">
              <Summary numSequencePoints="13" visitedSequencePoints="9" numBranchPoints="0" visitedBranchPoints="0" sequenceCoverage="69.23" branchCoverage="0" maxCyclomaticComplexity="0" minCyclomaticComplexity="0" maxCrapScore="0" minCrapScore="0" visitedClasses="0" numClasses="0" visitedMethods="1" numMethods="1" />
              <MetadataToken>100663675</MetadataToken>
              <Name>System.Boolean BlackjackRewardSystem/&lt;WinRoutine&gt;d__3::MoveNext()</Name>
              <FileRef uid="57" />
              <SequencePoints>
                <SequencePoint vc="1" uspid="3845" ordinal="0" offset="31" sl="11" sc="5" el="11" ec="5" bec="0" bev="0" fileid="57" />
                <SequencePoint vc="1" uspid="3846" ordinal="0" offset="32" sl="12" sc="9" el="12" ec="9" bec="0" bev="0" fileid="57" />
                <SequencePoint vc="1" uspid="3847" ordinal="0" offset="64" sl="14" sc="9" el="14" ec="9" bec="0" bev="0" fileid="57" />
                <SequencePoint vc="1" uspid="3848" ordinal="0" offset="74" sl="15" sc="9" el="15" ec="9" bec="0" bev="0" fileid="57" />
                <SequencePoint vc="1" uspid="3849" ordinal="0" offset="75" sl="16" sc="13" el="16" ec="13" bec="0" bev="0" fileid="57" />
                <SequencePoint vc="1" uspid="3850" ordinal="0" offset="96" sl="17" sc="17" el="17" ec="17" bec="0" bev="0" fileid="57" />
                <SequencePoint vc="1" uspid="3851" ordinal="0" offset="134" sl="18" sc="9" el="18" ec="9" bec="0" bev="0" fileid="57" />
                <SequencePoint vc="0" uspid="3852" ordinal="0" offset="137" sl="20" sc="9" el="20" ec="9" bec="0" bev="0" fileid="57" />
                <SequencePoint vc="0" uspid="3853" ordinal="0" offset="138" sl="21" sc="13" el="21" ec="13" bec="0" bev="0" fileid="57" />
                <SequencePoint vc="0" uspid="3854" ordinal="0" offset="159" sl="22" sc="17" el="22" ec="17" bec="0" bev="0" fileid="57" />
                <SequencePoint vc="0" uspid="3855" ordinal="0" offset="197" sl="23" sc="9" el="23" ec="9" bec="0" bev="0" fileid="57" />
                <SequencePoint vc="1" uspid="3856" ordinal="0" offset="198" sl="25" sc="9" el="25" ec="9" bec="0" bev="0" fileid="57" />
                <SequencePoint vc="1" uspid="3857" ordinal="0" offset="211" sl="26" sc="5" el="26" ec="5" bec="0" bev="0" fileid="57" />
              </SequencePoints>
              <BranchPoints />
            </Method>
          </Methods>
        </Class>
        <Class>
          <Summary numSequencePoints="16" visitedSequencePoints="10" numBranchPoints="0" visitedBranchPoints="0" sequenceCoverage="62.50" branchCoverage="0.0" maxCyclomaticComplexity="0" minCyclomaticComplexity="0" maxCrapScore="0" minCrapScore="0" visitedClasses="1" numClasses="1" visitedMethods="1" numMethods="1" />
          <FullName>EnemyHealth/&lt;FadeAndDestroy&gt;d__15</FullName>
          <Methods>
            <Method visited="true" cyclomaticComplexity="0" nPathComplexity="0" sequenceCoverage="62.50" branchCoverage="0" crapScore="0" isConstructor="false" isStatic="false" isGetter="false" isSetter="false">
              <Summary numSequencePoints="16" visitedSequencePoints="10" numBranchPoints="0" visitedBranchPoints="0" sequenceCoverage="62.50" branchCoverage="0" maxCyclomaticComplexity="0" minCyclomaticComplexity="0" maxCrapScore="0" minCrapScore="0" visitedClasses="0" numClasses="0" visitedMethods="1" numMethods="1" />
              <MetadataToken>100663695</MetadataToken>
              <Name>System.Boolean EnemyHealth/&lt;FadeAndDestroy&gt;d__15::MoveNext()</Name>
              <FileRef uid="27" />
              <SequencePoints>
                <SequencePoint vc="3" uspid="3882" ordinal="0" offset="34" sl="95" sc="5" el="95" ec="5" bec="0" bev="0" fileid="27" />
                <SequencePoint vc="3" uspid="3883" ordinal="0" offset="35" sl="96" sc="9" el="96" ec="9" bec="0" bev="0" fileid="27" />
                <SequencePoint vc="3" uspid="3884" ordinal="0" offset="46" sl="97" sc="9" el="97" ec="9" bec="0" bev="0" fileid="27" />
                <SequencePoint vc="3" uspid="3885" ordinal="0" offset="57" sl="98" sc="9" el="98" ec="9" bec="0" bev="0" fileid="27" />
                <SequencePoint vc="4" uspid="3886" ordinal="0" offset="110" sl="101" sc="9" el="101" ec="9" bec="0" bev="0" fileid="27" />
                <SequencePoint vc="4" uspid="3887" ordinal="0" offset="111" sl="102" sc="13" el="102" ec="13" bec="0" bev="0" fileid="27" />
                <SequencePoint vc="4" uspid="3888" ordinal="0" offset="129" sl="103" sc="13" el="103" ec="13" bec="0" bev="0" fileid="27" />
                <SequencePoint vc="0" uspid="3889" ordinal="0" offset="150" sl="104" sc="13" el="104" ec="13" bec="0" bev="0" fileid="27" />
                <SequencePoint vc="0" uspid="3890" ordinal="0" offset="151" sl="105" sc="17" el="105" ec="17" bec="0" bev="0" fileid="27" />
                <SequencePoint vc="0" uspid="3891" ordinal="0" offset="185" sl="106" sc="17" el="106" ec="17" bec="0" bev="0" fileid="27" />
                <SequencePoint vc="0" uspid="3892" ordinal="0" offset="246" sl="107" sc="13" el="107" ec="13" bec="0" bev="0" fileid="27" />
                <SequencePoint vc="4" uspid="3893" ordinal="0" offset="247" sl="108" sc="13" el="108" ec="13" bec="0" bev="0" fileid="27" />
                <SequencePoint vc="1" uspid="3894" ordinal="0" offset="270" sl="109" sc="9" el="109" ec="9" bec="0" bev="0" fileid="27" />
                <SequencePoint vc="4" uspid="3895" ordinal="0" offset="271" sl="100" sc="9" el="100" ec="9" bec="0" bev="0" fileid="27" />
                <SequencePoint vc="0" uspid="3896" ordinal="0" offset="292" sl="111" sc="9" el="111" ec="9" bec="0" bev="0" fileid="27" />
                <SequencePoint vc="0" uspid="3897" ordinal="0" offset="309" sl="112" sc="5" el="112" ec="5" bec="0" bev="0" fileid="27" />
              </SequencePoints>
              <BranchPoints />
            </Method>
          </Methods>
        </Class>
        <Class>
          <Summary numSequencePoints="7" visitedSequencePoints="3" numBranchPoints="0" visitedBranchPoints="0" sequenceCoverage="42.86" branchCoverage="0.0" maxCyclomaticComplexity="0" minCyclomaticComplexity="0" maxCrapScore="0" minCrapScore="0" visitedClasses="1" numClasses="1" visitedMethods="1" numMethods="1" />
          <FullName>EnemyHealth/&lt;HitFlash&gt;d__13</FullName>
          <Methods>
            <Method visited="true" cyclomaticComplexity="0" nPathComplexity="0" sequenceCoverage="42.86" branchCoverage="0" crapScore="0" isConstructor="false" isStatic="false" isGetter="false" isSetter="false">
              <Summary numSequencePoints="7" visitedSequencePoints="3" numBranchPoints="0" visitedBranchPoints="0" sequenceCoverage="42.86" branchCoverage="0" maxCyclomaticComplexity="0" minCyclomaticComplexity="0" maxCrapScore="0" minCrapScore="0" visitedClasses="0" numClasses="0" visitedMethods="1" numMethods="1" />
              <MetadataToken>100663701</MetadataToken>
              <Name>System.Boolean EnemyHealth/&lt;HitFlash&gt;d__13::MoveNext()</Name>
              <FileRef uid="27" />
              <SequencePoints>
                <SequencePoint vc="3" uspid="3898" ordinal="0" offset="31" sl="45" sc="5" el="45" ec="5" bec="0" bev="0" fileid="27" />
                <SequencePoint vc="3" uspid="3899" ordinal="0" offset="32" sl="46" sc="9" el="46" ec="9" bec="0" bev="0" fileid="27" />
                <SequencePoint vc="3" uspid="3900" ordinal="0" offset="53" sl="46" sc="25" el="46" ec="25" bec="0" bev="0" fileid="27" />
                <SequencePoint vc="0" uspid="3901" ordinal="0" offset="55" sl="47" sc="9" el="47" ec="9" bec="0" bev="0" fileid="27" />
                <SequencePoint vc="0" uspid="3902" ordinal="0" offset="83" sl="48" sc="9" el="48" ec="9" bec="0" bev="0" fileid="27" />
                <SequencePoint vc="0" uspid="3903" ordinal="0" offset="115" sl="49" sc="9" el="49" ec="9" bec="0" bev="0" fileid="27" />
                <SequencePoint vc="0" uspid="3904" ordinal="0" offset="143" sl="50" sc="5" el="50" ec="5" bec="0" bev="0" fileid="27" />
              </SequencePoints>
              <BranchPoints />
            </Method>
          </Methods>
        </Class>
        <Class>
          <Summary numSequencePoints="27" visitedSequencePoints="2" numBranchPoints="0" visitedBranchPoints="0" sequenceCoverage="7.41" branchCoverage="0.0" maxCyclomaticComplexity="0" minCyclomaticComplexity="0" maxCrapScore="0" minCrapScore="0" visitedClasses="1" numClasses="1" visitedMethods="1" numMethods="1" />
          <FullName>EnemyManager/&lt;SpawnAllEnemies&gt;d__7</FullName>
          <Methods>
            <Method visited="true" cyclomaticComplexity="0" nPathComplexity="0" sequenceCoverage="7.41" branchCoverage="0" crapScore="0" isConstructor="false" isStatic="false" isGetter="false" isSetter="false">
              <Summary numSequencePoints="27" visitedSequencePoints="2" numBranchPoints="0" visitedBranchPoints="0" sequenceCoverage="7.41" branchCoverage="0" maxCyclomaticComplexity="0" minCyclomaticComplexity="0" maxCrapScore="0" minCrapScore="0" visitedClasses="0" numClasses="0" visitedMethods="1" numMethods="1" />
              <MetadataToken>100663719</MetadataToken>
              <Name>System.Boolean EnemyManager/&lt;SpawnAllEnemies&gt;d__7::MoveNext()</Name>
              <FileRef uid="47" />
              <SequencePoints>
                <SequencePoint vc="4" uspid="3916" ordinal="0" offset="31" sl="28" sc="5" el="28" ec="5" bec="0" bev="0" fileid="47" />
                <SequencePoint vc="4" uspid="3917" ordinal="0" offset="32" sl="29" sc="9" el="29" ec="9" bec="0" bev="0" fileid="47" />
                <SequencePoint vc="0" uspid="3918" ordinal="0" offset="70" sl="31" sc="9" el="31" ec="9" bec="0" bev="0" fileid="47" />
                <SequencePoint vc="0" uspid="3919" ordinal="0" offset="144" sl="32" sc="9" el="32" ec="9" bec="0" bev="0" fileid="47" />
                <SequencePoint vc="0" uspid="3920" ordinal="0" offset="145" sl="33" sc="13" el="33" ec="13" bec="0" bev="0" fileid="47" />
                <SequencePoint vc="0" uspid="3921" ordinal="0" offset="198" sl="35" sc="13" el="35" ec="13" bec="0" bev="0" fileid="47" />
                <SequencePoint vc="0" uspid="3922" ordinal="0" offset="215" sl="36" sc="13" el="36" ec="13" bec="0" bev="0" fileid="47" />
                <SequencePoint vc="0" uspid="3923" ordinal="0" offset="231" sl="37" sc="13" el="37" ec="13" bec="0" bev="0" fileid="47" />
                <SequencePoint vc="0" uspid="3924" ordinal="0" offset="232" sl="38" sc="17" el="38" ec="17" bec="0" bev="0" fileid="47" />
                <SequencePoint vc="0" uspid="3925" ordinal="0" offset="244" sl="39" sc="17" el="39" ec="17" bec="0" bev="0" fileid="47" />
                <SequencePoint vc="0" uspid="3926" ordinal="0" offset="273" sl="40" sc="13" el="40" ec="13" bec="0" bev="0" fileid="47" />
                <SequencePoint vc="0" uspid="3927" ordinal="0" offset="274" sl="41" sc="9" el="41" ec="9" bec="0" bev="0" fileid="47" />
                <SequencePoint vc="0" uspid="3928" ordinal="0" offset="289" sl="43" sc="9" el="43" ec="9" bec="0" bev="0" fileid="47" />
                <SequencePoint vc="0" uspid="3929" ordinal="0" offset="290" sl="43" sc="42" el="43" ec="42" bec="0" bev="0" fileid="47" />
                <SequencePoint vc="0" uspid="3930" ordinal="0" offset="324" sl="43" sc="18" el="43" ec="18" bec="0" bev="0" fileid="47" />
                <SequencePoint vc="0" uspid="3931" ordinal="0" offset="343" sl="44" sc="9" el="44" ec="9" bec="0" bev="0" fileid="47" />
                <SequencePoint vc="0" uspid="3932" ordinal="0" offset="344" sl="45" sc="13" el="45" ec="13" bec="0" bev="0" fileid="47" />
                <SequencePoint vc="0" uspid="3933" ordinal="0" offset="381" sl="46" sc="13" el="46" ec="13" bec="0" bev="0" fileid="47" />
                <SequencePoint vc="0" uspid="3934" ordinal="0" offset="425" sl="48" sc="13" el="48" ec="13" bec="0" bev="0" fileid="47" />
                <SequencePoint vc="0" uspid="3935" ordinal="0" offset="446" sl="49" sc="13" el="49" ec="13" bec="0" bev="0" fileid="47" />
                <SequencePoint vc="0" uspid="3936" ordinal="0" offset="447" sl="50" sc="17" el="50" ec="17" bec="0" bev="0" fileid="47" />
                <SequencePoint vc="0" uspid="3937" ordinal="0" offset="470" sl="51" sc="17" el="51" ec="17" bec="0" bev="0" fileid="47" />
                <SequencePoint vc="0" uspid="3938" ordinal="0" offset="499" sl="52" sc="13" el="52" ec="13" bec="0" bev="0" fileid="47" />
                <SequencePoint vc="0" uspid="3939" ordinal="0" offset="500" sl="53" sc="9" el="53" ec="9" bec="0" bev="0" fileid="47" />
                <SequencePoint vc="0" uspid="3940" ordinal="0" offset="543" sl="43" sc="39" el="43" ec="39" bec="0" bev="0" fileid="47" />
                <SequencePoint vc="0" uspid="3941" ordinal="0" offset="569" sl="55" sc="9" el="55" ec="9" bec="0" bev="0" fileid="47" />
                <SequencePoint vc="0" uspid="3942" ordinal="0" offset="581" sl="56" sc="5" el="56" ec="5" bec="0" bev="0" fileid="47" />
              </SequencePoints>
              <BranchPoints />
            </Method>
          </Methods>
        </Class>
      </Classes>
    </Module>
  </Modules>
</CoverageSession>